#
# There is insufficient memory for the Java Runtime Environment to continue.
# Native memory allocation (mmap) failed to map 162529280 bytes. Error detail: G1 virtual space
# Possible reasons:
#   The system is out of physical RAM or swap space
#   This process is running with CompressedOops enabled, and the Java Heap may be blocking the growth of the native heap
# Possible solutions:
#   Reduce memory load on the system
#   Increase physical memory or swap space
#   Check if swap backing store is full
#   Decrease Java heap size (-Xmx/-Xms)
#   Decrease number of Java threads
#   Decrease Java thread stack sizes (-Xss)
#   Set larger code cache with -XX:ReservedCodeCacheSize=
#   JVM is running with Unscaled Compressed Oops mode in which the Java heap is
#     placed in the first 4GB address space. The Java Heap base address is the
#     maximum limit for the native heap growth. Please use -XX:HeapBaseMinAddress
#     to set the Java Heap base and to place the Java Heap above 4GB virtual address.
# This output file may be truncated or incomplete.
#
#  Out of Memory Error (os_windows.cpp:3828), pid=8960, tid=10384
#
# JRE version: OpenJDK Runtime Environment (21.0.5) (build 21.0.5+-13047016-b750.29)
# Java VM: OpenJDK 64-Bit Server VM (21.0.5+-13047016-b750.29, mixed mode, tiered, compressed oops, compressed class ptrs, g1 gc, windows-amd64)
# No core dump will be written. Minidumps are not enabled by default on client versions of Windows
#

---------------  S U M M A R Y ------------

Command Line: org.jetbrains.kotlin.cli.jvm.K2JVMCompiler @C:\Users\MSI MODERN\AndroidStudioProjects\SetoranHafalanDosen\app\build\20250611_13422578227964344307.compiler.options

Host: 11th Gen Intel(R) Core(TM) i5-11400H @ 2.70GHz, 12 cores, 7G,  Windows 11 , 64 bit Build 22621 (10.0.22621.5124)
Time: Wed Jun 11 16:03:00 2025 SE Asia Standard Time elapsed time: 5.447613 seconds (0d 0h 0m 5s)

---------------  T H R E A D  ---------------

Current thread (0x0000027ad5b5ea40):  VMThread "VM Thread"          [id=10384, stack(0x000000e578500000,0x000000e578600000) (1024K)]

Stack: [0x000000e578500000,0x000000e578600000]
Native frames: (J=compiled Java code, j=interpreted, Vv=VM code, C=native code)
V  [jvm.dll+0x6cfb29]
V  [jvm.dll+0x85df93]
V  [jvm.dll+0x8604ee]
V  [jvm.dll+0x860bd3]
V  [jvm.dll+0x27e6b6]
V  [jvm.dll+0x6cc385]
V  [jvm.dll+0x6c078a]
V  [jvm.dll+0x35525b]
V  [jvm.dll+0x35ceb6]
V  [jvm.dll+0x3aedd6]
V  [jvm.dll+0x3af0a8]
V  [jvm.dll+0x32792c]
V  [jvm.dll+0x3279b7]
V  [jvm.dll+0x36d80c]
V  [jvm.dll+0x36bfbe]
V  [jvm.dll+0x327081]
V  [jvm.dll+0x36b6d0]
V  [jvm.dll+0x866958]
V  [jvm.dll+0x867cd4]
V  [jvm.dll+0x868210]
V  [jvm.dll+0x8684a3]
V  [jvm.dll+0x806368]
V  [jvm.dll+0x6ce3fd]
C  [ucrtbase.dll+0x29333]
C  [KERNEL32.DLL+0x1259d]
C  [ntdll.dll+0x5af38]

VM_Operation (0x000000e577ef81d0): G1CollectForAllocation, mode: safepoint, requested by thread 0x0000027abc0be060


---------------  P R O C E S S  ---------------

Threads class SMR info:
_java_thread_list=0x0000027ada93d3a0, length=13, elements={
0x0000027abc0be060, 0x0000027ada095910, 0x0000027ada096710, 0x0000027ada0ba250,
0x0000027ada0b48a0, 0x0000027ada0b6a40, 0x0000027ada0bbf00, 0x0000027ada0bcea0,
0x0000027ada0c7330, 0x0000027ada25de30, 0x0000027ada26c370, 0x0000027ada2de990,
0x0000027adad4d720
}

Java Threads: ( => current thread )
  0x0000027abc0be060 JavaThread "main"                              [_thread_blocked, id=12996, stack(0x000000e577e00000,0x000000e577f00000) (1024K)]
  0x0000027ada095910 JavaThread "Reference Handler"          daemon [_thread_blocked, id=10360, stack(0x000000e578600000,0x000000e578700000) (1024K)]
  0x0000027ada096710 JavaThread "Finalizer"                  daemon [_thread_blocked, id=11724, stack(0x000000e578700000,0x000000e578800000) (1024K)]
  0x0000027ada0ba250 JavaThread "Signal Dispatcher"          daemon [_thread_blocked, id=26284, stack(0x000000e578800000,0x000000e578900000) (1024K)]
  0x0000027ada0b48a0 JavaThread "Attach Listener"            daemon [_thread_blocked, id=17260, stack(0x000000e578900000,0x000000e578a00000) (1024K)]
  0x0000027ada0b6a40 JavaThread "Service Thread"             daemon [_thread_blocked, id=6068, stack(0x000000e578a00000,0x000000e578b00000) (1024K)]
  0x0000027ada0bbf00 JavaThread "Monitor Deflation Thread"   daemon [_thread_blocked, id=13924, stack(0x000000e578b00000,0x000000e578c00000) (1024K)]
  0x0000027ada0bcea0 JavaThread "C2 CompilerThread0"         daemon [_thread_blocked, id=18044, stack(0x000000e578c00000,0x000000e578d00000) (1024K)]
  0x0000027ada0c7330 JavaThread "C1 CompilerThread0"         daemon [_thread_blocked, id=21128, stack(0x000000e578d00000,0x000000e578e00000) (1024K)]
  0x0000027ada25de30 JavaThread "Notification Thread"        daemon [_thread_blocked, id=26756, stack(0x000000e578e00000,0x000000e578f00000) (1024K)]
  0x0000027ada26c370 JavaThread "Common-Cleaner"             daemon [_thread_blocked, id=23460, stack(0x000000e578f00000,0x000000e579000000) (1024K)]
  0x0000027ada2de990 JavaThread "C2 CompilerThread1"         daemon [_thread_blocked, id=21620, stack(0x000000e579000000,0x000000e579100000) (1024K)]
  0x0000027adad4d720 JavaThread "C2 CompilerThread2"         daemon [_thread_blocked, id=13652, stack(0x000000e579b00000,0x000000e579c00000) (1024K)]
Total: 13

Other Threads:
=>0x0000027ad5b5ea40 VMThread "VM Thread"                           [id=10384, stack(0x000000e578500000,0x000000e578600000) (1024K)]
  0x0000027ad5b0a6d0 WatcherThread "VM Periodic Task Thread"        [id=15028, stack(0x000000e578400000,0x000000e578500000) (1024K)]
  0x0000027abe3dea10 WorkerThread "GC Thread#0"                     [id=23256, stack(0x000000e577f00000,0x000000e578000000) (1024K)]
  0x0000027ada795610 WorkerThread "GC Thread#1"                     [id=1980, stack(0x000000e579100000,0x000000e579200000) (1024K)]
  0x0000027ada9e1d20 WorkerThread "GC Thread#2"                     [id=16148, stack(0x000000e579200000,0x000000e579300000) (1024K)]
  0x0000027ada973520 WorkerThread "GC Thread#3"                     [id=9068, stack(0x000000e579300000,0x000000e579400000) (1024K)]
  0x0000027ada9738c0 WorkerThread "GC Thread#4"                     [id=14604, stack(0x000000e579400000,0x000000e579500000) (1024K)]
  0x0000027ada974470 WorkerThread "GC Thread#5"                     [id=11324, stack(0x000000e579500000,0x000000e579600000) (1024K)]
  0x0000027adad4ef30 WorkerThread "GC Thread#6"                     [id=23176, stack(0x000000e579600000,0x000000e579700000) (1024K)]
  0x0000027adad4e0b0 WorkerThread "GC Thread#7"                     [id=14848, stack(0x000000e579700000,0x000000e579800000) (1024K)]
  0x0000027adad4f2d0 WorkerThread "GC Thread#8"                     [id=11596, stack(0x000000e579800000,0x000000e579900000) (1024K)]
  0x0000027adb78f930 WorkerThread "GC Thread#9"                     [id=24804, stack(0x000000e579c00000,0x000000e579d00000) (1024K)]
  0x0000027abe3ef0b0 ConcurrentGCThread "G1 Main Marker"            [id=27048, stack(0x000000e578000000,0x000000e578100000) (1024K)]
  0x0000027abe3efd20 WorkerThread "G1 Conc#0"                       [id=18488, stack(0x000000e578100000,0x000000e578200000) (1024K)]
  0x0000027adad4f670 WorkerThread "G1 Conc#1"                       [id=26596, stack(0x000000e579900000,0x000000e579a00000) (1024K)]
  0x0000027adad4fa10 WorkerThread "G1 Conc#2"                       [id=18220, stack(0x000000e579a00000,0x000000e579b00000) (1024K)]
  0x0000027abe44e970 ConcurrentGCThread "G1 Refine#0"               [id=19212, stack(0x000000e578200000,0x000000e578300000) (1024K)]
  0x0000027ad59de540 ConcurrentGCThread "G1 Service"                [id=11304, stack(0x000000e578300000,0x000000e578400000) (1024K)]
Total: 18

Threads with active compile tasks:
C2 CompilerThread0  5457 7495       4       org.jetbrains.kotlin.fir.java.deserialization.JvmBinaryAnnotationDeserializer::loadTypeAnnotations (147 bytes)
C2 CompilerThread1  5457 7494       4       org.jetbrains.kotlin.fir.java.deserialization.JvmBinaryAnnotationDeserializerKt$loadMemberAnnotations$1$AnnotationVisitorForMethod::visitParameterAnnotation (93 bytes)
C2 CompilerThread2  5457 7493       4       org.jetbrains.kotlin.load.kotlin.FileBasedKotlinClass$4$2::visitParameterAnnotation (87 bytes)
Total: 3

VM state: at safepoint (normal execution)

VM Mutex/Monitor currently owned by a thread:  ([mutex/lock_event])
[0x00007ff9d17bd360] Threads_lock - owner thread: 0x0000027ad5b5ea40
[0x00007ff9d17bd460] Heap_lock - owner thread: 0x0000027abc0be060

Heap address: 0x0000000084a00000, size: 1974 MB, Compressed Oops mode: 32-bit

CDS archive(s) not mapped
Compressed class space mapped at: 0x0000000100000000-0x0000000140000000, reserved size: 1073741824
Narrow klass base: 0x0000000000000000, Narrow klass shift: 3, Narrow klass range: 0x140000000

GC Precious Log:
 CardTable entry size: 512
 Card Set container configuration: InlinePtr #cards 5 size 8 Array Of Cards #cards 12 size 40 Howl #buckets 4 coarsen threshold 1843 Howl Bitmap #cards 512 size 80 coarsen threshold 460 Card regions per heap region 1 cards per card region 2048
 CPUs: 12 total, 12 available
 Memory: 7893M
 Large Page Support: Disabled
 NUMA Support: Disabled
 Compressed Oops: Enabled (32-bit)
 Heap Region Size: 1M
 Heap Min Capacity: 8M
 Heap Initial Capacity: 124M
 Heap Max Capacity: 1974M
 Pre-touch: Disabled
 Parallel Workers: 10
 Concurrent Workers: 3
 Concurrent Refinement Workers: 10
 Periodic GC: Disabled

Heap:
 garbage-first heap   total 153600K, used 104226K [0x0000000084a00000, 0x0000000100000000)
  region size 1024K, 5 young (5120K), 5 survivors (5120K)
 Metaspace       used 59634K, committed 60032K, reserved 1114112K
  class space    used 6672K, committed 6848K, reserved 1048576K

Heap Regions: E=young(eden), S=young(survivor), O=old, HS=humongous(starts), HC=humongous(continues), CS=collection set, F=free, TAMS=top-at-mark-start, PB=parsable bottom
|   0|0x0000000084a00000, 0x0000000084b00000, 0x0000000084b00000|100%|HS|  |TAMS 0x0000000084a00000| PB 0x0000000084a00000| Complete 
|   1|0x0000000084b00000, 0x0000000084c00000, 0x0000000084c00000|100%|HC|  |TAMS 0x0000000084b00000| PB 0x0000000084b00000| Complete 
|   2|0x0000000084c00000, 0x0000000084d00000, 0x0000000084d00000|100%|HC|  |TAMS 0x0000000084c00000| PB 0x0000000084c00000| Complete 
|   3|0x0000000084d00000, 0x0000000084e00000, 0x0000000084e00000|100%| O|  |TAMS 0x0000000084d00000| PB 0x0000000084d00000| Untracked 
|   4|0x0000000084e00000, 0x0000000084f00000, 0x0000000084f00000|100%| O|  |TAMS 0x0000000084e00000| PB 0x0000000084e00000| Untracked 
|   5|0x0000000084f00000, 0x0000000085000000, 0x0000000085000000|100%| O|  |TAMS 0x0000000084f00000| PB 0x0000000084f00000| Untracked 
|   6|0x0000000085000000, 0x0000000085100000, 0x0000000085100000|100%| O|  |TAMS 0x0000000085000000| PB 0x0000000085000000| Untracked 
|   7|0x0000000085100000, 0x0000000085200000, 0x0000000085200000|100%| O|  |TAMS 0x0000000085100000| PB 0x0000000085100000| Untracked 
|   8|0x0000000085200000, 0x0000000085300000, 0x0000000085300000|100%| O|  |TAMS 0x0000000085200000| PB 0x0000000085200000| Untracked 
|   9|0x0000000085300000, 0x0000000085400000, 0x0000000085400000|100%| O|  |TAMS 0x0000000085300000| PB 0x0000000085300000| Untracked 
|  10|0x0000000085400000, 0x0000000085500000, 0x0000000085500000|100%| O|  |TAMS 0x0000000085400000| PB 0x0000000085400000| Untracked 
|  11|0x0000000085500000, 0x0000000085600000, 0x0000000085600000|100%| O|  |TAMS 0x0000000085500000| PB 0x0000000085500000| Untracked 
|  12|0x0000000085600000, 0x0000000085700000, 0x0000000085700000|100%| O|  |TAMS 0x0000000085600000| PB 0x0000000085600000| Untracked 
|  13|0x0000000085700000, 0x0000000085800000, 0x0000000085800000|100%| O|  |TAMS 0x0000000085700000| PB 0x0000000085700000| Untracked 
|  14|0x0000000085800000, 0x0000000085900000, 0x0000000085900000|100%| O|  |TAMS 0x0000000085800000| PB 0x0000000085800000| Untracked 
|  15|0x0000000085900000, 0x0000000085a00000, 0x0000000085a00000|100%| O|  |TAMS 0x0000000085900000| PB 0x0000000085900000| Untracked 
|  16|0x0000000085a00000, 0x0000000085b00000, 0x0000000085b00000|100%| O|  |TAMS 0x0000000085a00000| PB 0x0000000085a00000| Untracked 
|  17|0x0000000085b00000, 0x0000000085c00000, 0x0000000085c00000|100%| O|  |TAMS 0x0000000085b00000| PB 0x0000000085b00000| Untracked 
|  18|0x0000000085c00000, 0x0000000085d00000, 0x0000000085d00000|100%| O|  |TAMS 0x0000000085c00000| PB 0x0000000085c00000| Untracked 
|  19|0x0000000085d00000, 0x0000000085e00000, 0x0000000085e00000|100%| O|  |TAMS 0x0000000085d00000| PB 0x0000000085d00000| Untracked 
|  20|0x0000000085e00000, 0x0000000085f00000, 0x0000000085f00000|100%| O|  |TAMS 0x0000000085e00000| PB 0x0000000085e00000| Untracked 
|  21|0x0000000085f00000, 0x0000000086000000, 0x0000000086000000|100%| O|  |TAMS 0x0000000085f00000| PB 0x0000000085f00000| Untracked 
|  22|0x0000000086000000, 0x0000000086100000, 0x0000000086100000|100%| O|  |TAMS 0x0000000086000000| PB 0x0000000086000000| Untracked 
|  23|0x0000000086100000, 0x0000000086200000, 0x0000000086200000|100%| O|  |TAMS 0x0000000086100000| PB 0x0000000086100000| Untracked 
|  24|0x0000000086200000, 0x0000000086300000, 0x0000000086300000|100%| O|  |TAMS 0x0000000086200000| PB 0x0000000086200000| Untracked 
|  25|0x0000000086300000, 0x0000000086400000, 0x0000000086400000|100%| O|  |TAMS 0x0000000086300000| PB 0x0000000086300000| Untracked 
|  26|0x0000000086400000, 0x0000000086500000, 0x0000000086500000|100%| O|  |TAMS 0x0000000086400000| PB 0x0000000086400000| Untracked 
|  27|0x0000000086500000, 0x0000000086600000, 0x0000000086600000|100%| O|  |TAMS 0x0000000086500000| PB 0x0000000086500000| Untracked 
|  28|0x0000000086600000, 0x0000000086700000, 0x0000000086700000|100%| O|  |TAMS 0x0000000086600000| PB 0x0000000086600000| Untracked 
|  29|0x0000000086700000, 0x0000000086800000, 0x0000000086800000|100%| O|  |TAMS 0x0000000086700000| PB 0x0000000086700000| Untracked 
|  30|0x0000000086800000, 0x0000000086900000, 0x0000000086900000|100%| O|  |TAMS 0x0000000086800000| PB 0x0000000086800000| Untracked 
|  31|0x0000000086900000, 0x0000000086a00000, 0x0000000086a00000|100%| O|  |TAMS 0x0000000086900000| PB 0x0000000086900000| Untracked 
|  32|0x0000000086a00000, 0x0000000086b00000, 0x0000000086b00000|100%| O|  |TAMS 0x0000000086a00000| PB 0x0000000086a00000| Untracked 
|  33|0x0000000086b00000, 0x0000000086c00000, 0x0000000086c00000|100%| O|  |TAMS 0x0000000086b00000| PB 0x0000000086b00000| Untracked 
|  34|0x0000000086c00000, 0x0000000086d00000, 0x0000000086d00000|100%| O|  |TAMS 0x0000000086c00000| PB 0x0000000086c00000| Untracked 
|  35|0x0000000086d00000, 0x0000000086e00000, 0x0000000086e00000|100%| O|  |TAMS 0x0000000086d00000| PB 0x0000000086d00000| Untracked 
|  36|0x0000000086e00000, 0x0000000086f00000, 0x0000000086f00000|100%| O|  |TAMS 0x0000000086e00000| PB 0x0000000086e00000| Untracked 
|  37|0x0000000086f00000, 0x0000000087000000, 0x0000000087000000|100%| O|  |TAMS 0x0000000086f00000| PB 0x0000000086f00000| Untracked 
|  38|0x0000000087000000, 0x0000000087100000, 0x0000000087100000|100%| O|  |TAMS 0x0000000087000000| PB 0x0000000087000000| Untracked 
|  39|0x0000000087100000, 0x0000000087200000, 0x0000000087200000|100%| O|  |TAMS 0x0000000087100000| PB 0x0000000087100000| Untracked 
|  40|0x0000000087200000, 0x0000000087300000, 0x0000000087300000|100%| O|  |TAMS 0x0000000087200000| PB 0x0000000087200000| Untracked 
|  41|0x0000000087300000, 0x0000000087400000, 0x0000000087400000|100%| O|  |TAMS 0x0000000087300000| PB 0x0000000087300000| Untracked 
|  42|0x0000000087400000, 0x0000000087500000, 0x0000000087500000|100%| O|  |TAMS 0x0000000087400000| PB 0x0000000087400000| Untracked 
|  43|0x0000000087500000, 0x0000000087600000, 0x0000000087600000|100%| O|  |TAMS 0x0000000087500000| PB 0x0000000087500000| Untracked 
|  44|0x0000000087600000, 0x0000000087700000, 0x0000000087700000|100%| O|  |TAMS 0x0000000087600000| PB 0x0000000087600000| Untracked 
|  45|0x0000000087700000, 0x0000000087800000, 0x0000000087800000|100%| O|  |TAMS 0x0000000087700000| PB 0x0000000087700000| Untracked 
|  46|0x0000000087800000, 0x0000000087900000, 0x0000000087900000|100%| O|  |TAMS 0x0000000087800000| PB 0x0000000087800000| Untracked 
|  47|0x0000000087900000, 0x0000000087a00000, 0x0000000087a00000|100%| O|  |TAMS 0x0000000087900000| PB 0x0000000087900000| Untracked 
|  48|0x0000000087a00000, 0x0000000087b00000, 0x0000000087b00000|100%| O|  |TAMS 0x0000000087a00000| PB 0x0000000087a00000| Untracked 
|  49|0x0000000087b00000, 0x0000000087c00000, 0x0000000087c00000|100%| O|  |TAMS 0x0000000087b00000| PB 0x0000000087b00000| Untracked 
|  50|0x0000000087c00000, 0x0000000087d00000, 0x0000000087d00000|100%| O|  |TAMS 0x0000000087c00000| PB 0x0000000087c00000| Untracked 
|  51|0x0000000087d00000, 0x0000000087e00000, 0x0000000087e00000|100%| O|  |TAMS 0x0000000087d00000| PB 0x0000000087d00000| Untracked 
|  52|0x0000000087e00000, 0x0000000087f00000, 0x0000000087f00000|100%| O|  |TAMS 0x0000000087e00000| PB 0x0000000087e00000| Untracked 
|  53|0x0000000087f00000, 0x0000000088000000, 0x0000000088000000|100%| O|  |TAMS 0x0000000087f00000| PB 0x0000000087f00000| Untracked 
|  54|0x0000000088000000, 0x0000000088100000, 0x0000000088100000|100%| O|  |TAMS 0x0000000088000000| PB 0x0000000088000000| Untracked 
|  55|0x0000000088100000, 0x0000000088200000, 0x0000000088200000|100%| O|  |TAMS 0x0000000088100000| PB 0x0000000088100000| Untracked 
|  56|0x0000000088200000, 0x0000000088300000, 0x0000000088300000|100%| O|  |TAMS 0x0000000088200000| PB 0x0000000088200000| Untracked 
|  57|0x0000000088300000, 0x0000000088300000, 0x0000000088400000|  0%| F|  |TAMS 0x0000000088300000| PB 0x0000000088300000| Untracked 
|  58|0x0000000088400000, 0x0000000088500000, 0x0000000088500000|100%| O|  |TAMS 0x0000000088400000| PB 0x0000000088400000| Untracked 
|  59|0x0000000088500000, 0x0000000088600000, 0x0000000088600000|100%| O|  |TAMS 0x0000000088500000| PB 0x0000000088500000| Untracked 
|  60|0x0000000088600000, 0x0000000088700000, 0x0000000088700000|100%| O|  |TAMS 0x0000000088600000| PB 0x0000000088600000| Untracked 
|  61|0x0000000088700000, 0x0000000088800000, 0x0000000088800000|100%| O|  |TAMS 0x0000000088700000| PB 0x0000000088700000| Untracked 
|  62|0x0000000088800000, 0x0000000088900000, 0x0000000088900000|100%| O|  |TAMS 0x0000000088800000| PB 0x0000000088800000| Untracked 
|  63|0x0000000088900000, 0x0000000088a00000, 0x0000000088a00000|100%| O|  |TAMS 0x0000000088900000| PB 0x0000000088900000| Untracked 
|  64|0x0000000088a00000, 0x0000000088b00000, 0x0000000088b00000|100%| O|  |TAMS 0x0000000088a00000| PB 0x0000000088a00000| Untracked 
|  65|0x0000000088b00000, 0x0000000088c00000, 0x0000000088c00000|100%| O|  |TAMS 0x0000000088b00000| PB 0x0000000088b00000| Untracked 
|  66|0x0000000088c00000, 0x0000000088c00000, 0x0000000088d00000|  0%| F|  |TAMS 0x0000000088c00000| PB 0x0000000088c00000| Untracked 
|  67|0x0000000088d00000, 0x0000000088e00000, 0x0000000088e00000|100%| O|  |TAMS 0x0000000088d00000| PB 0x0000000088d00000| Untracked 
|  68|0x0000000088e00000, 0x0000000088f00000, 0x0000000088f00000|100%| O|  |TAMS 0x0000000088e00000| PB 0x0000000088e00000| Untracked 
|  69|0x0000000088f00000, 0x0000000089000000, 0x0000000089000000|100%| O|  |TAMS 0x0000000088f00000| PB 0x0000000088f00000| Untracked 
|  70|0x0000000089000000, 0x0000000089100000, 0x0000000089100000|100%| O|  |TAMS 0x0000000089000000| PB 0x0000000089000000| Untracked 
|  71|0x0000000089100000, 0x0000000089200000, 0x0000000089200000|100%| O|  |TAMS 0x0000000089100000| PB 0x0000000089100000| Untracked 
|  72|0x0000000089200000, 0x0000000089300000, 0x0000000089300000|100%| O|  |TAMS 0x0000000089200000| PB 0x0000000089200000| Untracked 
|  73|0x0000000089300000, 0x0000000089400000, 0x0000000089400000|100%| O|  |TAMS 0x0000000089300000| PB 0x0000000089300000| Untracked 
|  74|0x0000000089400000, 0x0000000089500000, 0x0000000089500000|100%| O|  |TAMS 0x0000000089400000| PB 0x0000000089400000| Untracked 
|  75|0x0000000089500000, 0x0000000089600000, 0x0000000089600000|100%| O|  |TAMS 0x0000000089500000| PB 0x0000000089500000| Untracked 
|  76|0x0000000089600000, 0x0000000089700000, 0x0000000089700000|100%| O|  |TAMS 0x0000000089600000| PB 0x0000000089600000| Untracked 
|  77|0x0000000089700000, 0x0000000089800000, 0x0000000089800000|100%| O|  |TAMS 0x0000000089700000| PB 0x0000000089700000| Untracked 
|  78|0x0000000089800000, 0x0000000089900000, 0x0000000089900000|100%| O|  |TAMS 0x0000000089800000| PB 0x0000000089800000| Untracked 
|  79|0x0000000089900000, 0x0000000089a00000, 0x0000000089a00000|100%| O|  |TAMS 0x0000000089900000| PB 0x0000000089900000| Untracked 
|  80|0x0000000089a00000, 0x0000000089b00000, 0x0000000089b00000|100%| O|  |TAMS 0x0000000089a00000| PB 0x0000000089a00000| Untracked 
|  81|0x0000000089b00000, 0x0000000089c00000, 0x0000000089c00000|100%| O|  |TAMS 0x0000000089b00000| PB 0x0000000089b00000| Untracked 
|  82|0x0000000089c00000, 0x0000000089d00000, 0x0000000089d00000|100%| O|  |TAMS 0x0000000089c00000| PB 0x0000000089c00000| Untracked 
|  83|0x0000000089d00000, 0x0000000089e00000, 0x0000000089e00000|100%| O|  |TAMS 0x0000000089d00000| PB 0x0000000089d00000| Untracked 
|  84|0x0000000089e00000, 0x0000000089f00000, 0x0000000089f00000|100%| O|  |TAMS 0x0000000089e00000| PB 0x0000000089e00000| Untracked 
|  85|0x0000000089f00000, 0x000000008a000000, 0x000000008a000000|100%| O|  |TAMS 0x0000000089f00000| PB 0x0000000089f00000| Untracked 
|  86|0x000000008a000000, 0x000000008a100000, 0x000000008a100000|100%| O|  |TAMS 0x000000008a000000| PB 0x000000008a000000| Untracked 
|  87|0x000000008a100000, 0x000000008a200000, 0x000000008a200000|100%| O|  |TAMS 0x000000008a100000| PB 0x000000008a100000| Untracked 
|  88|0x000000008a200000, 0x000000008a300000, 0x000000008a300000|100%| O|  |TAMS 0x000000008a200000| PB 0x000000008a200000| Untracked 
|  89|0x000000008a300000, 0x000000008a400000, 0x000000008a400000|100%| O|  |TAMS 0x000000008a300000| PB 0x000000008a300000| Untracked 
|  90|0x000000008a400000, 0x000000008a500000, 0x000000008a500000|100%| O|  |TAMS 0x000000008a400000| PB 0x000000008a400000| Untracked 
|  91|0x000000008a500000, 0x000000008a600000, 0x000000008a600000|100%| O|  |TAMS 0x000000008a500000| PB 0x000000008a500000| Untracked 
|  92|0x000000008a600000, 0x000000008a700000, 0x000000008a700000|100%| O|  |TAMS 0x000000008a600000| PB 0x000000008a600000| Untracked 
|  93|0x000000008a700000, 0x000000008a800000, 0x000000008a800000|100%| O|  |TAMS 0x000000008a700000| PB 0x000000008a700000| Untracked 
|  94|0x000000008a800000, 0x000000008a8c8b00, 0x000000008a900000| 78%| O|  |TAMS 0x000000008a800000| PB 0x000000008a800000| Untracked 
|  95|0x000000008a900000, 0x000000008a900000, 0x000000008aa00000|  0%| F|  |TAMS 0x000000008a900000| PB 0x000000008a900000| Untracked 
|  96|0x000000008aa00000, 0x000000008aa00000, 0x000000008ab00000|  0%| F|  |TAMS 0x000000008aa00000| PB 0x000000008aa00000| Untracked 
|  97|0x000000008ab00000, 0x000000008ab00000, 0x000000008ac00000|  0%| F|  |TAMS 0x000000008ab00000| PB 0x000000008ab00000| Untracked 
|  98|0x000000008ac00000, 0x000000008ac00000, 0x000000008ad00000|  0%| F|  |TAMS 0x000000008ac00000| PB 0x000000008ac00000| Untracked 
|  99|0x000000008ad00000, 0x000000008ad00000, 0x000000008ae00000|  0%| F|  |TAMS 0x000000008ad00000| PB 0x000000008ad00000| Untracked 
| 100|0x000000008ae00000, 0x000000008ae00000, 0x000000008af00000|  0%| F|  |TAMS 0x000000008ae00000| PB 0x000000008ae00000| Untracked 
| 101|0x000000008af00000, 0x000000008af00000, 0x000000008b000000|  0%| F|  |TAMS 0x000000008af00000| PB 0x000000008af00000| Untracked 
| 102|0x000000008b000000, 0x000000008b000000, 0x000000008b100000|  0%| F|  |TAMS 0x000000008b000000| PB 0x000000008b000000| Untracked 
| 103|0x000000008b100000, 0x000000008b200000, 0x000000008b200000|100%| S|CS|TAMS 0x000000008b100000| PB 0x000000008b100000| Complete 
| 104|0x000000008b200000, 0x000000008b300000, 0x000000008b300000|100%| S|CS|TAMS 0x000000008b200000| PB 0x000000008b200000| Complete 
| 105|0x000000008b300000, 0x000000008b400000, 0x000000008b400000|100%| S|CS|TAMS 0x000000008b300000| PB 0x000000008b300000| Complete 
| 106|0x000000008b400000, 0x000000008b500000, 0x000000008b500000|100%| S|CS|TAMS 0x000000008b400000| PB 0x000000008b400000| Complete 
| 107|0x000000008b500000, 0x000000008b600000, 0x000000008b600000|100%| S|CS|TAMS 0x000000008b500000| PB 0x000000008b500000| Complete 
| 108|0x000000008b600000, 0x000000008b600000, 0x000000008b700000|  0%| F|  |TAMS 0x000000008b600000| PB 0x000000008b600000| Untracked 
| 109|0x000000008b700000, 0x000000008b700000, 0x000000008b800000|  0%| F|  |TAMS 0x000000008b700000| PB 0x000000008b700000| Untracked 
| 110|0x000000008b800000, 0x000000008b800000, 0x000000008b900000|  0%| F|  |TAMS 0x000000008b800000| PB 0x000000008b800000| Untracked 
| 111|0x000000008b900000, 0x000000008b900000, 0x000000008ba00000|  0%| F|  |TAMS 0x000000008b900000| PB 0x000000008b900000| Untracked 
| 112|0x000000008ba00000, 0x000000008ba00000, 0x000000008bb00000|  0%| F|  |TAMS 0x000000008ba00000| PB 0x000000008ba00000| Untracked 
| 113|0x000000008bb00000, 0x000000008bb00000, 0x000000008bc00000|  0%| F|  |TAMS 0x000000008bb00000| PB 0x000000008bb00000| Untracked 
| 114|0x000000008bc00000, 0x000000008bc00000, 0x000000008bd00000|  0%| F|  |TAMS 0x000000008bc00000| PB 0x000000008bc00000| Untracked 
| 115|0x000000008bd00000, 0x000000008bd00000, 0x000000008be00000|  0%| F|  |TAMS 0x000000008bd00000| PB 0x000000008bd00000| Untracked 
| 116|0x000000008be00000, 0x000000008be00000, 0x000000008bf00000|  0%| F|  |TAMS 0x000000008be00000| PB 0x000000008be00000| Untracked 
| 117|0x000000008bf00000, 0x000000008bf00000, 0x000000008c000000|  0%| F|  |TAMS 0x000000008bf00000| PB 0x000000008bf00000| Untracked 
| 118|0x000000008c000000, 0x000000008c000000, 0x000000008c100000|  0%| F|  |TAMS 0x000000008c000000| PB 0x000000008c000000| Untracked 
| 119|0x000000008c100000, 0x000000008c100000, 0x000000008c200000|  0%| F|  |TAMS 0x000000008c100000| PB 0x000000008c100000| Untracked 
| 120|0x000000008c200000, 0x000000008c200000, 0x000000008c300000|  0%| F|  |TAMS 0x000000008c200000| PB 0x000000008c200000| Untracked 
| 121|0x000000008c300000, 0x000000008c300000, 0x000000008c400000|  0%| F|  |TAMS 0x000000008c300000| PB 0x000000008c300000| Untracked 
| 122|0x000000008c400000, 0x000000008c400000, 0x000000008c500000|  0%| F|  |TAMS 0x000000008c400000| PB 0x000000008c400000| Untracked 
| 123|0x000000008c500000, 0x000000008c500000, 0x000000008c600000|  0%| F|  |TAMS 0x000000008c500000| PB 0x000000008c500000| Untracked 
| 124|0x000000008c600000, 0x000000008c600000, 0x000000008c700000|  0%| F|  |TAMS 0x000000008c600000| PB 0x000000008c600000| Untracked 
| 125|0x000000008c700000, 0x000000008c700000, 0x000000008c800000|  0%| F|  |TAMS 0x000000008c700000| PB 0x000000008c700000| Untracked 
| 126|0x000000008c800000, 0x000000008c800000, 0x000000008c900000|  0%| F|  |TAMS 0x000000008c800000| PB 0x000000008c800000| Untracked 
| 127|0x000000008c900000, 0x000000008c900000, 0x000000008ca00000|  0%| F|  |TAMS 0x000000008c900000| PB 0x000000008c900000| Untracked 
| 128|0x000000008ca00000, 0x000000008ca00000, 0x000000008cb00000|  0%| F|  |TAMS 0x000000008ca00000| PB 0x000000008ca00000| Untracked 
| 129|0x000000008cb00000, 0x000000008cb00000, 0x000000008cc00000|  0%| F|  |TAMS 0x000000008cb00000| PB 0x000000008cb00000| Untracked 
| 130|0x000000008cc00000, 0x000000008cc00000, 0x000000008cd00000|  0%| F|  |TAMS 0x000000008cc00000| PB 0x000000008cc00000| Untracked 
| 131|0x000000008cd00000, 0x000000008cd00000, 0x000000008ce00000|  0%| F|  |TAMS 0x000000008cd00000| PB 0x000000008cd00000| Untracked 
| 132|0x000000008ce00000, 0x000000008ce00000, 0x000000008cf00000|  0%| F|  |TAMS 0x000000008ce00000| PB 0x000000008ce00000| Untracked 
| 133|0x000000008cf00000, 0x000000008cf00000, 0x000000008d000000|  0%| F|  |TAMS 0x000000008cf00000| PB 0x000000008cf00000| Untracked 
| 134|0x000000008d000000, 0x000000008d000000, 0x000000008d100000|  0%| F|  |TAMS 0x000000008d000000| PB 0x000000008d000000| Untracked 
| 135|0x000000008d100000, 0x000000008d100000, 0x000000008d200000|  0%| F|  |TAMS 0x000000008d100000| PB 0x000000008d100000| Untracked 
| 136|0x000000008d200000, 0x000000008d200000, 0x000000008d300000|  0%| F|  |TAMS 0x000000008d200000| PB 0x000000008d200000| Untracked 
| 137|0x000000008d300000, 0x000000008d300000, 0x000000008d400000|  0%| F|  |TAMS 0x000000008d300000| PB 0x000000008d300000| Untracked 
| 138|0x000000008d400000, 0x000000008d400000, 0x000000008d500000|  0%| F|  |TAMS 0x000000008d400000| PB 0x000000008d400000| Untracked 
| 139|0x000000008d500000, 0x000000008d500000, 0x000000008d600000|  0%| F|  |TAMS 0x000000008d500000| PB 0x000000008d500000| Untracked 
| 140|0x000000008d600000, 0x000000008d600000, 0x000000008d700000|  0%| F|  |TAMS 0x000000008d600000| PB 0x000000008d600000| Untracked 
| 141|0x000000008d700000, 0x000000008d700000, 0x000000008d800000|  0%| F|  |TAMS 0x000000008d700000| PB 0x000000008d700000| Untracked 
| 142|0x000000008d800000, 0x000000008d800000, 0x000000008d900000|  0%| F|  |TAMS 0x000000008d800000| PB 0x000000008d800000| Untracked 
| 143|0x000000008d900000, 0x000000008d900000, 0x000000008da00000|  0%| F|  |TAMS 0x000000008d900000| PB 0x000000008d900000| Untracked 
| 144|0x000000008da00000, 0x000000008da00000, 0x000000008db00000|  0%| F|  |TAMS 0x000000008da00000| PB 0x000000008da00000| Untracked 
| 145|0x000000008db00000, 0x000000008db00000, 0x000000008dc00000|  0%| F|  |TAMS 0x000000008db00000| PB 0x000000008db00000| Untracked 
|1970|0x00000000ffc00000, 0x00000000ffd00000, 0x00000000ffd00000|100%| O|  |TAMS 0x00000000ffc00000| PB 0x00000000ffc00000| Untracked 
|1971|0x00000000ffd00000, 0x00000000ffe00000, 0x00000000ffe00000|100%| O|  |TAMS 0x00000000ffd00000| PB 0x00000000ffd00000| Untracked 
|1972|0x00000000ffe00000, 0x00000000fff00000, 0x00000000fff00000|100%| O|  |TAMS 0x00000000ffe00000| PB 0x00000000ffe00000| Untracked 
|1973|0x00000000fff00000, 0x0000000100000000, 0x0000000100000000|100%| O|  |TAMS 0x00000000fff00000| PB 0x00000000fff00000| Untracked 

Card table byte_map: [0x0000027ad0e10000,0x0000027ad11f0000] _byte_map_base: 0x0000027ad09eb000

Marking Bits: (CMBitMap*) 0x0000027abe3df110
 Bits: [0x0000027ad11f0000, 0x0000027ad30c8000)

Polling page: 0x0000027abdb50000

Metaspace:

Usage:
  Non-class:     51.72 MB used.
      Class:      6.52 MB used.
       Both:     58.24 MB used.

Virtual space:
  Non-class space:       64.00 MB reserved,      51.94 MB ( 81%) committed,  1 nodes.
      Class space:        1.00 GB reserved,       6.69 MB ( <1%) committed,  1 nodes.
             Both:        1.06 GB reserved,      58.62 MB (  5%) committed. 

Chunk freelists:
   Non-Class:  11.48 MB
       Class:  9.17 MB
        Both:  20.66 MB

MaxMetaspaceSize: unlimited
CompressedClassSpaceSize: 1.00 GB
Initial GC threshold: 21.00 MB
Current GC threshold: 93.25 MB
CDS: off
 - commit_granule_bytes: 65536.
 - commit_granule_words: 8192.
 - virtual_space_node_default_size: 8388608.
 - enlarge_chunks_in_place: 1.
 - use_allocation_guard: 0.


Internal statistics:

num_allocs_failed_limit: 6.
num_arena_births: 318.
num_arena_deaths: 0.
num_vsnodes_births: 2.
num_vsnodes_deaths: 0.
num_space_committed: 937.
num_space_uncommitted: 0.
num_chunks_returned_to_freelist: 6.
num_chunks_taken_from_freelist: 2119.
num_chunk_merges: 6.
num_chunk_splits: 1736.
num_chunks_enlarged: 1564.
num_inconsistent_stats: 0.

CodeHeap 'non-profiled nmethods': size=120000Kb used=4232Kb max_used=4232Kb free=115767Kb
 bounds [0x0000027ac8fb0000, 0x0000027ac93e0000, 0x0000027ad04e0000]
CodeHeap 'profiled nmethods': size=120000Kb used=19532Kb max_used=19532Kb free=100467Kb
 bounds [0x0000027ac14e0000, 0x0000027ac2800000, 0x0000027ac8a10000]
CodeHeap 'non-nmethods': size=5760Kb used=1831Kb max_used=1859Kb free=3929Kb
 bounds [0x0000027ac8a10000, 0x0000027ac8c80000, 0x0000027ac8fb0000]
 total_blobs=7333 nmethods=6646 adapters=589
 compilation: enabled
              stopped_count=0, restarted_count=0
 full_count=0

Compilation events (20 events):
Event: 5.427 Thread 0x0000027ada0c7330 7497       3       org.jetbrains.kotlin.fir.java.JavaSymbolProvider$$Lambda/0x0000000100453fe0::invoke (16 bytes)
Event: 5.428 Thread 0x0000027ada0c7330 nmethod 7497 0x0000027ac27ed190 code [0x0000027ac27ed340, 0x0000027ac27ed638]
Event: 5.428 Thread 0x0000027ada0c7330 7498       3       org.jetbrains.kotlin.fir.java.FirJavaFacade::findClass$default (31 bytes)
Event: 5.428 Thread 0x0000027ada0c7330 nmethod 7498 0x0000027ac27ed710 code [0x0000027ac27ed8e0, 0x0000027ac27edb50]
Event: 5.428 Thread 0x0000027ada0c7330 7499       3       org.jetbrains.kotlin.cli.jvm.compiler.KotlinCliJavaFileManagerImpl::findVirtualFileGivenPackage (218 bytes)
Event: 5.429 Thread 0x0000027ada0c7330 nmethod 7499 0x0000027ac27edc90 code [0x0000027ac27ee140, 0x0000027ac27efd20]
Event: 5.429 Thread 0x0000027ada0c7330 7500       3       org.jetbrains.kotlin.cli.jvm.compiler.TopDownAnalyzerFacadeForJVM$AllJavaSourcesInProjectScope::contains (41 bytes)
Event: 5.429 Thread 0x0000027ada0c7330 nmethod 7500 0x0000027ac27f0790 code [0x0000027ac27f0a80, 0x0000027ac27f1978]
Event: 5.429 Thread 0x0000027ada0c7330 7501       3       org.jetbrains.kotlin.fir.java.JavaSymbolProvider$$Lambda/0x0000000100454218::invoke (20 bytes)
Event: 5.429 Thread 0x0000027ada0c7330 nmethod 7501 0x0000027ac27f1e10 code [0x0000027ac27f1fe0, 0x0000027ac27f23b8]
Event: 5.429 Thread 0x0000027ada0c7330 7502       3       org.jetbrains.kotlin.fir.java.JavaSymbolProvider::classCache$lambda$1 (62 bytes)
Event: 5.430 Thread 0x0000027ada0c7330 nmethod 7502 0x0000027ac27f2490 code [0x0000027ac27f27c0, 0x0000027ac27f38a0]
Event: 5.431 Thread 0x0000027ada0c7330 7503       3       org.jetbrains.kotlin.cli.jvm.compiler.KotlinCliJavaFileManagerImpl$$Lambda/0x0000000100530880::invoke (20 bytes)
Event: 5.431 Thread 0x0000027ada0c7330 nmethod 7503 0x0000027ac27f3e90 code [0x0000027ac27f4040, 0x0000027ac27f4350]
Event: 5.432 Thread 0x0000027ada0c7330 7504       3       org.jetbrains.kotlin.fir.declarations.impl.FirAnonymousFunctionImpl::getAnnotations (8 bytes)
Event: 5.433 Thread 0x0000027ada0c7330 nmethod 7504 0x0000027ac27f4410 code [0x0000027ac27f45c0, 0x0000027ac27f48a8]
Event: 5.433 Thread 0x0000027ada0c7330 7505       1       org.jetbrains.kotlin.fir.analysis.checkers.context.MutableCheckerContext::getContainingElements (5 bytes)
Event: 5.433 Thread 0x0000027ada0c7330 nmethod 7505 0x0000027ac93d1f90 code [0x0000027ac93d2120, 0x0000027ac93d21e8]
Event: 5.435 Thread 0x0000027ada0c7330 7506       3       org.jetbrains.kotlin.fir.declarations.FirResolvedDeclarationStatus::accept (13 bytes)
Event: 5.436 Thread 0x0000027ada0c7330 nmethod 7506 0x0000027ac27f4a10 code [0x0000027ac27f4c40, 0x0000027ac27f52b8]

GC Heap History (20 events):
Event: 2.868 GC heap after
{Heap after GC invocations=15 (full 0):
 garbage-first heap   total 86016K, used 46592K [0x0000000084a00000, 0x0000000100000000)
  region size 1024K, 5 young (5120K), 5 survivors (5120K)
 Metaspace       used 49413K, committed 49728K, reserved 1114112K
  class space    used 5713K, committed 5824K, reserved 1048576K
}
Event: 3.108 GC heap before
{Heap before GC invocations=15 (full 0):
 garbage-first heap   total 86016K, used 70144K [0x0000000084a00000, 0x0000000100000000)
  region size 1024K, 28 young (28672K), 5 survivors (5120K)
 Metaspace       used 51638K, committed 51904K, reserved 1114112K
  class space    used 5956K, committed 6080K, reserved 1048576K
}
Event: 3.117 GC heap after
{Heap after GC invocations=16 (full 0):
 garbage-first heap   total 86016K, used 51200K [0x0000000084a00000, 0x0000000100000000)
  region size 1024K, 4 young (4096K), 4 survivors (4096K)
 Metaspace       used 51638K, committed 51904K, reserved 1114112K
  class space    used 5956K, committed 6080K, reserved 1048576K
}
Event: 3.387 GC heap before
{Heap before GC invocations=17 (full 0):
 garbage-first heap   total 86016K, used 70656K [0x0000000084a00000, 0x0000000100000000)
  region size 1024K, 24 young (24576K), 4 survivors (4096K)
 Metaspace       used 53525K, committed 53824K, reserved 1114112K
  class space    used 6200K, committed 6336K, reserved 1048576K
}
Event: 3.398 GC heap after
{Heap after GC invocations=18 (full 0):
 garbage-first heap   total 86016K, used 55296K [0x0000000084a00000, 0x0000000100000000)
  region size 1024K, 3 young (3072K), 3 survivors (3072K)
 Metaspace       used 53525K, committed 53824K, reserved 1114112K
  class space    used 6200K, committed 6336K, reserved 1048576K
}
Event: 3.630 GC heap before
{Heap before GC invocations=18 (full 0):
 garbage-first heap   total 86016K, used 73728K [0x0000000084a00000, 0x0000000100000000)
  region size 1024K, 21 young (21504K), 3 survivors (3072K)
 Metaspace       used 54380K, committed 54720K, reserved 1114112K
  class space    used 6266K, committed 6400K, reserved 1048576K
}
Event: 3.639 GC heap after
{Heap after GC invocations=19 (full 0):
 garbage-first heap   total 86016K, used 58880K [0x0000000084a00000, 0x0000000100000000)
  region size 1024K, 3 young (3072K), 3 survivors (3072K)
 Metaspace       used 54380K, committed 54720K, reserved 1114112K
  class space    used 6266K, committed 6400K, reserved 1048576K
}
Event: 3.902 GC heap before
{Heap before GC invocations=19 (full 0):
 garbage-first heap   total 86016K, used 75264K [0x0000000084a00000, 0x0000000100000000)
  region size 1024K, 19 young (19456K), 3 survivors (3072K)
 Metaspace       used 55107K, committed 55424K, reserved 1114112K
  class space    used 6319K, committed 6464K, reserved 1048576K
}
Event: 3.912 GC heap after
{Heap after GC invocations=20 (full 0):
 garbage-first heap   total 130048K, used 62250K [0x0000000084a00000, 0x0000000100000000)
  region size 1024K, 3 young (3072K), 3 survivors (3072K)
 Metaspace       used 55107K, committed 55424K, reserved 1114112K
  class space    used 6319K, committed 6464K, reserved 1048576K
}
Event: 4.556 GC heap before
{Heap before GC invocations=21 (full 0):
 garbage-first heap   total 130048K, used 102186K [0x0000000084a00000, 0x0000000100000000)
  region size 1024K, 43 young (44032K), 3 survivors (3072K)
 Metaspace       used 56689K, committed 57024K, reserved 1114112K
  class space    used 6427K, committed 6592K, reserved 1048576K
}
Event: 4.569 GC heap after
{Heap after GC invocations=22 (full 0):
 garbage-first heap   total 130048K, used 70065K [0x0000000084a00000, 0x0000000100000000)
  region size 1024K, 6 young (6144K), 6 survivors (6144K)
 Metaspace       used 56689K, committed 57024K, reserved 1114112K
  class space    used 6427K, committed 6592K, reserved 1048576K
}
Event: 4.800 GC heap before
{Heap before GC invocations=22 (full 0):
 garbage-first heap   total 130048K, used 106929K [0x0000000084a00000, 0x0000000100000000)
  region size 1024K, 42 young (43008K), 6 survivors (6144K)
 Metaspace       used 56871K, committed 57216K, reserved 1114112K
  class space    used 6432K, committed 6592K, reserved 1048576K
}
Event: 4.814 GC heap after
{Heap after GC invocations=23 (full 0):
 garbage-first heap   total 130048K, used 77309K [0x0000000084a00000, 0x0000000100000000)
  region size 1024K, 6 young (6144K), 6 survivors (6144K)
 Metaspace       used 56871K, committed 57216K, reserved 1114112K
  class space    used 6432K, committed 6592K, reserved 1048576K
}
Event: 4.856 GC heap before
{Heap before GC invocations=23 (full 0):
 garbage-first heap   total 130048K, used 110077K [0x0000000084a00000, 0x0000000100000000)
  region size 1024K, 38 young (38912K), 6 survivors (6144K)
 Metaspace       used 56878K, committed 57280K, reserved 1114112K
  class space    used 6432K, committed 6592K, reserved 1048576K
}
Event: 4.863 GC heap after
{Heap after GC invocations=24 (full 0):
 garbage-first heap   total 130048K, used 85504K [0x0000000084a00000, 0x0000000100000000)
  region size 1024K, 5 young (5120K), 5 survivors (5120K)
 Metaspace       used 56878K, committed 57280K, reserved 1114112K
  class space    used 6432K, committed 6592K, reserved 1048576K
}
Event: 4.916 GC heap before
{Heap before GC invocations=24 (full 0):
 garbage-first heap   total 130048K, used 113152K [0x0000000084a00000, 0x0000000100000000)
  region size 1024K, 32 young (32768K), 5 survivors (5120K)
 Metaspace       used 56878K, committed 57280K, reserved 1114112K
  class space    used 6432K, committed 6592K, reserved 1048576K
}
Event: 4.923 GC heap after
{Heap after GC invocations=25 (full 0):
 garbage-first heap   total 130048K, used 92672K [0x0000000084a00000, 0x0000000100000000)
  region size 1024K, 4 young (4096K), 4 survivors (4096K)
 Metaspace       used 56878K, committed 57280K, reserved 1114112K
  class space    used 6432K, committed 6592K, reserved 1048576K
}
Event: 4.968 GC heap before
{Heap before GC invocations=26 (full 0):
 garbage-first heap   total 153600K, used 115200K [0x0000000084a00000, 0x0000000100000000)
  region size 1024K, 27 young (27648K), 4 survivors (4096K)
 Metaspace       used 56878K, committed 57280K, reserved 1114112K
  class space    used 6432K, committed 6592K, reserved 1048576K
}
Event: 4.973 GC heap after
{Heap after GC invocations=27 (full 0):
 garbage-first heap   total 153600K, used 97790K [0x0000000084a00000, 0x0000000100000000)
  region size 1024K, 4 young (4096K), 4 survivors (4096K)
 Metaspace       used 56878K, committed 57280K, reserved 1114112K
  class space    used 6432K, committed 6592K, reserved 1048576K
}
Event: 5.437 GC heap before
{Heap before GC invocations=27 (full 0):
 garbage-first heap   total 153600K, used 131582K [0x0000000084a00000, 0x0000000100000000)
  region size 1024K, 38 young (38912K), 4 survivors (4096K)
 Metaspace       used 59634K, committed 60032K, reserved 1114112K
  class space    used 6672K, committed 6848K, reserved 1048576K
}

Dll operation events (3 events):
Event: 0.011 Loaded shared library C:\Program Files\Android\Android Studio\jbr\bin\java.dll
Event: 0.019 Loaded shared library C:\Program Files\Android\Android Studio\jbr\bin\zip.dll
Event: 0.805 Loaded shared library C:\Program Files\Android\Android Studio\jbr\bin\verify.dll

Deoptimization events (20 events):
Event: 5.424 Thread 0x0000027abc0be060 Uncommon trap: trap_request=0xffffffde fr.pc=0x0000027ac9105b64 relative=0x0000000000000324
Event: 5.424 Thread 0x0000027abc0be060 Uncommon trap: reason=class_check action=maybe_recompile pc=0x0000027ac9105b64 method=org.jetbrains.kotlin.com.intellij.openapi.util.io.FileUtilRt.getExtension(Ljava/lang/CharSequence;Ljava/lang/String;)Ljava/lang/CharSequence; @ 14 c2
Event: 5.424 Thread 0x0000027abc0be060 DEOPT PACKING pc=0x0000027ac9105b64 sp=0x000000e577efc7d0
Event: 5.424 Thread 0x0000027abc0be060 DEOPT UNPACKING pc=0x0000027ac8a67da2 sp=0x000000e577efc780 mode 2
Event: 5.424 Thread 0x0000027abc0be060 Uncommon trap: trap_request=0xffffffde fr.pc=0x0000027ac9035890 relative=0x00000000000001f0
Event: 5.424 Thread 0x0000027abc0be060 Uncommon trap: reason=class_check action=maybe_recompile pc=0x0000027ac9035890 method=org.jetbrains.kotlin.com.intellij.openapi.util.text.StringUtilRt.lastIndexOf(Ljava/lang/CharSequence;CII)I @ 17 c2
Event: 5.424 Thread 0x0000027abc0be060 DEOPT PACKING pc=0x0000027ac9035890 sp=0x000000e577efc770
Event: 5.424 Thread 0x0000027abc0be060 DEOPT UNPACKING pc=0x0000027ac8a67da2 sp=0x000000e577efc710 mode 2
Event: 5.427 Thread 0x0000027abc0be060 Uncommon trap: trap_request=0xffffffde fr.pc=0x0000027ac9024ffc relative=0x000000000000097c
Event: 5.427 Thread 0x0000027abc0be060 Uncommon trap: reason=class_check action=maybe_recompile pc=0x0000027ac9024ffc method=org.jetbrains.kotlin.com.intellij.openapi.vfs.VirtualFile.getExtension()Ljava/lang/String; @ 1 c2
Event: 5.427 Thread 0x0000027abc0be060 DEOPT PACKING pc=0x0000027ac9024ffc sp=0x000000e577efd2d0
Event: 5.427 Thread 0x0000027abc0be060 DEOPT UNPACKING pc=0x0000027ac8a67da2 sp=0x000000e577efd2b8 mode 2
Event: 5.427 Thread 0x0000027abc0be060 Uncommon trap: trap_request=0xffffffde fr.pc=0x0000027ac9105b64 relative=0x0000000000000324
Event: 5.427 Thread 0x0000027abc0be060 Uncommon trap: reason=class_check action=maybe_recompile pc=0x0000027ac9105b64 method=org.jetbrains.kotlin.com.intellij.openapi.util.io.FileUtilRt.getExtension(Ljava/lang/CharSequence;Ljava/lang/String;)Ljava/lang/CharSequence; @ 14 c2
Event: 5.427 Thread 0x0000027abc0be060 DEOPT PACKING pc=0x0000027ac9105b64 sp=0x000000e577efd280
Event: 5.427 Thread 0x0000027abc0be060 DEOPT UNPACKING pc=0x0000027ac8a67da2 sp=0x000000e577efd230 mode 2
Event: 5.427 Thread 0x0000027abc0be060 Uncommon trap: trap_request=0xffffffde fr.pc=0x0000027ac9035890 relative=0x00000000000001f0
Event: 5.427 Thread 0x0000027abc0be060 Uncommon trap: reason=class_check action=maybe_recompile pc=0x0000027ac9035890 method=org.jetbrains.kotlin.com.intellij.openapi.util.text.StringUtilRt.lastIndexOf(Ljava/lang/CharSequence;CII)I @ 17 c2
Event: 5.427 Thread 0x0000027abc0be060 DEOPT PACKING pc=0x0000027ac9035890 sp=0x000000e577efd220
Event: 5.427 Thread 0x0000027abc0be060 DEOPT UNPACKING pc=0x0000027ac8a67da2 sp=0x000000e577efd1c0 mode 2

Classes loaded (20 events):
Event: 2.734 Loading class java/util/regex/Pattern$StartS
Event: 2.734 Loading class java/util/regex/Pattern$StartS done
Event: 3.201 Loading class java/security/CodeSigner
Event: 3.201 Loading class java/security/CodeSigner done
Event: 3.426 Loading class java/util/AbstractMap$SimpleImmutableEntry
Event: 3.426 Loading class java/util/AbstractMap$SimpleImmutableEntry done
Event: 4.115 Loading class java/lang/Byte$ByteCache
Event: 4.115 Loading class java/lang/Byte$ByteCache done
Event: 4.352 Loading class java/util/RegularEnumSet$EnumSetIterator
Event: 4.352 Loading class java/util/RegularEnumSet$EnumSetIterator done
Event: 5.373 Loading class java/text/MessageFormat
Event: 5.374 Loading class java/text/Format
Event: 5.374 Loading class java/text/Format done
Event: 5.374 Loading class java/text/MessageFormat done
Event: 5.374 Loading class java/util/Locale$Category
Event: 5.374 Loading class java/util/Locale$Category done
Event: 5.400 Loading class java/text/ChoiceFormat
Event: 5.401 Loading class java/text/NumberFormat
Event: 5.401 Loading class java/text/NumberFormat done
Event: 5.401 Loading class java/text/ChoiceFormat done

Classes unloaded (0 events):
No events

Classes redefined (0 events):
No events

Internal exceptions (20 events):
Event: 2.735 Thread 0x0000027abc0be060 Exception <a 'java/lang/NoSuchMethodError'{0x00000000890b6400}: 'java.lang.Object java.lang.invoke.DirectMethodHandle$Holder.newInvokeSpecial(java.lang.Object, java.lang.Object, java.lang.Object, java.lang.Object, int)'> (0x00000000890b6400) 
thrown [s\src\hotspot\share\interpreter\linkResolver.cpp, line 784]
Event: 2.736 Thread 0x0000027abc0be060 Exception <a 'java/lang/NoSuchMethodError'{0x00000000890baaf8}: 'java.lang.Object java.lang.invoke.DirectMethodHandle$Holder.invokeSpecial(java.lang.Object, java.lang.Object, java.lang.Object, java.lang.Object, java.lang.Object, int)'> (0x00000000890baaf8) 
thrown [s\src\hotspot\share\interpreter\linkResolver.cpp, line 784]
Event: 2.736 Thread 0x0000027abc0be060 Exception <a 'java/lang/NoSuchMethodError'{0x00000000890beae8}: 'java.lang.Object java.lang.invoke.Invokers$Holder.linkToTargetMethod(java.lang.Object, java.lang.Object, java.lang.Object, int, java.lang.Object)'> (0x00000000890beae8) 
thrown [s\src\hotspot\share\interpreter\linkResolver.cpp, line 784]
Event: 2.953 Thread 0x0000027abc0be060 Exception <a 'java/lang/NoSuchMethodError'{0x000000008909e490}: 'java.lang.Object java.lang.invoke.DirectMethodHandle$Holder.invokeStaticInit(java.lang.Object, java.lang.Object, java.lang.Object, java.lang.Object)'> (0x000000008909e490) 
thrown [s\src\hotspot\share\interpreter\linkResolver.cpp, line 784]
Event: 3.083 Thread 0x0000027abc0be060 Exception <a 'java/lang/NoSuchMethodError'{0x0000000088807650}: 'java.lang.Object java.lang.invoke.DirectMethodHandle$Holder.newInvokeSpecial(java.lang.Object, java.lang.Object, java.lang.Object, java.lang.Object, java.lang.Object, java.lang.Object)'> (0x0000000088807650) 
thrown [s\src\hotspot\share\interpreter\linkResolver.cpp, line 784]
Event: 3.229 Thread 0x0000027abc0be060 Exception <a 'java/lang/NoSuchMethodError'{0x0000000089169d30}: 'java.lang.Object java.lang.invoke.DirectMethodHandle$Holder.newInvokeSpecial(java.lang.Object, int, java.lang.Object)'> (0x0000000089169d30) 
thrown [s\src\hotspot\share\interpreter\linkResolver.cpp, line 784]
Event: 3.230 Thread 0x0000027abc0be060 Exception <a 'java/lang/NoSuchMethodError'{0x000000008917df48}: 'java.lang.Object java.lang.invoke.DirectMethodHandle$Holder.newInvokeSpecial(java.lang.Object, java.lang.Object, java.lang.Object, java.lang.Object, int, java.lang.Object, java.lang.Object)'> (0x000000008917df48) 
thrown [s\src\hotspot\share\interpreter\linkResolver.cpp, line 784]
Event: 3.534 Thread 0x0000027abc0be060 Exception <a 'java/lang/NoSuchMethodError'{0x0000000088dc5f08}: 'java.lang.Object java.lang.invoke.DirectMethodHandle$Holder.newInvokeSpecial(java.lang.Object, java.lang.Object, java.lang.Object, java.lang.Object, java.lang.Object, java.lang.Object, java.lang.Object, java.lang.Object, java.lang.Object)'> (0x0000000088dc5f08) 
thrown [s\src\hotspot\share\interpreter\linkResolver.cpp, line 784]
Event: 3.538 Thread 0x0000027abc0be060 Exception <a 'java/lang/NoSuchMethodError'{0x0000000088c025f8}: 'java.lang.Object java.lang.invoke.DirectMethodHandle$Holder.newInvokeSpecial(java.lang.Object, java.lang.Object, java.lang.Object, int)'> (0x0000000088c025f8) 
thrown [s\src\hotspot\share\interpreter\linkResolver.cpp, line 784]
Event: 3.539 Thread 0x0000027abc0be060 Exception <a 'java/lang/NoSuchMethodError'{0x0000000088c06458}: 'java.lang.Object java.lang.invoke.DirectMethodHandle$Holder.invokeSpecial(java.lang.Object, java.lang.Object, java.lang.Object, java.lang.Object, int)'> (0x0000000088c06458) 
thrown [s\src\hotspot\share\interpreter\linkResolver.cpp, line 784]
Event: 3.539 Thread 0x0000027abc0be060 Exception <a 'java/lang/NoSuchMethodError'{0x0000000088c09ba0}: 'java.lang.Object java.lang.invoke.Invokers$Holder.linkToTargetMethod(java.lang.Object, java.lang.Object, int, java.lang.Object)'> (0x0000000088c09ba0) 
thrown [s\src\hotspot\share\interpreter\linkResolver.cpp, line 784]
Event: 3.543 Thread 0x0000027abc0be060 Exception <a 'java/lang/NoSuchMethodError'{0x0000000088c36fb8}: 'java.lang.Object java.lang.invoke.DirectMethodHandle$Holder.invokeStatic(java.lang.Object, int, java.lang.Object, java.lang.Object)'> (0x0000000088c36fb8) 
thrown [s\src\hotspot\share\interpreter\linkResolver.cpp, line 784]
Event: 3.562 Thread 0x0000027abc0be060 Exception <a 'java/lang/NoSuchMethodError'{0x0000000088a00360}: 'java.lang.Object java.lang.invoke.DirectMethodHandle$Holder.invokeStatic(java.lang.Object, java.lang.Object, java.lang.Object, int, java.lang.Object, java.lang.Object)'> (0x0000000088a00360) 
thrown [s\src\hotspot\share\interpreter\linkResolver.cpp, line 784]
Event: 3.732 Thread 0x0000027abc0be060 Exception <a 'java/lang/NoSuchMethodError'{0x0000000089421e78}: 'java.lang.Object java.lang.invoke.DirectMethodHandle$Holder.newInvokeSpecial(java.lang.Object, java.lang.Object, java.lang.Object, int, int)'> (0x0000000089421e78) 
thrown [s\src\hotspot\share\interpreter\linkResolver.cpp, line 784]
Event: 3.835 Thread 0x0000027abc0be060 Exception <a 'java/lang/NoSuchMethodError'{0x00000000890899c0}: 'java.lang.Object java.lang.invoke.DirectMethodHandle$Holder.newInvokeSpecial(java.lang.Object, java.lang.Object, java.lang.Object, java.lang.Object, int, int)'> (0x00000000890899c0) 
thrown [s\src\hotspot\share\interpreter\linkResolver.cpp, line 784]
Event: 3.835 Thread 0x0000027abc0be060 Exception <a 'java/lang/NoSuchMethodError'{0x0000000089091560}: 'java.lang.Object java.lang.invoke.Invokers$Holder.linkToTargetMethod(java.lang.Object, java.lang.Object, java.lang.Object, int, int, java.lang.Object)'> (0x0000000089091560) 
thrown [s\src\hotspot\share\interpreter\linkResolver.cpp, line 784]
Event: 3.989 Thread 0x0000027abc0be060 Exception <a 'java/lang/NoSuchMethodError'{0x000000008c09c7e0}: 'java.lang.Object java.lang.invoke.DirectMethodHandle$Holder.newInvokeSpecial(java.lang.Object, java.lang.Object, java.lang.Object, java.lang.Object, java.lang.Object, int)'> (0x000000008c09c7e0) 
thrown [s\src\hotspot\share\interpreter\linkResolver.cpp, line 784]
Event: 3.989 Thread 0x0000027abc0be060 Exception <a 'java/lang/NoSuchMethodError'{0x000000008c0a1528}: 'java.lang.Object java.lang.invoke.DirectMethodHandle$Holder.invokeSpecial(java.lang.Object, java.lang.Object, java.lang.Object, java.lang.Object, java.lang.Object, java.lang.Object, int)'> (0x000000008c0a1528) 
thrown [s\src\hotspot\share\interpreter\linkResolver.cpp, line 784]
Event: 4.283 Thread 0x0000027abc0be060 Exception <a 'java/lang/NoSuchMethodError'{0x000000008a776448}: 'java.lang.Object java.lang.invoke.DirectMethodHandle$Holder.newInvokeSpecial(java.lang.Object, int, java.lang.Object, java.lang.Object, java.lang.Object)'> (0x000000008a776448) 
thrown [s\src\hotspot\share\interpreter\linkResolver.cpp, line 784]
Event: 4.283 Thread 0x0000027abc0be060 Exception <a 'java/lang/NoSuchMethodError'{0x000000008a77e0c8}: 'java.lang.Object java.lang.invoke.Invokers$Holder.linkToTargetMethod(int, java.lang.Object, java.lang.Object, java.lang.Object, java.lang.Object)'> (0x000000008a77e0c8) 
thrown [s\src\hotspot\share\interpreter\linkResolver.cpp, line 784]

ZGC Phase Switch (0 events):
No events

VM Operations (20 events):
Event: 4.737 Executing VM operation: ICBufferFull done
Event: 4.800 Executing VM operation: G1CollectForAllocation (G1 Evacuation Pause)
Event: 4.814 Executing VM operation: G1CollectForAllocation (G1 Evacuation Pause) done
Event: 4.856 Executing VM operation: G1CollectForAllocation (G1 Evacuation Pause)
Event: 4.863 Executing VM operation: G1CollectForAllocation (G1 Evacuation Pause) done
Event: 4.916 Executing VM operation: G1CollectForAllocation (G1 Evacuation Pause)
Event: 4.923 Executing VM operation: G1CollectForAllocation (G1 Evacuation Pause) done
Event: 4.925 Executing VM operation: G1PauseRemark
Event: 4.931 Executing VM operation: G1PauseRemark done
Event: 4.956 Executing VM operation: G1PauseCleanup
Event: 4.957 Executing VM operation: G1PauseCleanup done
Event: 4.968 Executing VM operation: G1CollectForAllocation (G1 Evacuation Pause)
Event: 4.973 Executing VM operation: G1CollectForAllocation (G1 Evacuation Pause) done
Event: 5.190 Executing VM operation: HandshakeAllThreads (Deoptimize)
Event: 5.190 Executing VM operation: HandshakeAllThreads (Deoptimize) done
Event: 5.209 Executing VM operation: ICBufferFull
Event: 5.209 Executing VM operation: ICBufferFull done
Event: 5.424 Executing VM operation: ICBufferFull
Event: 5.424 Executing VM operation: ICBufferFull done
Event: 5.437 Executing VM operation: G1CollectForAllocation (G1 Evacuation Pause)

Memory protections (0 events):
No events

Nmethod flushes (20 events):
Event: 4.930 Thread 0x0000027ad5b5ea40 flushing  nmethod 0x0000027ac197f590
Event: 4.930 Thread 0x0000027ad5b5ea40 flushing  nmethod 0x0000027ac1984290
Event: 4.930 Thread 0x0000027ad5b5ea40 flushing  nmethod 0x0000027ac1985b10
Event: 4.930 Thread 0x0000027ad5b5ea40 flushing  nmethod 0x0000027ac1a69990
Event: 4.930 Thread 0x0000027ad5b5ea40 flushing  nmethod 0x0000027ac1b27410
Event: 4.930 Thread 0x0000027ad5b5ea40 flushing  nmethod 0x0000027ac1b29510
Event: 4.930 Thread 0x0000027ad5b5ea40 flushing  nmethod 0x0000027ac1b8f510
Event: 4.930 Thread 0x0000027ad5b5ea40 flushing  nmethod 0x0000027ac1c5b890
Event: 4.930 Thread 0x0000027ad5b5ea40 flushing  nmethod 0x0000027ac1c84810
Event: 4.930 Thread 0x0000027ad5b5ea40 flushing  nmethod 0x0000027ac1c86710
Event: 4.930 Thread 0x0000027ad5b5ea40 flushing  nmethod 0x0000027ac1ca9b10
Event: 4.930 Thread 0x0000027ad5b5ea40 flushing  nmethod 0x0000027ac1cb6b10
Event: 4.930 Thread 0x0000027ad5b5ea40 flushing  nmethod 0x0000027ac1cd7b90
Event: 4.930 Thread 0x0000027ad5b5ea40 flushing  nmethod 0x0000027ac1d2e690
Event: 4.930 Thread 0x0000027ad5b5ea40 flushing  nmethod 0x0000027ac1d2ee10
Event: 4.930 Thread 0x0000027ad5b5ea40 flushing  nmethod 0x0000027ac1eb2e10
Event: 4.930 Thread 0x0000027ad5b5ea40 flushing  nmethod 0x0000027ac1f1e490
Event: 4.930 Thread 0x0000027ad5b5ea40 flushing  nmethod 0x0000027ac1f25310
Event: 4.930 Thread 0x0000027ad5b5ea40 flushing  nmethod 0x0000027ac1fb3d90
Event: 4.930 Thread 0x0000027ad5b5ea40 flushing  nmethod 0x0000027ac2006f10

Events (17 events):
Event: 0.018 Thread 0x0000027abc0be060 Thread added: 0x0000027abc0be060
Event: 0.071 Thread 0x0000027abc0be060 Thread added: 0x0000027ada095910
Event: 0.071 Thread 0x0000027abc0be060 Thread added: 0x0000027ada096710
Event: 0.072 Thread 0x0000027abc0be060 Thread added: 0x0000027ada0ba250
Event: 0.072 Thread 0x0000027abc0be060 Thread added: 0x0000027ada0b48a0
Event: 0.072 Thread 0x0000027abc0be060 Thread added: 0x0000027ada0b6a40
Event: 0.072 Thread 0x0000027abc0be060 Thread added: 0x0000027ada0bbf00
Event: 0.072 Thread 0x0000027abc0be060 Thread added: 0x0000027ada0bcea0
Event: 0.072 Thread 0x0000027abc0be060 Thread added: 0x0000027ada0c7330
Event: 0.111 Thread 0x0000027abc0be060 Thread added: 0x0000027ada25de30
Event: 0.117 Thread 0x0000027abc0be060 Thread added: 0x0000027ada26c370
Event: 0.124 Loaded shared library C:\Program Files\Android\Android Studio\jbr\bin\net.dll
Event: 0.126 Loaded shared library C:\Program Files\Android\Android Studio\jbr\bin\nio.dll
Event: 0.139 Thread 0x0000027ada0bcea0 Thread added: 0x0000027ada2de990
Event: 0.147 Loaded shared library C:\Program Files\Android\Android Studio\jbr\bin\zip.dll
Event: 0.173 Loaded shared library C:\Program Files\Android\Android Studio\jbr\bin\jimage.dll
Event: 0.881 Thread 0x0000027ada2de990 Thread added: 0x0000027adad4d720


Dynamic libraries:
0x00007ff68fbf0000 - 0x00007ff68fbfa000 	C:\Program Files\Android\Android Studio\jbr\bin\java.exe
0x00007ffa38f90000 - 0x00007ffa391a7000 	C:\Windows\SYSTEM32\ntdll.dll
0x00007ffa37d50000 - 0x00007ffa37e14000 	C:\Windows\System32\KERNEL32.DLL
0x00007ffa365b0000 - 0x00007ffa36983000 	C:\Windows\System32\KERNELBASE.dll
0x00007ffa36350000 - 0x00007ffa36461000 	C:\Windows\System32\ucrtbase.dll
0x00007ffa25290000 - 0x00007ffa252a8000 	C:\Program Files\Android\Android Studio\jbr\bin\jli.dll
0x00007ffa37630000 - 0x00007ffa377e1000 	C:\Windows\System32\USER32.dll
0x00007ffa214e0000 - 0x00007ffa214fb000 	C:\Program Files\Android\Android Studio\jbr\bin\VCRUNTIME140.dll
0x00007ffa36b80000 - 0x00007ffa36ba6000 	C:\Windows\System32\win32u.dll
0x00007ffa1e120000 - 0x00007ffa1e3b8000 	C:\Windows\WinSxS\amd64_microsoft.windows.common-controls_6595b64144ccf1df_6.0.22621.5124_none_270e8f4f7386d69d\COMCTL32.dll
0x00007ffa38ed0000 - 0x00007ffa38ef9000 	C:\Windows\System32\GDI32.dll
0x00007ffa36990000 - 0x00007ffa36aab000 	C:\Windows\System32\gdi32full.dll
0x00007ffa36e00000 - 0x00007ffa36ea7000 	C:\Windows\System32\msvcrt.dll
0x00007ffa36ab0000 - 0x00007ffa36b4a000 	C:\Windows\System32\msvcp_win.dll
0x00007ffa38f00000 - 0x00007ffa38f31000 	C:\Windows\System32\IMM32.DLL
0x00007ffa30270000 - 0x00007ffa3027c000 	C:\Program Files\Android\Android Studio\jbr\bin\vcruntime140_1.dll
0x00007ff9fb130000 - 0x00007ff9fb1bd000 	C:\Program Files\Android\Android Studio\jbr\bin\msvcp140.dll
0x00007ff9d0c10000 - 0x00007ff9d189a000 	C:\Program Files\Android\Android Studio\jbr\bin\server\jvm.dll
0x00007ffa38d80000 - 0x00007ffa38e31000 	C:\Windows\System32\ADVAPI32.dll
0x00007ffa37f00000 - 0x00007ffa37fa8000 	C:\Windows\System32\sechost.dll
0x00007ffa36b50000 - 0x00007ffa36b78000 	C:\Windows\System32\bcrypt.dll
0x00007ffa38190000 - 0x00007ffa382a4000 	C:\Windows\System32\RPCRT4.dll
0x00007ffa38460000 - 0x00007ffa384d1000 	C:\Windows\System32\WS2_32.dll
0x00007ffa35280000 - 0x00007ffa352cd000 	C:\Windows\SYSTEM32\POWRPROF.dll
0x00007ffa31b30000 - 0x00007ffa31b3a000 	C:\Windows\SYSTEM32\VERSION.dll
0x00007ffa2d3e0000 - 0x00007ffa2d414000 	C:\Windows\SYSTEM32\WINMM.dll
0x00007ffa35260000 - 0x00007ffa35273000 	C:\Windows\SYSTEM32\UMPDC.dll
0x00007ffa35140000 - 0x00007ffa35158000 	C:\Windows\SYSTEM32\kernel.appcore.dll
0x00007ffa2f820000 - 0x00007ffa2f82a000 	C:\Program Files\Android\Android Studio\jbr\bin\jimage.dll
0x00007ffa33a90000 - 0x00007ffa33cc2000 	C:\Windows\SYSTEM32\DBGHELP.DLL
0x00007ffa379b0000 - 0x00007ffa37d42000 	C:\Windows\System32\combase.dll
0x00007ffa36eb0000 - 0x00007ffa36f87000 	C:\Windows\System32\OLEAUT32.dll
0x00007ffa03320000 - 0x00007ffa03352000 	C:\Windows\SYSTEM32\dbgcore.DLL
0x00007ffa362d0000 - 0x00007ffa3634b000 	C:\Windows\System32\bcryptPrimitives.dll
0x00007ffa20860000 - 0x00007ffa20880000 	C:\Program Files\Android\Android Studio\jbr\bin\java.dll
0x00007ffa1f820000 - 0x00007ffa1f838000 	C:\Program Files\Android\Android Studio\jbr\bin\zip.dll
0x00007ffa384e0000 - 0x00007ffa38d76000 	C:\Windows\System32\SHELL32.dll
0x00007ffa36470000 - 0x00007ffa365af000 	C:\Windows\System32\wintypes.dll
0x00007ffa33f70000 - 0x00007ffa3488a000 	C:\Windows\SYSTEM32\windows.storage.dll
0x00007ffa36f90000 - 0x00007ffa3709a000 	C:\Windows\System32\SHCORE.dll
0x00007ffa37e20000 - 0x00007ffa37e83000 	C:\Windows\System32\shlwapi.dll
0x00007ffa35fd0000 - 0x00007ffa35ffb000 	C:\Windows\SYSTEM32\profapi.dll
0x00007ffa2e340000 - 0x00007ffa2e350000 	C:\Program Files\Android\Android Studio\jbr\bin\net.dll
0x00007ffa304c0000 - 0x00007ffa305ec000 	C:\Windows\SYSTEM32\WINHTTP.dll
0x00007ffa35640000 - 0x00007ffa356aa000 	C:\Windows\system32\mswsock.dll
0x00007ffa1f800000 - 0x00007ffa1f816000 	C:\Program Files\Android\Android Studio\jbr\bin\nio.dll
0x00007ffa22610000 - 0x00007ffa22620000 	C:\Program Files\Android\Android Studio\jbr\bin\verify.dll

dbghelp: loaded successfully - version: 4.0.5 - missing functions: none
symbol engine: initialized successfully - sym options: 0x614 - pdb path: .;C:\Program Files\Android\Android Studio\jbr\bin;C:\Windows\SYSTEM32;C:\Windows\WinSxS\amd64_microsoft.windows.common-controls_6595b64144ccf1df_6.0.22621.5124_none_270e8f4f7386d69d;C:\Program Files\Android\Android Studio\jbr\bin\server

VM Arguments:
java_command: org.jetbrains.kotlin.cli.jvm.K2JVMCompiler @C:\Users\MSI MODERN\AndroidStudioProjects\SetoranHafalanDosen\app\build\20250611_13422578227964344307.compiler.options
java_class_path (initial): C:\Users\MSI MODERN\.gradle\caches\modules-2\files-2.1\org.jetbrains.kotlin\kotlin-compiler-embeddable\2.0.0\1de310de3446414381282ffc46c3ed3919a4d1da\kotlin-compiler-embeddable-2.0.0.jar;C:\Users\MSI MODERN\.gradle\caches\modules-2\files-2.1\org.jetbrains.kotlin\kotlin-stdlib\2.0.0\b48df2c4aede9586cc931ead433bc02d6fd7879e\kotlin-stdlib-2.0.0.jar;C:\Users\MSI MODERN\.gradle\caches\modules-2\files-2.1\org.jetbrains.kotlin\kotlin-script-runtime\2.0.0\fdc27dd047d592fa41d2dfa21e7621287a361612\kotlin-script-runtime-2.0.0.jar;C:\Users\MSI MODERN\.gradle\caches\modules-2\files-2.1\org.jetbrains.kotlin\kotlin-reflect\1.6.10\1cbe9c92c12a94eea200d23c2bbaedaf3daf5132\kotlin-reflect-1.6.10.jar;C:\Users\MSI MODERN\.gradle\caches\modules-2\files-2.1\org.jetbrains.kotlin\kotlin-daemon-embeddable\2.0.0\b39c612768614c4428c96ee9c65477181fffe9d\kotlin-daemon-embeddable-2.0.0.jar;C:\Users\MSI MODERN\.gradle\caches\modules-2\files-2.1\org.jetbrains.intellij.deps\trove4j\1.0.20200330\3afb14d5f9ceb459d724e907a21145e8ff394f02\trove4j-1.0.20200330.jar;C:\Users\MSI MODERN\.gradle\caches\modules-2\files-2.1\org.jetbrains\annotations\13.0\919f0dfe192fb4e063e7dacadee7f8bb9a2672a9\annotations-13.0.jar
Launcher Type: SUN_STANDARD

[Global flags]
     intx CICompilerCount                          = 4                                         {product} {ergonomic}
     uint ConcGCThreads                            = 3                                         {product} {ergonomic}
     uint G1ConcRefinementThreads                  = 10                                        {product} {ergonomic}
   size_t G1HeapRegionSize                         = 1048576                                   {product} {ergonomic}
    uintx GCDrainStackTargetSize                   = 64                                        {product} {ergonomic}
   size_t InitialHeapSize                          = 130023424                                 {product} {ergonomic}
   size_t MarkStackSize                            = 4194304                                   {product} {ergonomic}
   size_t MaxHeapSize                              = 2069889024                                {product} {ergonomic}
   size_t MaxNewSize                               = 1241513984                                {product} {ergonomic}
   size_t MinHeapDeltaBytes                        = 1048576                                   {product} {ergonomic}
   size_t MinHeapSize                              = 8388608                                   {product} {ergonomic}
    uintx NonNMethodCodeHeapSize                   = 5839372                                {pd product} {ergonomic}
    uintx NonProfiledCodeHeapSize                  = 122909434                              {pd product} {ergonomic}
    uintx ProfiledCodeHeapSize                     = 122909434                              {pd product} {ergonomic}
    uintx ReservedCodeCacheSize                    = 251658240                              {pd product} {ergonomic}
     bool SegmentedCodeCache                       = true                                      {product} {ergonomic}
   size_t SoftMaxHeapSize                          = 2069889024                             {manageable} {ergonomic}
     bool UseCompressedOops                        = true                           {product lp64_product} {ergonomic}
     bool UseG1GC                                  = true                                      {product} {ergonomic}
     bool UseLargePagesIndividualAllocation        = false                                  {pd product} {ergonomic}

Logging:
Log output configuration:
 #0: stdout all=warning uptime,level,tags foldmultilines=false
 #1: stderr all=off uptime,level,tags foldmultilines=false

Environment Variables:
JAVA_HOME=C:\Program Files\Java\jdk-23
PATH=C:\Program Files\Common Files\Oracle\Java\javapath;C:\app\MSIMODERN\Oracle\dbhomeXE\bin;D:\App\dbhomeXE\bin;C:\app\MSIMODERN\dbhomeXE\bin;C:\Windows\system32;C:\Windows;C:\Windows\System32\Wbem;C:\Windows\System32\WindowsPowerShell\v1.0\;C:\Windows\System32\OpenSSH\;C:\Program Files (x86)\NVIDIA Corporation\PhysX\Common;C:\Program Files\NVIDIA Corporation\NVIDIA NvDLISR;C:\Program Files\Git\cmd;C:\app\MSIMODERN\dbhomeXE\bin;C:\Program Files\Java\jdk-23\bin;D:\App\dbhomeXE\bin;C:\Windows\system32;C:\Windows;C:\Windows\System32\Wbem;C:\Windows\System32\WindowsPowerShell\v1.0\;C:\Windows\System32\OpenSSH\;C:\Program Files (x86)\NVIDIA Corporation\PhysX\Common;C:\Program Files\NVIDIA Corporation\NVIDIA NvDLISR;C:\Program Files\Git\cmd;C:\Users\MSI MODERN\AppData\Local\Microsoft\WindowsApps;C:\Users\MSI MODERN\AppData\Local\Programs\Microsoft VS Code\bin;C:\Program Files\Java\jdk-23\bin;
USERNAME=MSI MODERN
OS=Windows_NT
PROCESSOR_IDENTIFIER=Intel64 Family 6 Model 141 Stepping 1, GenuineIntel
TMP=C:\Users\MSIMOD~1\AppData\Local\Temp
TEMP=C:\Users\MSIMOD~1\AppData\Local\Temp




Periodic native trim disabled

JNI global refs:
JNI global refs: 13, weak refs: 3

JNI global refs memory usage: 835, weak refs: 833

Process memory usage:
Resident Set Size: 358420K (4% of 8083116K total physical memory with 559960K free physical memory)

OOME stack traces (most recent first):
Classloader memory used:
Loader jdk.internal.loader.ClassLoaders$AppClassLoader                                 : 48339K
Loader bootstrap                                                                       : 11032K
Loader java.net.URLClassLoader                                                         : 261K

---------------  S Y S T E M  ---------------

OS:
 Windows 11 , 64 bit Build 22621 (10.0.22621.5124)
OS uptime: 26 days 6:47 hours
Hyper-V role detected

CPU: total 12 (initial active 12) (6 cores per cpu, 2 threads per core) family 6 model 141 stepping 1 microcode 0x34, cx8, cmov, fxsr, ht, mmx, 3dnowpref, sse, sse2, sse3, ssse3, sse4.1, sse4.2, popcnt, lzcnt, tsc, tscinvbit, avx, avx2, aes, erms, clmul, bmi1, bmi2, adx, avx512f, avx512dq, avx512cd, avx512bw, avx512vl, sha, fma, vzeroupper, avx512_vpopcntdq, avx512_vpclmulqdq, avx512_vaes, avx512_vnni, clflush, clflushopt, clwb, avx512_vbmi2, avx512_vbmi, hv, rdtscp, rdpid, fsrm, gfni, avx512_bitalg, f16c, cet_ibt, cet_ss, avx512_ifma
Processor Information for all 12 processors :
  Max Mhz: 2688, Current Mhz: 2688, Mhz Limit: 2688

Memory: 4k page, system-wide physical 7893M (546M free)
TotalPageFile size 16085M (AvailPageFile size 96M)
current process WorkingSet (physical memory assigned to process): 350M, peak: 369M
current process commit charge ("private bytes"): 364M, peak: 520M

vm_info: OpenJDK 64-Bit Server VM (21.0.5+-13047016-b750.29) for windows-amd64 JRE (21.0.5+-13047016-b750.29), built on 2025-02-11T21:12:39Z by "builder" with MS VC++ 16.10 / 16.11 (VS2019)

END.
