#
# There is insufficient memory for the Java Runtime Environment to continue.
# Native memory allocation (mmap) failed to map 65536 bytes. Error detail: Failed to commit metaspace.
# Possible reasons:
#   The system is out of physical RAM or swap space
#   This process is running with CompressedOops enabled, and the Java Heap may be blocking the growth of the native heap
# Possible solutions:
#   Reduce memory load on the system
#   Increase physical memory or swap space
#   Check if swap backing store is full
#   Decrease Java heap size (-Xmx/-Xms)
#   Decrease number of Java threads
#   Decrease Java thread stack sizes (-Xss)
#   Set larger code cache with -XX:ReservedCodeCacheSize=
#   JVM is running with Unscaled Compressed Oops mode in which the Java heap is
#     placed in the first 4GB address space. The Java Heap base address is the
#     maximum limit for the native heap growth. Please use -XX:HeapBaseMinAddress
#     to set the Java Heap base and to place the Java Heap above 4GB virtual address.
# This output file may be truncated or incomplete.
#
#  Out of Memory Error (virtualSpaceNode.cpp:113), pid=9108, tid=17292
#
# JRE version: OpenJDK Runtime Environment (21.0.5) (build 21.0.5+-13047016-b750.29)
# Java VM: OpenJDK 64-Bit Server VM (21.0.5+-13047016-b750.29, mixed mode, tiered, compressed oops, compressed class ptrs, g1 gc, windows-amd64)
# No core dump will be written. Minidumps are not enabled by default on client versions of Windows
#

---------------  S U M M A R Y ------------

Command Line: org.jetbrains.kotlin.cli.jvm.K2JVMCompiler @C:\Users\MSI MODERN\AndroidStudioProjects\SetoranHafalanDosen\app\build\20250522_5668604346967111228.compiler.options

Host: 11th Gen Intel(R) Core(TM) i5-11400H @ 2.70GHz, 12 cores, 7G,  Windows 11 , 64 bit Build 22621 (10.0.22621.5124)
Time: Thu May 22 21:45:52 2025 SE Asia Standard Time elapsed time: 1.182208 seconds (0d 0h 0m 1s)

---------------  T H R E A D  ---------------

Current thread (0x00000229ec6fdcc0):  JavaThread "main"             [_thread_in_vm, id=17292, stack(0x000000e5c5b00000,0x000000e5c5c00000) (1024K)]

Stack: [0x000000e5c5b00000,0x000000e5c5c00000]
Native frames: (J=compiled Java code, j=interpreted, Vv=VM code, C=native code)
V  [jvm.dll+0x6cfb29]
V  [jvm.dll+0x85df93]
V  [jvm.dll+0x8604ee]
V  [jvm.dll+0x860bd3]
V  [jvm.dll+0x27e6b6]
V  [jvm.dll+0x858e6e]
V  [jvm.dll+0x673d95]
V  [jvm.dll+0x1e3111]
V  [jvm.dll+0x1e2ede]
V  [jvm.dll+0x6766e8]
V  [jvm.dll+0x676522]
V  [jvm.dll+0x67478e]
V  [jvm.dll+0x20f372]
V  [jvm.dll+0x20ed58]
V  [jvm.dll+0x215e26]
V  [jvm.dll+0x20ae29]
V  [jvm.dll+0x5b1d63]
V  [jvm.dll+0x7d5f50]
V  [jvm.dll+0x7d607e]
V  [jvm.dll+0x46ebdd]
V  [jvm.dll+0x474528]
C  [java.dll+0x17ec]

Java frames: (J=compiled Java code, j=interpreted, Vv=VM code)
J 300  java.lang.ClassLoader.defineClass1(Ljava/lang/ClassLoader;Ljava/lang/String;[BIILjava/security/ProtectionDomain;Ljava/lang/String;)Ljava/lang/Class; java.base@21.0.5 (0 bytes) @ 0x0000022987aea309 [0x0000022987aea240+0x00000000000000c9]
J 804 c1 java.lang.ClassLoader.defineClass(Ljava/lang/String;[BIILjava/security/ProtectionDomain;)Ljava/lang/Class; java.base@21.0.5 (43 bytes) @ 0x00000229801502ec [0x000002298014ffa0+0x000000000000034c]
J 724 c1 java.security.SecureClassLoader.defineClass(Ljava/lang/String;[BIILjava/security/CodeSource;)Ljava/lang/Class; java.base@21.0.5 (16 bytes) @ 0x0000022980126a1c [0x0000022980126940+0x00000000000000dc]
J 654 c1 jdk.internal.loader.BuiltinClassLoader.defineClass(Ljava/lang/String;Ljdk/internal/loader/Resource;)Ljava/lang/Class; java.base@21.0.5 (121 bytes) @ 0x00000229800fa11c [0x00000229800f8f00+0x000000000000121c]
J 518 c1 jdk.internal.loader.BuiltinClassLoader.findClassOnClassPathOrNull(Ljava/lang/String;)Ljava/lang/Class; java.base@21.0.5 (64 bytes) @ 0x00000229800b2754 [0x00000229800b1aa0+0x0000000000000cb4]
J 258 c1 jdk.internal.loader.BuiltinClassLoader.loadClassOrNull(Ljava/lang/String;Z)Ljava/lang/Class; java.base@21.0.5 (143 bytes) @ 0x000002298004d6dc [0x000002298004cce0+0x00000000000009fc]
J 409 c1 jdk.internal.loader.ClassLoaders$AppClassLoader.loadClass(Ljava/lang/String;Z)Ljava/lang/Class; java.base@21.0.5 (40 bytes) @ 0x000002298008ad5c [0x000002298008ab80+0x00000000000001dc]
J 408 c1 java.lang.ClassLoader.loadClass(Ljava/lang/String;)Ljava/lang/Class; java.base@21.0.5 (7 bytes) @ 0x000002298008a844 [0x000002298008a740+0x0000000000000104]
v  ~StubRoutines::call_stub 0x00000229875310e7
j  org.jetbrains.kotlin.cli.common.messages.CompilerMessageSeverity.getPresentableName()Ljava/lang/String;+0
j  org.jetbrains.kotlin.cli.common.messages.PlainTextMessageRenderer.render(Lorg/jetbrains/kotlin/cli/common/messages/CompilerMessageSeverity;Ljava/lang/String;Lorg/jetbrains/kotlin/cli/common/messages/CompilerMessageSourceLocation;)Ljava/lang/String;+318
j  org.jetbrains.kotlin.cli.common.messages.PrintingMessageCollector.report(Lorg/jetbrains/kotlin/cli/common/messages/CompilerMessageSeverity;Ljava/lang/String;Lorg/jetbrains/kotlin/cli/common/messages/CompilerMessageSourceLocation;)V+58
j  org.jetbrains.kotlin.cli.common.messages.GroupingMessageCollector.flush()V+171
j  org.jetbrains.kotlin.cli.common.CLICompiler.execImpl(Lorg/jetbrains/kotlin/cli/common/messages/MessageCollector;Lorg/jetbrains/kotlin/config/Services;Lorg/jetbrains/kotlin/cli/common/arguments/CommonCompilerArguments;)Lorg/jetbrains/kotlin/cli/common/ExitCode;+597
j  org.jetbrains.kotlin.cli.common.CLICompiler.execImpl(Lorg/jetbrains/kotlin/cli/common/messages/MessageCollector;Lorg/jetbrains/kotlin/config/Services;Lorg/jetbrains/kotlin/cli/common/arguments/CommonToolArguments;)Lorg/jetbrains/kotlin/cli/common/ExitCode;+7
j  org.jetbrains.kotlin.cli.common.CLITool.exec(Lorg/jetbrains/kotlin/cli/common/messages/MessageCollector;Lorg/jetbrains/kotlin/config/Services;Lorg/jetbrains/kotlin/cli/common/arguments/CommonToolArguments;)Lorg/jetbrains/kotlin/cli/common/ExitCode;+76
j  org.jetbrains.kotlin.cli.common.CLITool.exec(Ljava/io/PrintStream;Lorg/jetbrains/kotlin/config/Services;Lorg/jetbrains/kotlin/cli/common/messages/MessageRenderer;[Ljava/lang/String;)Lorg/jetbrains/kotlin/cli/common/ExitCode;+239
j  org.jetbrains.kotlin.cli.common.CLITool.exec(Ljava/io/PrintStream;Lorg/jetbrains/kotlin/cli/common/messages/MessageRenderer;[Ljava/lang/String;)Lorg/jetbrains/kotlin/cli/common/ExitCode;+25
j  org.jetbrains.kotlin.cli.common.CLITool$Companion.doMainNoExit(Lorg/jetbrains/kotlin/cli/common/CLITool;[Ljava/lang/String;Lorg/jetbrains/kotlin/cli/common/messages/MessageRenderer;)Lorg/jetbrains/kotlin/cli/common/ExitCode;+39
j  org.jetbrains.kotlin.cli.common.CLITool$Companion.doMainNoExit$default(Lorg/jetbrains/kotlin/cli/common/CLITool$Companion;Lorg/jetbrains/kotlin/cli/common/CLITool;[Ljava/lang/String;Lorg/jetbrains/kotlin/cli/common/messages/MessageRenderer;ILjava/lang/Object;)Lorg/jetbrains/kotlin/cli/common/ExitCode;+16
j  org.jetbrains.kotlin.cli.common.CLITool$Companion.doMain(Lorg/jetbrains/kotlin/cli/common/CLITool;[Ljava/lang/String;)V+54
j  org.jetbrains.kotlin.cli.jvm.K2JVMCompiler$Companion.main([Ljava/lang/String;)V+20
j  org.jetbrains.kotlin.cli.jvm.K2JVMCompiler.main([Ljava/lang/String;)V+4
v  ~StubRoutines::call_stub 0x00000229875310e7

Compiled method (n/a) 1213  300     n 0       java.lang.ClassLoader::defineClass1 (native)
 total in heap  [0x0000022987aea090,0x0000022987aea7e8] = 1880
 relocation     [0x0000022987aea1f0,0x0000022987aea230] = 64
 main code      [0x0000022987aea240,0x0000022987aea7e7] = 1447
 stub code      [0x0000022987aea7e7,0x0000022987aea7e8] = 1

[Constant Pool (empty)]

[MachCode]
[Entry Point]
  # {method} {0x00000229f8025018} 'defineClass1' '(Ljava/lang/ClassLoader;Ljava/lang/String;[BIILjava/security/ProtectionDomain;Ljava/lang/String;)Ljava/lang/Class;' in 'java/lang/ClassLoader'
  # parm0:    rdx:rdx   = 'java/lang/ClassLoader'
  # parm1:    r8:r8     = 'java/lang/String'
  # parm2:    r9:r9     = '[B'
  # parm3:    rdi       = int
  # parm4:    rsi       = int
  # parm5:    rcx:rcx   = 'java/security/ProtectionDomain'
  # parm6:    [sp+0xa0]   = 'java/lang/String'  (sp of caller)
  0x0000022987aea240: 448b 5208 | 49c1 e203 | 493b c20f | 8407 0000 

  0x0000022987aea250: ;   {runtime_call ic_miss_stub}
  0x0000022987aea250: 00e9 2a47 | a9ff 6690 
[Verified Entry Point]
  0x0000022987aea258: 8984 2400 | 80ff ff55 | 488b ec48 | 81ec 9000 | 0000 6690 | 4181 7f20 | 0100 0000 

  0x0000022987aea274: ;   {runtime_call StubRoutines (final stubs)}
  0x0000022987aea274: 7405 e805 | 12a8 ff48 | 837d 1000 | 488d 4510 | 480f 4445 | 1048 8944 | 2440 4889 | 4c24 7048 
  0x0000022987aea294: 83f9 0048 | 8d44 2470 | 480f 4444 | 2470 4889 | 4424 3848 | 8974 2430 | 4889 7c24 | 284c 894c 
  0x0000022987aea2b4: 2458 4983 | f900 488d | 4424 5848 | 0f44 4424 | 5848 8944 | 2420 4c89 | 4424 5049 | 83f8 004c 
  0x0000022987aea2d4: 8d4c 2450 | 4c0f 444c | 2450 4889 | 5424 4848 | 83fa 004c | 8d44 2448 | 4c0f 4444 

  0x0000022987aea2f0: ;   {oop(a 'java/lang/Class'{0x000000008aed6c88} = 'java/lang/ClassLoader')}
  0x0000022987aea2f0: 2448 49be | 886c ed8a | 0000 0000 | 4c89 7424 | 784c 8d74 | 2478 498b | d6c5 f877 

  0x0000022987aea30c: ;   {internal_word}
  0x0000022987aea30c: 49ba 09a3 | ae87 2902 | 0000 4d89 | 97a0 0300 | 0049 89a7 | 9803 0000 

  0x0000022987aea324: ;   {external_word}
  0x0000022987aea324: 49ba 4047 | 88db f97f | 0000 4180 | 3a00 0f84 | 4e00 0000 | 5241 5041 

  0x0000022987aea33c: ;   {metadata({method} {0x00000229f8025018} 'defineClass1' '(Ljava/lang/ClassLoader;Ljava/lang/String;[BIILjava/security/ProtectionDomain;Ljava/lang/String;)Ljava/lang/Class;' in 'java/lang/ClassLoader')}
  0x0000022987aea33c: 5148 ba10 | 5002 f829 | 0200 0049 | 8bcf 4883 | ec20 40f6 | c40f 0f84 | 1900 0000 | 4883 ec08 
  0x0000022987aea35c: ;   {runtime_call}
  0x0000022987aea35c: 48b8 d06b | 42db f97f | 0000 ffd0 | 4883 c408 | e90c 0000 

  0x0000022987aea370: ;   {runtime_call}
  0x0000022987aea370: 0048 b8d0 | 6b42 dbf9 | 7f00 00ff | d048 83c4 | 2041 5941 | 585a 498d | 8fb8 0300 | 0041 c787 
  0x0000022987aea390: 4404 0000 | 0400 0000 

  0x0000022987aea398: ;   {runtime_call}
  0x0000022987aea398: 48b8 ac16 | bcff f97f | 0000 ffd0 | c5f8 7741 | c787 4404 | 0000 0500 | 0000 f083 | 4424 c000 
  0x0000022987aea3b8: 493b af48 | 0400 000f | 870e 0000 | 0041 83bf | 4004 0000 | 000f 842b | 0000 00c5 | f877 4889 
  0x0000022987aea3d8: 45f8 498b | cf4c 8be4 | 4883 ec20 | 4883 e4f0 

  0x0000022987aea3e8: ;   {runtime_call}
  0x0000022987aea3e8: 48b8 70da | 0ddb f97f | 0000 ffd0 | 498b e44d | 33e4 488b | 45f8 41c7 | 8744 0400 | 0008 0000 
  0x0000022987aea408: 0041 83bf | c004 0000 | 020f 84a3 

  0x0000022987aea414: ;   {external_word}
  0x0000022987aea414: 0300 0049 | ba40 4788 | dbf9 7f00 | 0041 803a | 000f 844c | 0000 0048 

  0x0000022987aea42c: ;   {metadata({method} {0x00000229f8025018} 'defineClass1' '(Ljava/lang/ClassLoader;Ljava/lang/String;[BIILjava/security/ProtectionDomain;Ljava/lang/String;)Ljava/lang/Class;' in 'java/lang/ClassLoader')}
  0x0000022987aea42c: 8945 f848 | ba10 5002 | f829 0200 | 0049 8bcf | 4883 ec20 | 40f6 c40f | 0f84 1900 | 0000 4883 
  0x0000022987aea44c: ;   {runtime_call}
  0x0000022987aea44c: ec08 48b8 | d06b 42db | f97f 0000 | ffd0 4883 | c408 e90c 

  0x0000022987aea460: ;   {runtime_call}
  0x0000022987aea460: 0000 0048 | b8d0 6b42 | dbf9 7f00 | 00ff d048 | 83c4 2048 | 8b45 f849 | c787 9803 | 0000 0000 
  0x0000022987aea480: 0000 49c7 | 87a0 0300 | 0000 0000 | 00c5 f877 | 4885 c00f | 84fe 0200 | 00a8 030f | 8508 0000 
  0x0000022987aea4a0: 0048 8b00 | e9ee 0200 | 00a8 010f | 8509 0000 | 0048 8b40 | fee9 dd02 | 0000 488b | 40ff 4180 
  0x0000022987aea4c0: 7f40 000f | 84ce 0200 | 0048 83f8 | 000f 84c4 | 0200 0049 | 8b4f 2848 | 83f9 000f | 8414 0000 
  0x0000022987aea4e0: 0048 83e9 | 0849 894f | 2849 034f | 3848 8901 | e9a2 0200 | 0048 81ec | 5001 0000 | 4889 0424 
  0x0000022987aea500: 4889 4c24 | 0848 8954 | 2410 4889 | 7424 1848 | 897c 2420 | 4c89 4424 | 284c 894c | 2430 4c89 
  0x0000022987aea520: 5424 384c | 895c 2440 | c5fb 1144 | 2450 c5fb | 114c 2458 | c5fb 1154 | 2460 c5fb | 115c 2468 
  0x0000022987aea540: c5fb 1164 | 2470 c5fb | 116c 2478 | c5fb 11b4 | 2480 0000 | 00c5 fb11 | bc24 8800 | 0000 c57b 
  0x0000022987aea560: ;   {no_reloc}
  0x0000022987aea560: 1184 2490 | 0000 00c5 | 7b11 8c24 | 9800 0000 | c57b 1194 | 24a0 0000 | 00c5 7b11 | 9c24 a800 
  0x0000022987aea580: 0000 c57b | 11a4 24b0 | 0000 00c5 | 7b11 ac24 | b800 0000 | c57b 11b4 | 24c0 0000 | 00c5 7b11 
  0x0000022987aea5a0: bc24 c800 | 0000 62e1 | ff08 1144 | 241a 62e1 | ff08 114c | 241b 62e1 | ff08 1154 | 241c 62e1 
  0x0000022987aea5c0: ff08 115c | 241d 62e1 | ff08 1164 | 241e 62e1 | ff08 116c | 241f 62e1 | ff08 1174 | 2420 62e1 
  0x0000022987aea5e0: ff08 117c | 2421 6261 | ff08 1144 | 2422 6261 | ff08 114c | 2423 6261 | ff08 1154 | 2424 6261 
  0x0000022987aea600: ff08 115c | 2425 6261 | ff08 1164 | 2426 6261 | ff08 116c | 2427 6261 | ff08 1174 | 2428 6261 
  0x0000022987aea620: ff08 117c | 2429 498b | d748 8bc8 | 4883 ec20 | 40f6 c40f | 0f84 1900 | 0000 4883 

  0x0000022987aea63c: ;   {runtime_call}
  0x0000022987aea63c: ec08 48b8 | 70ed 00db | f97f 0000 | ffd0 4883 | c408 e90c 

  0x0000022987aea650: ;   {runtime_call}
  0x0000022987aea650: 0000 0048 | b870 ed00 | dbf9 7f00 | 00ff d048 | 83c4 2062 | 61ff 0810 | 7c24 2962 | 61ff 0810 
  0x0000022987aea670: 7424 2862 | 61ff 0810 | 6c24 2762 | 61ff 0810 | 6424 2662 | 61ff 0810 | 5c24 2562 | 61ff 0810 
  0x0000022987aea690: 5424 2462 | 61ff 0810 | 4c24 2362 | 61ff 0810 | 4424 2262 | e1ff 0810 | 7c24 2162 | e1ff 0810 
  0x0000022987aea6b0: 7424 2062 | e1ff 0810 | 6c24 1f62 | e1ff 0810 | 6424 1e62 | e1ff 0810 | 5c24 1d62 | e1ff 0810 
  0x0000022987aea6d0: 5424 1c62 | e1ff 0810 | 4c24 1b62 | e1ff 0810 | 4424 1ac5 | 7b10 bc24 | c800 0000 | c57b 10b4 
  0x0000022987aea6f0: 24c0 0000 | 00c5 7b10 | ac24 b800 | 0000 c57b | 10a4 24b0 | 0000 00c5 | 7b10 9c24 | a800 0000 
  0x0000022987aea710: c57b 1094 | 24a0 0000 | 00c5 7b10 | 8c24 9800 | 0000 c57b | 1084 2490 | 0000 00c5 | fb10 bc24 
  0x0000022987aea730: 8800 0000 | c5fb 10b4 | 2480 0000 | 00c5 fb10 | 6c24 78c5 | fb10 6424 | 70c5 fb10 | 5c24 68c5 
  0x0000022987aea750: ;   {no_reloc}
  0x0000022987aea750: fb10 5424 | 60c5 fb10 | 4c24 58c5 | fb10 4424 | 504c 8b5c | 2440 4c8b | 5424 384c | 8b4c 2430 
  0x0000022987aea770: 4c8b 4424 | 2848 8b7c | 2420 488b | 7424 1848 | 8b54 2410 | 488b 4c24 | 0848 8b04 | 2448 81c4 
  0x0000022987aea790: 5001 0000 | c5f8 7749 | 8b8f 2804 | 0000 c781 | 0001 0000 | 0000 0000 | c949 837f | 0800 0f85 
  0x0000022987aea7b0: 0100 0000 

  0x0000022987aea7b4: ;   {runtime_call StubRoutines (initial stubs)}
  0x0000022987aea7b4: c3e9 4667 | a4ff c5f8 | 7748 8945 | f84c 8be4 | 4883 ec20 | 4883 e4f0 

  0x0000022987aea7cc: ;   {runtime_call}
  0x0000022987aea7cc: 48b8 70a3 | 42db f97f | 0000 ffd0 | 498b e44d | 33e4 488b | 45f8 e930 | fcff fff4 
[/MachCode]


Compiled method (c1) 1228  804       3       java.lang.ClassLoader::defineClass (43 bytes)
 total in heap  [0x000002298014fd90,0x00000229801506f8] = 2408
 relocation     [0x000002298014fef0,0x000002298014ff90] = 160
 main code      [0x000002298014ffa0,0x0000022980150430] = 1168
 stub code      [0x0000022980150430,0x00000229801504a8] = 120
 metadata       [0x00000229801504a8,0x00000229801504e8] = 64
 scopes data    [0x00000229801504e8,0x00000229801505d8] = 240
 scopes pcs     [0x00000229801505d8,0x00000229801506b8] = 224
 dependencies   [0x00000229801506b8,0x00000229801506d0] = 24
 nul chk table  [0x00000229801506d0,0x00000229801506f8] = 40

[Constant Pool (empty)]

[MachCode]
[Entry Point]
  # {method} {0x00000229f8024e38} 'defineClass' '(Ljava/lang/String;[BIILjava/security/ProtectionDomain;)Ljava/lang/Class;' in 'java/lang/ClassLoader'
  # this:     rdx:rdx   = 'java/lang/ClassLoader'
  # parm0:    r8:r8     = 'java/lang/String'
  # parm1:    r9:r9     = '[B'
  # parm2:    rdi       = int
  # parm3:    rsi       = int
  # parm4:    rcx:rcx   = 'java/security/ProtectionDomain'
  #           [sp+0xc0]  (sp of caller)
  0x000002298014ffa0: 448b 5208 | 49c1 e203 

  0x000002298014ffa8: ;   {runtime_call ic_miss_stub}
  0x000002298014ffa8: 4c3b d00f | 85cf e942 | 0766 6666 | 0f1f 8400 | 0000 0000 | 6666 6690 
[Verified Entry Point]
  0x000002298014ffc0: 8984 2400 | 80ff ff55 | 4881 ecb0 | 0000 0090 | 4181 7f20 | 0100 0000 

  0x000002298014ffd8: ;   {runtime_call StubRoutines (final stubs)}
  0x000002298014ffd8: 7405 e8a1 | b441 0748 | 8954 2478 

  0x000002298014ffe4: ;   {metadata(method data for {method} {0x00000229f8024e38} 'defineClass' '(Ljava/lang/String;[BIILjava/security/ProtectionDomain;)Ljava/lang/Class;' in 'java/lang/ClassLoader')}
  0x000002298014ffe4: 48bb 506b | 9ff8 2902 | 0000 8b83 | cc00 0000 | 83c0 0289 | 83cc 0000 | 0025 fe07 | 0000 85c0 
  0x0000022980150004: 0f84 4803 | 0000 89b4 | 2494 0000 | 0089 bc24 | 9000 0000 | 4c89 8c24 | 8800 0000 

  0x0000022980150020: ;   {metadata(method data for {method} {0x00000229f8024e38} 'defineClass' '(Ljava/lang/String;[BIILjava/security/ProtectionDomain;)Ljava/lang/Class;' in 'java/lang/ClassLoader')}
  0x0000022980150020: 488b da48 | b850 6b9f | f829 0200 | 0048 8380 | 1001 0000 | 0149 8bd8 | 4c8b c34c | 8bc9 488b 
  0x0000022980150040: ca48 8bd1 | 4889 9c24 | 8000 0000 

  0x000002298015004c: ;   {optimized virtual_call}
  0x000002298015004c: 6666 90e8 

  0x0000022980150050: ; ImmutableOopMap {[120]=Oop [128]=Oop [136]=Oop }
                      ;*invokevirtual preDefineClass {reexecute=0 rethrow=0 return_oop=0}
                      ; - java.lang.ClassLoader::defineClass@4
  0x0000022980150050: cc53 0000 

  0x0000022980150054: ;   {other}
  0x0000022980150054: 0f1f 8400 | c402 0000 | 4889 8424 | 9800 0000 | 488b 5424 

  0x0000022980150068: ;   {metadata(method data for {method} {0x00000229f8024e38} 'defineClass' '(Ljava/lang/String;[BIILjava/security/ProtectionDomain;)Ljava/lang/Class;' in 'java/lang/ClassLoader')}
  0x0000022980150068: 7849 b850 | 6b9f f829 | 0200 0049 | 8380 4801 

  0x0000022980150078: ;   {metadata(method data for {method} {0x00000229f8024c58} 'defineClassSourceLocation' '(Ljava/security/ProtectionDomain;)Ljava/lang/String;' in 'java/lang/ClassLoader')}
  0x0000022980150078: 0000 0149 | b808 da9f | f829 0200 | 0041 8b90 | cc00 0000 | 83c2 0241 | 8990 cc00 | 0000 81e2 
  0x0000022980150098: feff 1f00 | 85d2 0f84 | cf02 0000 

  0x00000229801500a4: ; implicit exception: dispatches to 0x0000022980150394
  0x00000229801500a4: 483b 004c 

  0x00000229801500a8: ;   {metadata(method data for {method} {0x00000229f8024c58} 'defineClassSourceLocation' '(Ljava/security/ProtectionDomain;)Ljava/lang/String;' in 'java/lang/ClassLoader')}
  0x00000229801500a8: 8bc0 48ba | 08da 9ff8 | 2902 0000 | 4883 8210 | 0100 0001 | 448b 4010 

  0x00000229801500c0: ;   {metadata(method data for {method} {0x00000229f8024c58} 'defineClassSourceLocation' '(Ljava/security/ProtectionDomain;)Ljava/lang/String;' in 'java/lang/ClassLoader')}
  0x00000229801500c0: 4d85 c048 | ba08 da9f | f829 0200 | 0048 c7c6 | 5801 0000 | 7507 48c7 | c648 0100 | 0048 8b3c 
  0x00000229801500e0: 3248 8d7f | 0148 893c | 320f 850f 

  0x00000229801500ec: ;   {oop(nullptr)}
  0x00000229801500ec: 0000 0048 | bb00 0000 | 0000 0000 | 00e9 9901 | 0000 493b | 0049 8bd0 

  0x0000022980150104: ;   {metadata(method data for {method} {0x00000229f8024c58} 'defineClassSourceLocation' '(Ljava/security/ProtectionDomain;)Ljava/lang/String;' in 'java/lang/ClassLoader')}
  0x0000022980150104: 48be 08da | 9ff8 2902 | 0000 4883 | 8668 0100 | 0001 418b | 500c 4885 

  0x000002298015011c: ;   {metadata(method data for {method} {0x00000229f8024c58} 'defineClassSourceLocation' '(Ljava/security/ProtectionDomain;)Ljava/lang/String;' in 'java/lang/ClassLoader')}
  0x000002298015011c: d248 be08 | da9f f829 | 0200 0048 | c7c7 b001 | 0000 7507 | 48c7 c7a0 | 0100 0048 | 8b1c 3e48 
  0x000002298015013c: 8d5b 0148 | 891c 3e0f | 850f 0000 

  0x0000022980150148: ;   {oop(nullptr)}
  0x0000022980150148: 0048 bb00 | 0000 0000 | 0000 00e9 | 3f01 0000 

  0x0000022980150158: ;   {metadata(method data for {method} {0x00000229f8024c58} 'defineClassSourceLocation' '(Ljava/security/ProtectionDomain;)Ljava/lang/String;' in 'java/lang/ClassLoader')}
  0x0000022980150158: 48be 08da | 9ff8 2902 | 0000 4883 | 86c0 0100 | 0001 483b | 024c 8bc2 

  0x0000022980150170: ;   {metadata(method data for {method} {0x00000229f8024c58} 'defineClassSourceLocation' '(Ljava/security/ProtectionDomain;)Ljava/lang/String;' in 'java/lang/ClassLoader')}
  0x0000022980150170: 48be 08da | 9ff8 2902 | 0000 4883 | 86f8 0100 

  0x0000022980150180: ;   {metadata(method data for {method} {0x00000229f80f5f70} 'toString' '()Ljava/lang/String;' in 'java/net/URL')}
  0x0000022980150180: 0001 49b8 | 28ce 91f8 | 2902 0000 | 418b b0cc | 0000 0083 | c602 4189 | b0cc 0000 | 0081 e6fe 
  0x00000229801501a0: ff1f 0085 | f60f 84f8 | 0100 004c 

  0x00000229801501ac: ;   {metadata(method data for {method} {0x00000229f80f5f70} 'toString' '()Ljava/lang/String;' in 'java/net/URL')}
  0x00000229801501ac: 8bc2 48be | 28ce 91f8 | 2902 0000 | 4883 8610 | 0100 0001 

  0x00000229801501c0: ;   {metadata(method data for {method} {0x00000229f80f6028} 'toExternalForm' '()Ljava/lang/String;' in 'java/net/URL')}
  0x00000229801501c0: 49b8 b0cf | 91f8 2902 | 0000 418b | b0cc 0000 | 0083 c602 | 4189 b0cc | 0000 0081 | e6fe ff1f 
  0x00000229801501e0: 0085 f60f | 84db 0100 | 008b 7238 

  0x00000229801501ec: ; implicit exception: dispatches to 0x00000229801503e5
  0x00000229801501ec: 483b 064c 

  0x00000229801501f0: ;   {metadata(method data for {method} {0x00000229f80f6028} 'toExternalForm' '()Ljava/lang/String;' in 'java/net/URL')}
  0x00000229801501f0: 8bc6 48bf | b0cf 91f8 | 2902 0000 | 458b 4008 | 49c1 e003 | 4c3b 8720 | 0100 0075 | 0d48 8387 
  0x0000022980150210: 2801 0000 | 01e9 6000 | 0000 4c3b | 8730 0100 | 0075 0d48 | 8387 3801 | 0000 01e9 | 4a00 0000 
  0x0000022980150230: 4883 bf20 | 0100 0000 | 7517 4c89 | 8720 0100 | 0048 c787 | 2801 0000 | 0100 0000 | e929 0000 
  0x0000022980150250: 0048 83bf | 3001 0000 | 0075 174c | 8987 3001 | 0000 48c7 | 8738 0100 | 0001 0000 | 00e9 0800 
  0x0000022980150270: 0000 4883 | 8710 0100 | 0001 4c8b | c248 8bd6 | 0f1f 8000 

  0x0000022980150284: ;   {optimized virtual_call}
  0x0000022980150284: 0000 00e8 

  0x0000022980150288: ; ImmutableOopMap {[120]=Oop [128]=Oop [136]=Oop [152]=Oop }
                      ;*invokevirtual toExternalForm {reexecute=0 rethrow=0 return_oop=0}
                      ; - java.net.URL::toExternalForm@5
                      ; - java.net.URL::toString@1
                      ; - java.lang.ClassLoader::defineClassSourceLocation@22
                      ; - java.lang.ClassLoader::defineClass@12
  0x0000022980150288: 1451 fbff 

  0x000002298015028c: ;   {other}
  0x000002298015028c: 0f1f 8400 | fc04 0001 | 488b d848 | 8b84 2498 | 0000 008b | b424 9400 | 0000 8bbc | 2490 0000 
  0x00000229801502ac: 004c 8b8c | 2488 0000 | 004c 8b84 | 2480 0000 | 0048 8b54 

  0x00000229801502c0: ;   {metadata(method data for {method} {0x00000229f8024e38} 'defineClass' '(Ljava/lang/String;[BIILjava/security/ProtectionDomain;)Ljava/lang/Class;' in 'java/lang/ClassLoader')}
  0x00000229801502c0: 2478 48b9 | 506b 9ff8 | 2902 0000 | 4883 8180 | 0100 0001 | 4c8b da49 | 8bd3 488b | c848 891c 
  0x00000229801502e0: 2466 0f1f 

  0x00000229801502e4: ;   {static_call}
  0x00000229801502e4: 4400 00e8 

  0x00000229801502e8: ; ImmutableOopMap {[120]=Oop [152]=Oop }
                      ;*invokestatic defineClass1 {reexecute=0 rethrow=0 return_oop=0}
                      ; - java.lang.ClassLoader::defineClass@27
  0x00000229801502e8: 6c9f 9907 

  0x00000229801502ec: ;   {other}
  0x00000229801502ec: 0f1f 8400 | 5c05 0002 | 488b 5424 

  0x00000229801502f8: ;   {metadata(method data for {method} {0x00000229f8024e38} 'defineClass' '(Ljava/lang/String;[BIILjava/security/ProtectionDomain;)Ljava/lang/Class;' in 'java/lang/ClassLoader')}
  0x00000229801502f8: 7849 b850 | 6b9f f829 | 0200 0049 | 8380 9001 | 0000 014c | 8bc0 4c8b | 8c24 9800 | 0000 488b 
  0x0000022980150318: 5424 7848 | 8984 24a0 | 0000 000f 

  0x0000022980150324: ;   {optimized virtual_call}
  0x0000022980150324: 1f40 00e8 

  0x0000022980150328: ; ImmutableOopMap {[160]=Oop }
                      ;*invokevirtual postDefineClass {reexecute=0 rethrow=0 return_oop=0}
                      ; - java.lang.ClassLoader::defineClass@37
  0x0000022980150328: f474 feff 

  0x000002298015032c: ;   {other}
  0x000002298015032c: 0f1f 8400 | 9c05 0003 | 488b 8424 | a000 0000 | 4881 c4b0 | 0000 005d 

  0x0000022980150344: ;   {poll_return}
  0x0000022980150344: 493b a748 | 0400 000f | 8799 0000 

  0x0000022980150350: ;   {metadata({method} {0x00000229f8024e38} 'defineClass' '(Ljava/lang/String;[BIILjava/security/ProtectionDomain;)Ljava/lang/Class;' in 'java/lang/ClassLoader')}
  0x0000022980150350: 00c3 49ba | 304e 02f8 | 2902 0000 | 4c89 5424 | 0848 c704 | 24ff ffff 

  0x0000022980150368: ;   {runtime_call counter_overflow Runtime1 stub}
  0x0000022980150368: ffe8 1212 

  0x000002298015036c: ; ImmutableOopMap {rdx=Oop r8=Oop r9=Oop rcx=Oop [120]=Oop }
                      ;*synchronization entry
                      ; - java.lang.ClassLoader::defineClass@-1
  0x000002298015036c: 5007 e997 

  0x0000022980150370: ;   {metadata({method} {0x00000229f8024c58} 'defineClassSourceLocation' '(Ljava/security/ProtectionDomain;)Ljava/lang/String;' in 'java/lang/ClassLoader')}
  0x0000022980150370: fcff ff49 | ba50 4c02 | f829 0200 | 004c 8954 | 2408 48c7 | 0424 ffff 

  0x0000022980150388: ;   {runtime_call counter_overflow Runtime1 stub}
  0x0000022980150388: ffff e8f1 

  0x000002298015038c: ; ImmutableOopMap {rax=Oop [120]=Oop [128]=Oop [136]=Oop [152]=Oop }
                      ;*synchronization entry
                      ; - java.lang.ClassLoader::defineClassSourceLocation@-1
                      ; - java.lang.ClassLoader::defineClass@12
  0x000002298015038c: 1150 07e9 | 10fd ffff 

  0x0000022980150394: ;   {runtime_call throw_null_pointer_exception Runtime1 stub}
  0x0000022980150394: e887 af4f 

  0x0000022980150398: ; ImmutableOopMap {rax=Oop [120]=Oop [128]=Oop [136]=Oop [152]=Oop }
                      ;*invokevirtual getCodeSource {reexecute=0 rethrow=0 return_oop=0}
                      ; - java.lang.ClassLoader::defineClassSourceLocation@1
                      ; - java.lang.ClassLoader::defineClass@12
                      ;   {runtime_call throw_null_pointer_exception Runtime1 stub}
  0x0000022980150398: 07e8 82af 

  0x000002298015039c: ; ImmutableOopMap {rax=Oop r8=Oop [120]=Oop [128]=Oop [136]=Oop [152]=Oop }
                      ;*invokevirtual getLocation {reexecute=0 rethrow=0 return_oop=0}
                      ; - java.lang.ClassLoader::defineClassSourceLocation@12
                      ; - java.lang.ClassLoader::defineClass@12
                      ;   {runtime_call throw_null_pointer_exception Runtime1 stub}
  0x000002298015039c: 4f07 e87d 

  0x00000229801503a0: ; ImmutableOopMap {rdx=Oop [120]=Oop [128]=Oop [136]=Oop [152]=Oop }
                      ;*invokevirtual toString {reexecute=0 rethrow=0 return_oop=0}
                      ; - java.lang.ClassLoader::defineClassSourceLocation@22
                      ; - java.lang.ClassLoader::defineClass@12
                      ;   {metadata({method} {0x00000229f80f5f70} 'toString' '()Ljava/lang/String;' in 'java/net/URL')}
  0x00000229801503a0: af4f 0749 | ba68 5f0f | f829 0200 | 004c 8954 | 2408 48c7 | 0424 ffff 

  0x00000229801503b8: ;   {runtime_call counter_overflow Runtime1 stub}
  0x00000229801503b8: ffff e8c1 

  0x00000229801503bc: ; ImmutableOopMap {rdx=Oop [120]=Oop [128]=Oop [136]=Oop [152]=Oop }
                      ;*synchronization entry
                      ; - java.net.URL::toString@-1
                      ; - java.lang.ClassLoader::defineClassSourceLocation@22
                      ; - java.lang.ClassLoader::defineClass@12
  0x00000229801503bc: 1150 07e9 | e7fd ffff 

  0x00000229801503c4: ;   {metadata({method} {0x00000229f80f6028} 'toExternalForm' '()Ljava/lang/String;' in 'java/net/URL')}
  0x00000229801503c4: 49ba 2060 | 0ff8 2902 | 0000 4c89 | 5424 0848 | c704 24ff 

  0x00000229801503d8: ;   {runtime_call counter_overflow Runtime1 stub}
  0x00000229801503d8: ffff ffe8 

  0x00000229801503dc: ; ImmutableOopMap {rdx=Oop [120]=Oop [128]=Oop [136]=Oop [152]=Oop }
                      ;*synchronization entry
                      ; - java.net.URL::toExternalForm@-1
                      ; - java.net.URL::toString@1
                      ; - java.lang.ClassLoader::defineClassSourceLocation@22
                      ; - java.lang.ClassLoader::defineClass@12
  0x00000229801503dc: a011 5007 | e904 feff 

  0x00000229801503e4: ;   {runtime_call throw_null_pointer_exception Runtime1 stub}
  0x00000229801503e4: ffe8 36af 

  0x00000229801503e8: ; ImmutableOopMap {rdx=Oop rsi=Oop [120]=Oop [128]=Oop [136]=Oop [152]=Oop }
                      ;*invokevirtual toExternalForm {reexecute=0 rethrow=0 return_oop=0}
                      ; - java.net.URL::toExternalForm@5
                      ; - java.net.URL::toString@1
                      ; - java.lang.ClassLoader::defineClassSourceLocation@22
                      ; - java.lang.ClassLoader::defineClass@12
                      ;   {internal_word}
  0x00000229801503e8: 4f07 49ba | 4403 1580 | 2902 0000 | 4d89 9760 

  0x00000229801503f8: ;   {runtime_call SafepointBlob}
  0x00000229801503f8: 0400 00e9 | 8067 4307 | 498b 87f8 | 0400 0049 | c787 f804 | 0000 0000 | 0000 49c7 | 8700 0500 
  0x0000022980150418: 0000 0000 | 0048 81c4 | b000 0000 

  0x0000022980150424: ;   {runtime_call unwind_exception Runtime1 stub}
  0x0000022980150424: 5de9 d69f | 4f07 f4f4 | f4f4 f4f4 
[Stub Code]
  0x0000022980150430: ;   {no_reloc}
  0x0000022980150430: 0f1f 4400 

  0x0000022980150434: ;   {static_stub}
  0x0000022980150434: 0048 bb00 | 0000 0000 

  0x000002298015043c: ;   {runtime_call nmethod}
  0x000002298015043c: 0000 00e9 | fbff ffff 

  0x0000022980150444: ;   {static_stub}
  0x0000022980150444: 48bb 784b | 02f8 2902 

  0x000002298015044c: ;   {runtime_call I2C/C2I adapters}
  0x000002298015044c: 0000 e9af 

  0x0000022980150450: ;   {static_stub}
  0x0000022980150450: ac42 0748 | bb00 0000 | 0000 0000 

  0x000002298015045c: ;   {runtime_call nmethod}
  0x000002298015045c: 00e9 fbff 

  0x0000022980150460: ;   {static_stub}
  0x0000022980150460: ffff 48bb | 0000 0000 | 0000 0000 

  0x000002298015046c: ;   {runtime_call nmethod}
  0x000002298015046c: e9fb ffff 

  0x0000022980150470: ;   {runtime_call handle_exception_from_callee Runtime1 stub}
  0x0000022980150470: ffe8 8ad4 

  0x0000022980150474: ;   {external_word}
  0x0000022980150474: 4f07 48b9 | 00ce 62db | f97f 0000 | 4883 e4f0 

  0x0000022980150484: ;   {runtime_call}
  0x0000022980150484: 48b8 7076 | 31db f97f | 0000 ffd0 

  0x0000022980150490: ;   {section_word}
  0x0000022980150490: f449 ba91 | 0415 8029 | 0200 0041 

  0x000002298015049c: ;   {runtime_call DeoptimizationBlob}
  0x000002298015049c: 52e9 7e7b | 4307 f4f4 | f4f4 f4f4 
[/MachCode]


Compiled method (c1) 1246  724       3       java.security.SecureClassLoader::defineClass (16 bytes)
 total in heap  [0x0000022980126790,0x0000022980126b90] = 1024
 relocation     [0x00000229801268f0,0x0000022980126940] = 80
 main code      [0x0000022980126940,0x0000022980126a98] = 344
 stub code      [0x0000022980126a98,0x0000022980126ae8] = 80
 metadata       [0x0000022980126ae8,0x0000022980126af0] = 8
 scopes data    [0x0000022980126af0,0x0000022980126b38] = 72
 scopes pcs     [0x0000022980126b38,0x0000022980126b88] = 80
 dependencies   [0x0000022980126b88,0x0000022980126b90] = 8

[Constant Pool (empty)]

[MachCode]
[Entry Point]
  # {method} {0x00000229f803d470} 'defineClass' '(Ljava/lang/String;[BIILjava/security/CodeSource;)Ljava/lang/Class;' in 'java/security/SecureClassLoader'
  # this:     rdx:rdx   = 'java/security/SecureClassLoader'
  # parm0:    r8:r8     = 'java/lang/String'
  # parm1:    r9:r9     = '[B'
  # parm2:    rdi       = int
  # parm3:    rsi       = int
  # parm4:    rcx:rcx   = 'java/security/CodeSource'
  #           [sp+0x80]  (sp of caller)
  0x0000022980126940: 448b 5208 | 49c1 e203 

  0x0000022980126948: ;   {runtime_call ic_miss_stub}
  0x0000022980126948: 4c3b d00f | 852f 8045 | 0766 6666 | 0f1f 8400 | 0000 0000 | 6666 6690 
[Verified Entry Point]
  0x0000022980126960: 8984 2400 | 80ff ff55 | 4883 ec70 | 4181 7f20 | 0100 0000 

  0x0000022980126974: ;   {runtime_call StubRoutines (final stubs)}
  0x0000022980126974: 7405 e805 

  0x0000022980126978: ;   {metadata(method data for {method} {0x00000229f803d470} 'defineClass' '(Ljava/lang/String;[BIILjava/security/CodeSource;)Ljava/lang/Class;' in 'java/security/SecureClassLoader')}
  0x0000022980126978: 4b44 0748 | bb10 c59d | f829 0200 | 008b 83cc | 0000 0083 | c002 8983 | cc00 0000 | 25fe 0700 
  0x0000022980126998: 0085 c00f | 8496 0000 | 0089 7424 | 5c89 7c24 | 584c 894c | 2450 4c89 | 4424 4848 

  0x00000229801269b4: ;   {metadata(method data for {method} {0x00000229f803d470} 'defineClass' '(Ljava/lang/String;[BIILjava/security/CodeSource;)Ljava/lang/Class;' in 'java/security/SecureClassLoader')}
  0x00000229801269b4: 8bda 48b8 | 10c5 9df8 | 2902 0000 | 4883 8010 | 0100 0001 | 4c8b c148 | 8bc2 488b | d048 8944 
  0x00000229801269d4: ;   {optimized virtual_call}
  0x00000229801269d4: 2440 90e8 

  0x00000229801269d8: ; ImmutableOopMap {[64]=Oop [72]=Oop [80]=Oop }
                      ;*invokevirtual getProtectionDomain {reexecute=0 rethrow=0 return_oop=0}
                      ; - java.security.SecureClassLoader::defineClass@9
  0x00000229801269d8: 448b 0200 

  0x00000229801269dc: ;   {other}
  0x00000229801269dc: 0f1f 8400 | 4c02 0000 | 488b 5424 

  0x00000229801269e8: ;   {metadata(method data for {method} {0x00000229f803d470} 'defineClass' '(Ljava/lang/String;[BIILjava/security/CodeSource;)Ljava/lang/Class;' in 'java/security/SecureClassLoader')}
  0x00000229801269e8: 4049 b810 | c59d f829 | 0200 0049 | 8380 4801 | 0000 014c | 8b44 2448 | 4c8b 4c24 | 508b 7c24 
  0x0000022980126a08: 588b 7424 | 5c48 8bc8 | 488b 5424 

  0x0000022980126a14: ;   {optimized virtual_call}
  0x0000022980126a14: 4066 90e8 

  0x0000022980126a18: ; ImmutableOopMap {}
                      ;*invokevirtual defineClass {reexecute=0 rethrow=0 return_oop=0}
                      ; - java.security.SecureClassLoader::defineClass@12
  0x0000022980126a18: a495 0200 

  0x0000022980126a1c: ;   {other}
  0x0000022980126a1c: 0f1f 8400 | 8c02 0001 | 4883 c470 

  0x0000022980126a28: ;   {poll_return}
  0x0000022980126a28: 5d49 3ba7 | 4804 0000 | 0f87 2200 

  0x0000022980126a34: ;   {metadata({method} {0x00000229f803d470} 'defineClass' '(Ljava/lang/String;[BIILjava/security/CodeSource;)Ljava/lang/Class;' in 'java/security/SecureClassLoader')}
  0x0000022980126a34: 0000 c349 | ba68 d403 | f829 0200 | 004c 8954 | 2408 48c7 | 0424 ffff 

  0x0000022980126a4c: ;   {runtime_call counter_overflow Runtime1 stub}
  0x0000022980126a4c: ffff e82d 

  0x0000022980126a50: ; ImmutableOopMap {rdx=Oop r8=Oop r9=Oop rcx=Oop }
                      ;*synchronization entry
                      ; - java.security.SecureClassLoader::defineClass@-1
  0x0000022980126a50: ab52 07e9 | 49ff ffff 

  0x0000022980126a58: ;   {internal_word}
  0x0000022980126a58: 49ba 296a | 1280 2902 | 0000 4d89 | 9760 0400 

  0x0000022980126a68: ;   {runtime_call SafepointBlob}
  0x0000022980126a68: 00e9 1201 | 4607 498b | 87f8 0400 | 0049 c787 | f804 0000 | 0000 0000 | 49c7 8700 | 0500 0000 
  0x0000022980126a88: 0000 0048 | 83c4 705d 

  0x0000022980126a90: ;   {runtime_call unwind_exception Runtime1 stub}
  0x0000022980126a90: e96b 3952 | 07f4 f4f4 
[Stub Code]
  0x0000022980126a98: ;   {no_reloc}
  0x0000022980126a98: 48bb a0d6 | 03f8 2902 

  0x0000022980126aa0: ;   {runtime_call I2C/C2I adapters}
  0x0000022980126aa0: 0000 e957 

  0x0000022980126aa4: ;   {static_stub}
  0x0000022980126aa4: e445 0748 | bb30 4e02 | f829 0200 

  0x0000022980126ab0: ;   {runtime_call I2C/C2I adapters}
  0x0000022980126ab0: 00e9 d685 

  0x0000022980126ab4: ;   {runtime_call handle_exception_from_callee Runtime1 stub}
  0x0000022980126ab4: 4407 e845 

  0x0000022980126ab8: ;   {external_word}
  0x0000022980126ab8: 6e52 0748 | b900 ce62 | dbf9 7f00 | 0048 83e4 

  0x0000022980126ac8: ;   {runtime_call}
  0x0000022980126ac8: f048 b870 | 7631 dbf9 | 7f00 00ff 

  0x0000022980126ad4: ;   {section_word}
  0x0000022980126ad4: d0f4 49ba | d66a 1280 | 2902 0000 

  0x0000022980126ae0: ;   {runtime_call DeoptimizationBlob}
  0x0000022980126ae0: 4152 e939 | 1546 07f4 
[/MachCode]


---------------  P R O C E S S  ---------------

Threads class SMR info:
_java_thread_list=0x00000229f7648e60, length=11, elements={
0x00000229ec6fdcc0, 0x00000229f74ac620, 0x00000229f74ad330, 0x00000229f74c35c0,
0x00000229f74c8340, 0x00000229f74c9e90, 0x00000229f74cc490, 0x00000229f74d5e10,
0x00000229f74db550, 0x00000229f7669140, 0x00000229f768b920
}

Java Threads: ( => current thread )
=>0x00000229ec6fdcc0 JavaThread "main"                              [_thread_in_vm, id=17292, stack(0x000000e5c5b00000,0x000000e5c5c00000) (1024K)]
  0x00000229f74ac620 JavaThread "Reference Handler"          daemon [_thread_blocked, id=19704, stack(0x000000e5c6300000,0x000000e5c6400000) (1024K)]
  0x00000229f74ad330 JavaThread "Finalizer"                  daemon [_thread_blocked, id=12948, stack(0x000000e5c6400000,0x000000e5c6500000) (1024K)]
  0x00000229f74c35c0 JavaThread "Signal Dispatcher"          daemon [_thread_blocked, id=20608, stack(0x000000e5c6500000,0x000000e5c6600000) (1024K)]
  0x00000229f74c8340 JavaThread "Attach Listener"            daemon [_thread_blocked, id=8004, stack(0x000000e5c6600000,0x000000e5c6700000) (1024K)]
  0x00000229f74c9e90 JavaThread "Service Thread"             daemon [_thread_blocked, id=15412, stack(0x000000e5c6700000,0x000000e5c6800000) (1024K)]
  0x00000229f74cc490 JavaThread "Monitor Deflation Thread"   daemon [_thread_blocked, id=19372, stack(0x000000e5c6800000,0x000000e5c6900000) (1024K)]
  0x00000229f74d5e10 JavaThread "C2 CompilerThread0"         daemon [_thread_blocked, id=10584, stack(0x000000e5c6900000,0x000000e5c6a00000) (1024K)]
  0x00000229f74db550 JavaThread "C1 CompilerThread0"         daemon [_thread_blocked, id=8456, stack(0x000000e5c6a00000,0x000000e5c6b00000) (1024K)]
  0x00000229f7669140 JavaThread "Notification Thread"        daemon [_thread_blocked, id=11236, stack(0x000000e5c6b00000,0x000000e5c6c00000) (1024K)]
  0x00000229f768b920 JavaThread "Common-Cleaner"             daemon [_thread_blocked, id=20180, stack(0x000000e5c6c00000,0x000000e5c6d00000) (1024K)]
Total: 11

Other Threads:
  0x00000229f72f2d00 VMThread "VM Thread"                           [id=21172, stack(0x000000e5c6200000,0x000000e5c6300000) (1024K)]
  0x00000229f72966e0 WatcherThread "VM Periodic Task Thread"        [id=18672, stack(0x000000e5c6100000,0x000000e5c6200000) (1024K)]
  0x00000229ec9ad0c0 WorkerThread "GC Thread#0"                     [id=5644, stack(0x000000e5c5c00000,0x000000e5c5d00000) (1024K)]
  0x00000229fc66ee00 WorkerThread "GC Thread#1"                     [id=16604, stack(0x000000e5c6d00000,0x000000e5c6e00000) (1024K)]
  0x00000229fc62ec00 WorkerThread "GC Thread#2"                     [id=19868, stack(0x000000e5c6e00000,0x000000e5c6f00000) (1024K)]
  0x00000229fc62efa0 WorkerThread "GC Thread#3"                     [id=7464, stack(0x000000e5c6f00000,0x000000e5c7000000) (1024K)]
  0x00000229fc643780 WorkerThread "GC Thread#4"                     [id=11792, stack(0x000000e5c7000000,0x000000e5c7100000) (1024K)]
  0x00000229fc643b20 WorkerThread "GC Thread#5"                     [id=1228, stack(0x000000e5c7100000,0x000000e5c7200000) (1024K)]
  0x00000229ec9bd760 ConcurrentGCThread "G1 Main Marker"            [id=7688, stack(0x000000e5c5d00000,0x000000e5c5e00000) (1024K)]
  0x00000229ec9be3d0 WorkerThread "G1 Conc#0"                       [id=5416, stack(0x000000e5c5e00000,0x000000e5c5f00000) (1024K)]
  0x00000229eca1e880 ConcurrentGCThread "G1 Refine#0"               [id=6028, stack(0x000000e5c5f00000,0x000000e5c6000000) (1024K)]
  0x00000229f71676f0 ConcurrentGCThread "G1 Service"                [id=8232, stack(0x000000e5c6000000,0x000000e5c6100000) (1024K)]
Total: 12

Threads with active compile tasks:
Total: 0

VM state: not at safepoint (normal execution)

VM Mutex/Monitor currently owned by a thread:  ([mutex/lock_event])
[0x00007ff9db89b160] Metaspace_lock - owner thread: 0x00000229ec6fdcc0

OutOfMemory and StackOverflow Exception counts:
OutOfMemoryError java_heap_errors=4
LinkageErrors=22

Heap address: 0x0000000084a00000, size: 1974 MB, Compressed Oops mode: 32-bit

CDS archive(s) not mapped
Compressed class space mapped at: 0x0000000100000000-0x0000000140000000, reserved size: 1073741824
Narrow klass base: 0x0000000000000000, Narrow klass shift: 3, Narrow klass range: 0x140000000

GC Precious Log:
 CardTable entry size: 512
 Card Set container configuration: InlinePtr #cards 5 size 8 Array Of Cards #cards 12 size 40 Howl #buckets 4 coarsen threshold 1843 Howl Bitmap #cards 512 size 80 coarsen threshold 460 Card regions per heap region 1 cards per card region 2048
 CPUs: 12 total, 12 available
 Memory: 7893M
 Large Page Support: Disabled
 NUMA Support: Disabled
 Compressed Oops: Enabled (32-bit)
 Heap Region Size: 1M
 Heap Min Capacity: 8M
 Heap Initial Capacity: 124M
 Heap Max Capacity: 1974M
 Pre-touch: Disabled
 Parallel Workers: 10
 Concurrent Workers: 3
 Concurrent Refinement Workers: 10
 Periodic GC: Disabled

Heap:
 garbage-first heap   total 126976K, used 10240K [0x0000000084a00000, 0x0000000100000000)
  region size 1024K, 8 young (8192K), 3 survivors (3072K)
 Metaspace       used 16146K, committed 16256K, reserved 1114112K
  class space    used 1607K, committed 1664K, reserved 1048576K

Heap Regions: E=young(eden), S=young(survivor), O=old, HS=humongous(starts), HC=humongous(continues), CS=collection set, F=free, TAMS=top-at-mark-start, PB=parsable bottom
|   0|0x0000000084a00000, 0x0000000084b00000, 0x0000000084b00000|100%|HS|  |TAMS 0x0000000084a00000| PB 0x0000000084a00000| Complete 
|   1|0x0000000084b00000, 0x0000000084c00000, 0x0000000084c00000|100%|HC|  |TAMS 0x0000000084b00000| PB 0x0000000084b00000| Complete 
|   2|0x0000000084c00000, 0x0000000084d00000, 0x0000000084d00000|100%|HC|  |TAMS 0x0000000084c00000| PB 0x0000000084c00000| Complete 
|   3|0x0000000084d00000, 0x0000000084d00000, 0x0000000084e00000|  0%| F|  |TAMS 0x0000000084d00000| PB 0x0000000084d00000| Untracked 
|   4|0x0000000084e00000, 0x0000000084e00000, 0x0000000084f00000|  0%| F|  |TAMS 0x0000000084e00000| PB 0x0000000084e00000| Untracked 
|   5|0x0000000084f00000, 0x0000000084f00000, 0x0000000085000000|  0%| F|  |TAMS 0x0000000084f00000| PB 0x0000000084f00000| Untracked 
|   6|0x0000000085000000, 0x0000000085000000, 0x0000000085100000|  0%| F|  |TAMS 0x0000000085000000| PB 0x0000000085000000| Untracked 
|   7|0x0000000085100000, 0x0000000085100000, 0x0000000085200000|  0%| F|  |TAMS 0x0000000085100000| PB 0x0000000085100000| Untracked 
|   8|0x0000000085200000, 0x0000000085200000, 0x0000000085300000|  0%| F|  |TAMS 0x0000000085200000| PB 0x0000000085200000| Untracked 
|   9|0x0000000085300000, 0x0000000085300000, 0x0000000085400000|  0%| F|  |TAMS 0x0000000085300000| PB 0x0000000085300000| Untracked 
|  10|0x0000000085400000, 0x0000000085400000, 0x0000000085500000|  0%| F|  |TAMS 0x0000000085400000| PB 0x0000000085400000| Untracked 
|  11|0x0000000085500000, 0x0000000085500000, 0x0000000085600000|  0%| F|  |TAMS 0x0000000085500000| PB 0x0000000085500000| Untracked 
|  12|0x0000000085600000, 0x0000000085600000, 0x0000000085700000|  0%| F|  |TAMS 0x0000000085600000| PB 0x0000000085600000| Untracked 
|  13|0x0000000085700000, 0x0000000085700000, 0x0000000085800000|  0%| F|  |TAMS 0x0000000085700000| PB 0x0000000085700000| Untracked 
|  14|0x0000000085800000, 0x0000000085800000, 0x0000000085900000|  0%| F|  |TAMS 0x0000000085800000| PB 0x0000000085800000| Untracked 
|  15|0x0000000085900000, 0x0000000085900000, 0x0000000085a00000|  0%| F|  |TAMS 0x0000000085900000| PB 0x0000000085900000| Untracked 
|  16|0x0000000085a00000, 0x0000000085a00000, 0x0000000085b00000|  0%| F|  |TAMS 0x0000000085a00000| PB 0x0000000085a00000| Untracked 
|  17|0x0000000085b00000, 0x0000000085b00000, 0x0000000085c00000|  0%| F|  |TAMS 0x0000000085b00000| PB 0x0000000085b00000| Untracked 
|  18|0x0000000085c00000, 0x0000000085c00000, 0x0000000085d00000|  0%| F|  |TAMS 0x0000000085c00000| PB 0x0000000085c00000| Untracked 
|  19|0x0000000085d00000, 0x0000000085d00000, 0x0000000085e00000|  0%| F|  |TAMS 0x0000000085d00000| PB 0x0000000085d00000| Untracked 
|  20|0x0000000085e00000, 0x0000000085e00000, 0x0000000085f00000|  0%| F|  |TAMS 0x0000000085e00000| PB 0x0000000085e00000| Untracked 
|  21|0x0000000085f00000, 0x0000000085f00000, 0x0000000086000000|  0%| F|  |TAMS 0x0000000085f00000| PB 0x0000000085f00000| Untracked 
|  22|0x0000000086000000, 0x0000000086000000, 0x0000000086100000|  0%| F|  |TAMS 0x0000000086000000| PB 0x0000000086000000| Untracked 
|  23|0x0000000086100000, 0x0000000086100000, 0x0000000086200000|  0%| F|  |TAMS 0x0000000086100000| PB 0x0000000086100000| Untracked 
|  24|0x0000000086200000, 0x0000000086200000, 0x0000000086300000|  0%| F|  |TAMS 0x0000000086200000| PB 0x0000000086200000| Untracked 
|  25|0x0000000086300000, 0x0000000086300000, 0x0000000086400000|  0%| F|  |TAMS 0x0000000086300000| PB 0x0000000086300000| Untracked 
|  26|0x0000000086400000, 0x0000000086400000, 0x0000000086500000|  0%| F|  |TAMS 0x0000000086400000| PB 0x0000000086400000| Untracked 
|  27|0x0000000086500000, 0x0000000086500000, 0x0000000086600000|  0%| F|  |TAMS 0x0000000086500000| PB 0x0000000086500000| Untracked 
|  28|0x0000000086600000, 0x0000000086600000, 0x0000000086700000|  0%| F|  |TAMS 0x0000000086600000| PB 0x0000000086600000| Untracked 
|  29|0x0000000086700000, 0x0000000086700000, 0x0000000086800000|  0%| F|  |TAMS 0x0000000086700000| PB 0x0000000086700000| Untracked 
|  30|0x0000000086800000, 0x0000000086800000, 0x0000000086900000|  0%| F|  |TAMS 0x0000000086800000| PB 0x0000000086800000| Untracked 
|  31|0x0000000086900000, 0x0000000086900000, 0x0000000086a00000|  0%| F|  |TAMS 0x0000000086900000| PB 0x0000000086900000| Untracked 
|  32|0x0000000086a00000, 0x0000000086a00000, 0x0000000086b00000|  0%| F|  |TAMS 0x0000000086a00000| PB 0x0000000086a00000| Untracked 
|  33|0x0000000086b00000, 0x0000000086b00000, 0x0000000086c00000|  0%| F|  |TAMS 0x0000000086b00000| PB 0x0000000086b00000| Untracked 
|  34|0x0000000086c00000, 0x0000000086c00000, 0x0000000086d00000|  0%| F|  |TAMS 0x0000000086c00000| PB 0x0000000086c00000| Untracked 
|  35|0x0000000086d00000, 0x0000000086d00000, 0x0000000086e00000|  0%| F|  |TAMS 0x0000000086d00000| PB 0x0000000086d00000| Untracked 
|  36|0x0000000086e00000, 0x0000000086e00000, 0x0000000086f00000|  0%| F|  |TAMS 0x0000000086e00000| PB 0x0000000086e00000| Untracked 
|  37|0x0000000086f00000, 0x0000000086f00000, 0x0000000087000000|  0%| F|  |TAMS 0x0000000086f00000| PB 0x0000000086f00000| Untracked 
|  38|0x0000000087000000, 0x0000000087000000, 0x0000000087100000|  0%| F|  |TAMS 0x0000000087000000| PB 0x0000000087000000| Untracked 
|  39|0x0000000087100000, 0x0000000087100000, 0x0000000087200000|  0%| F|  |TAMS 0x0000000087100000| PB 0x0000000087100000| Untracked 
|  40|0x0000000087200000, 0x0000000087200000, 0x0000000087300000|  0%| F|  |TAMS 0x0000000087200000| PB 0x0000000087200000| Untracked 
|  41|0x0000000087300000, 0x0000000087300000, 0x0000000087400000|  0%| F|  |TAMS 0x0000000087300000| PB 0x0000000087300000| Untracked 
|  42|0x0000000087400000, 0x0000000087400000, 0x0000000087500000|  0%| F|  |TAMS 0x0000000087400000| PB 0x0000000087400000| Untracked 
|  43|0x0000000087500000, 0x0000000087500000, 0x0000000087600000|  0%| F|  |TAMS 0x0000000087500000| PB 0x0000000087500000| Untracked 
|  44|0x0000000087600000, 0x0000000087600000, 0x0000000087700000|  0%| F|  |TAMS 0x0000000087600000| PB 0x0000000087600000| Untracked 
|  45|0x0000000087700000, 0x0000000087700000, 0x0000000087800000|  0%| F|  |TAMS 0x0000000087700000| PB 0x0000000087700000| Untracked 
|  46|0x0000000087800000, 0x0000000087800000, 0x0000000087900000|  0%| F|  |TAMS 0x0000000087800000| PB 0x0000000087800000| Untracked 
|  47|0x0000000087900000, 0x0000000087900000, 0x0000000087a00000|  0%| F|  |TAMS 0x0000000087900000| PB 0x0000000087900000| Untracked 
|  48|0x0000000087a00000, 0x0000000087a00000, 0x0000000087b00000|  0%| F|  |TAMS 0x0000000087a00000| PB 0x0000000087a00000| Untracked 
|  49|0x0000000087b00000, 0x0000000087b00000, 0x0000000087c00000|  0%| F|  |TAMS 0x0000000087b00000| PB 0x0000000087b00000| Untracked 
|  50|0x0000000087c00000, 0x0000000087c00000, 0x0000000087d00000|  0%| F|  |TAMS 0x0000000087c00000| PB 0x0000000087c00000| Untracked 
|  51|0x0000000087d00000, 0x0000000087d00000, 0x0000000087e00000|  0%| F|  |TAMS 0x0000000087d00000| PB 0x0000000087d00000| Untracked 
|  52|0x0000000087e00000, 0x0000000087e00000, 0x0000000087f00000|  0%| F|  |TAMS 0x0000000087e00000| PB 0x0000000087e00000| Untracked 
|  53|0x0000000087f00000, 0x0000000087f00000, 0x0000000088000000|  0%| F|  |TAMS 0x0000000087f00000| PB 0x0000000087f00000| Untracked 
|  54|0x0000000088000000, 0x0000000088000000, 0x0000000088100000|  0%| F|  |TAMS 0x0000000088000000| PB 0x0000000088000000| Untracked 
|  55|0x0000000088100000, 0x0000000088100000, 0x0000000088200000|  0%| F|  |TAMS 0x0000000088100000| PB 0x0000000088100000| Untracked 
|  56|0x0000000088200000, 0x0000000088200000, 0x0000000088300000|  0%| F|  |TAMS 0x0000000088200000| PB 0x0000000088200000| Untracked 
|  57|0x0000000088300000, 0x0000000088300000, 0x0000000088400000|  0%| F|  |TAMS 0x0000000088300000| PB 0x0000000088300000| Untracked 
|  58|0x0000000088400000, 0x0000000088400000, 0x0000000088500000|  0%| F|  |TAMS 0x0000000088400000| PB 0x0000000088400000| Untracked 
|  59|0x0000000088500000, 0x0000000088500000, 0x0000000088600000|  0%| F|  |TAMS 0x0000000088500000| PB 0x0000000088500000| Untracked 
|  60|0x0000000088600000, 0x0000000088600000, 0x0000000088700000|  0%| F|  |TAMS 0x0000000088600000| PB 0x0000000088600000| Untracked 
|  61|0x0000000088700000, 0x0000000088700000, 0x0000000088800000|  0%| F|  |TAMS 0x0000000088700000| PB 0x0000000088700000| Untracked 
|  62|0x0000000088800000, 0x0000000088800000, 0x0000000088900000|  0%| F|  |TAMS 0x0000000088800000| PB 0x0000000088800000| Untracked 
|  63|0x0000000088900000, 0x0000000088900000, 0x0000000088a00000|  0%| F|  |TAMS 0x0000000088900000| PB 0x0000000088900000| Untracked 
|  64|0x0000000088a00000, 0x0000000088a00000, 0x0000000088b00000|  0%| F|  |TAMS 0x0000000088a00000| PB 0x0000000088a00000| Untracked 
|  65|0x0000000088b00000, 0x0000000088b00000, 0x0000000088c00000|  0%| F|  |TAMS 0x0000000088b00000| PB 0x0000000088b00000| Untracked 
|  66|0x0000000088c00000, 0x0000000088c00000, 0x0000000088d00000|  0%| F|  |TAMS 0x0000000088c00000| PB 0x0000000088c00000| Untracked 
|  67|0x0000000088d00000, 0x0000000088d00000, 0x0000000088e00000|  0%| F|  |TAMS 0x0000000088d00000| PB 0x0000000088d00000| Untracked 
|  68|0x0000000088e00000, 0x0000000088e00000, 0x0000000088f00000|  0%| F|  |TAMS 0x0000000088e00000| PB 0x0000000088e00000| Untracked 
|  69|0x0000000088f00000, 0x0000000088f00000, 0x0000000089000000|  0%| F|  |TAMS 0x0000000088f00000| PB 0x0000000088f00000| Untracked 
|  70|0x0000000089000000, 0x0000000089000000, 0x0000000089100000|  0%| F|  |TAMS 0x0000000089000000| PB 0x0000000089000000| Untracked 
|  71|0x0000000089100000, 0x0000000089100000, 0x0000000089200000|  0%| F|  |TAMS 0x0000000089100000| PB 0x0000000089100000| Untracked 
|  72|0x0000000089200000, 0x0000000089200000, 0x0000000089300000|  0%| F|  |TAMS 0x0000000089200000| PB 0x0000000089200000| Untracked 
|  73|0x0000000089300000, 0x0000000089300000, 0x0000000089400000|  0%| F|  |TAMS 0x0000000089300000| PB 0x0000000089300000| Untracked 
|  74|0x0000000089400000, 0x0000000089400000, 0x0000000089500000|  0%| F|  |TAMS 0x0000000089400000| PB 0x0000000089400000| Untracked 
|  75|0x0000000089500000, 0x0000000089500000, 0x0000000089600000|  0%| F|  |TAMS 0x0000000089500000| PB 0x0000000089500000| Untracked 
|  76|0x0000000089600000, 0x0000000089600000, 0x0000000089700000|  0%| F|  |TAMS 0x0000000089600000| PB 0x0000000089600000| Untracked 
|  77|0x0000000089700000, 0x0000000089700000, 0x0000000089800000|  0%| F|  |TAMS 0x0000000089700000| PB 0x0000000089700000| Untracked 
|  78|0x0000000089800000, 0x0000000089800000, 0x0000000089900000|  0%| F|  |TAMS 0x0000000089800000| PB 0x0000000089800000| Untracked 
|  79|0x0000000089900000, 0x0000000089900000, 0x0000000089a00000|  0%| F|  |TAMS 0x0000000089900000| PB 0x0000000089900000| Untracked 
|  80|0x0000000089a00000, 0x0000000089a00000, 0x0000000089b00000|  0%| F|  |TAMS 0x0000000089a00000| PB 0x0000000089a00000| Untracked 
|  81|0x0000000089b00000, 0x0000000089b00000, 0x0000000089c00000|  0%| F|  |TAMS 0x0000000089b00000| PB 0x0000000089b00000| Untracked 
|  82|0x0000000089c00000, 0x0000000089c00000, 0x0000000089d00000|  0%| F|  |TAMS 0x0000000089c00000| PB 0x0000000089c00000| Untracked 
|  83|0x0000000089d00000, 0x0000000089d00000, 0x0000000089e00000|  0%| F|  |TAMS 0x0000000089d00000| PB 0x0000000089d00000| Untracked 
|  84|0x0000000089e00000, 0x0000000089e00000, 0x0000000089f00000|  0%| F|  |TAMS 0x0000000089e00000| PB 0x0000000089e00000| Untracked 
|  85|0x0000000089f00000, 0x0000000089f00000, 0x000000008a000000|  0%| F|  |TAMS 0x0000000089f00000| PB 0x0000000089f00000| Untracked 
|  86|0x000000008a000000, 0x000000008a000000, 0x000000008a100000|  0%| F|  |TAMS 0x000000008a000000| PB 0x000000008a000000| Untracked 
|  87|0x000000008a100000, 0x000000008a100000, 0x000000008a200000|  0%| F|  |TAMS 0x000000008a100000| PB 0x000000008a100000| Untracked 
|  88|0x000000008a200000, 0x000000008a200000, 0x000000008a300000|  0%| F|  |TAMS 0x000000008a200000| PB 0x000000008a200000| Untracked 
|  89|0x000000008a300000, 0x000000008a300000, 0x000000008a400000|  0%| F|  |TAMS 0x000000008a300000| PB 0x000000008a300000| Untracked 
|  90|0x000000008a400000, 0x000000008a400000, 0x000000008a500000|  0%| F|  |TAMS 0x000000008a400000| PB 0x000000008a400000| Untracked 
|  91|0x000000008a500000, 0x000000008a500000, 0x000000008a600000|  0%| F|  |TAMS 0x000000008a500000| PB 0x000000008a500000| Untracked 
|  92|0x000000008a600000, 0x000000008a600000, 0x000000008a700000|  0%| F|  |TAMS 0x000000008a600000| PB 0x000000008a600000| Untracked 
|  93|0x000000008a700000, 0x000000008a700000, 0x000000008a800000|  0%| F|  |TAMS 0x000000008a700000| PB 0x000000008a700000| Untracked 
|  94|0x000000008a800000, 0x000000008a800000, 0x000000008a900000|  0%| F|  |TAMS 0x000000008a800000| PB 0x000000008a800000| Untracked 
|  95|0x000000008a900000, 0x000000008a900000, 0x000000008aa00000|  0%| F|  |TAMS 0x000000008a900000| PB 0x000000008a900000| Untracked 
|  96|0x000000008aa00000, 0x000000008aa00000, 0x000000008ab00000|  0%| F|  |TAMS 0x000000008aa00000| PB 0x000000008aa00000| Untracked 
|  97|0x000000008ab00000, 0x000000008ab00000, 0x000000008ac00000|  0%| F|  |TAMS 0x000000008ab00000| PB 0x000000008ab00000| Untracked 
|  98|0x000000008ac00000, 0x000000008ad00000, 0x000000008ad00000|100%| S|CS|TAMS 0x000000008ac00000| PB 0x000000008ac00000| Complete 
|  99|0x000000008ad00000, 0x000000008ae00000, 0x000000008ae00000|100%| S|CS|TAMS 0x000000008ad00000| PB 0x000000008ad00000| Complete 
| 100|0x000000008ae00000, 0x000000008af00000, 0x000000008af00000|100%| S|CS|TAMS 0x000000008ae00000| PB 0x000000008ae00000| Complete 
| 101|0x000000008af00000, 0x000000008af00000, 0x000000008b000000|  0%| F|  |TAMS 0x000000008af00000| PB 0x000000008af00000| Untracked 
| 102|0x000000008b000000, 0x000000008b000000, 0x000000008b100000|  0%| F|  |TAMS 0x000000008b000000| PB 0x000000008b000000| Untracked 
| 103|0x000000008b100000, 0x000000008b100000, 0x000000008b200000|  0%| F|  |TAMS 0x000000008b100000| PB 0x000000008b100000| Untracked 
| 104|0x000000008b200000, 0x000000008b200000, 0x000000008b300000|  0%| F|  |TAMS 0x000000008b200000| PB 0x000000008b200000| Untracked 
| 105|0x000000008b300000, 0x000000008b300000, 0x000000008b400000|  0%| F|  |TAMS 0x000000008b300000| PB 0x000000008b300000| Untracked 
| 106|0x000000008b400000, 0x000000008b400000, 0x000000008b500000|  0%| F|  |TAMS 0x000000008b400000| PB 0x000000008b400000| Untracked 
| 107|0x000000008b500000, 0x000000008b500000, 0x000000008b600000|  0%| F|  |TAMS 0x000000008b500000| PB 0x000000008b500000| Untracked 
| 108|0x000000008b600000, 0x000000008b600000, 0x000000008b700000|  0%| F|  |TAMS 0x000000008b600000| PB 0x000000008b600000| Untracked 
| 109|0x000000008b700000, 0x000000008b700000, 0x000000008b800000|  0%| F|  |TAMS 0x000000008b700000| PB 0x000000008b700000| Untracked 
| 110|0x000000008b800000, 0x000000008b800000, 0x000000008b900000|  0%| F|  |TAMS 0x000000008b800000| PB 0x000000008b800000| Untracked 
| 111|0x000000008b900000, 0x000000008b900000, 0x000000008ba00000|  0%| F|  |TAMS 0x000000008b900000| PB 0x000000008b900000| Untracked 
| 112|0x000000008ba00000, 0x000000008ba00000, 0x000000008bb00000|  0%| F|  |TAMS 0x000000008ba00000| PB 0x000000008ba00000| Untracked 
| 113|0x000000008bb00000, 0x000000008bb00000, 0x000000008bc00000|  0%| F|  |TAMS 0x000000008bb00000| PB 0x000000008bb00000| Untracked 
| 114|0x000000008bc00000, 0x000000008bc00000, 0x000000008bd00000|  0%| F|  |TAMS 0x000000008bc00000| PB 0x000000008bc00000| Untracked 
| 115|0x000000008bd00000, 0x000000008bd00000, 0x000000008be00000|  0%| F|  |TAMS 0x000000008bd00000| PB 0x000000008bd00000| Untracked 
| 116|0x000000008be00000, 0x000000008be00000, 0x000000008bf00000|  0%| F|  |TAMS 0x000000008be00000| PB 0x000000008be00000| Untracked 
| 117|0x000000008bf00000, 0x000000008bf00000, 0x000000008c000000|  0%| F|  |TAMS 0x000000008bf00000| PB 0x000000008bf00000| Untracked 
| 118|0x000000008c000000, 0x000000008c000000, 0x000000008c100000|  0%| F|  |TAMS 0x000000008c000000| PB 0x000000008c000000| Untracked 
| 119|0x000000008c100000, 0x000000008c1821e0, 0x000000008c200000| 50%| E|  |TAMS 0x000000008c100000| PB 0x000000008c100000| Complete 
| 120|0x000000008c200000, 0x000000008c300000, 0x000000008c300000|100%| E|CS|TAMS 0x000000008c200000| PB 0x000000008c200000| Complete 
| 121|0x000000008c300000, 0x000000008c400000, 0x000000008c400000|100%| E|CS|TAMS 0x000000008c300000| PB 0x000000008c300000| Complete 
| 122|0x000000008c400000, 0x000000008c500000, 0x000000008c500000|100%| E|CS|TAMS 0x000000008c400000| PB 0x000000008c400000| Complete 
| 123|0x000000008c500000, 0x000000008c600000, 0x000000008c600000|100%| E|CS|TAMS 0x000000008c500000| PB 0x000000008c500000| Complete 

Card table byte_map: [0x00000229f2330000,0x00000229f2710000] _byte_map_base: 0x00000229f1f0b000

Marking Bits: (CMBitMap*) 0x00000229ec9ad7c0
 Bits: [0x00000229f2710000, 0x00000229f45e8000)

Polling page: 0x00000229eca20000

Metaspace:

Usage:
  Non-class:     14.20 MB used.
      Class:      1.57 MB used.
       Both:     15.77 MB used.

Virtual space:
  Non-class space:       64.00 MB reserved,      14.25 MB ( 22%) committed,  1 nodes.
      Class space:        1.00 GB reserved,       1.62 MB ( <1%) committed,  1 nodes.
             Both:        1.06 GB reserved,      15.88 MB (  1%) committed. 

Chunk freelists:
   Non-Class:  1.67 MB
       Class:  14.32 MB
        Both:  15.99 MB

MaxMetaspaceSize: unlimited
CompressedClassSpaceSize: 1.00 GB
Initial GC threshold: 21.00 MB
Current GC threshold: 21.00 MB
CDS: off
 - commit_granule_bytes: 65536.
 - commit_granule_words: 8192.
 - virtual_space_node_default_size: 8388608.
 - enlarge_chunks_in_place: 1.
 - use_allocation_guard: 0.


Internal statistics:

num_allocs_failed_limit: 0.
num_arena_births: 78.
num_arena_deaths: 0.
num_vsnodes_births: 2.
num_vsnodes_deaths: 0.
num_space_committed: 254.
num_space_uncommitted: 0.
num_chunks_returned_to_freelist: 0.
num_chunks_taken_from_freelist: 391.
num_chunk_merges: 0.
num_chunk_splits: 277.
num_chunks_enlarged: 235.
num_inconsistent_stats: 0.

CodeHeap 'non-profiled nmethods': size=120000Kb used=299Kb max_used=299Kb free=119700Kb
 bounds [0x0000022987ad0000, 0x0000022987d40000, 0x000002298f000000]
CodeHeap 'profiled nmethods': size=120000Kb used=1575Kb max_used=1575Kb free=118424Kb
 bounds [0x0000022980000000, 0x0000022980270000, 0x0000022987530000]
CodeHeap 'non-nmethods': size=5760Kb used=1463Kb max_used=1478Kb free=4296Kb
 bounds [0x0000022987530000, 0x00000229877a0000, 0x0000022987ad0000]
 total_blobs=1414 nmethods=952 adapters=367
 compilation: enabled
              stopped_count=0, restarted_count=0
 full_count=0

Compilation events (20 events):
Event: 1.163 Thread 0x00000229f74db550 nmethod 939 0x0000022980186b90 code [0x0000022980186d40, 0x0000022980186e98]
Event: 1.163 Thread 0x00000229f74db550  940       3       java.lang.invoke.InnerClassLambdaMetafactory::getOpcodeOffset (38 bytes)
Event: 1.163 Thread 0x00000229f74d5e10  944       4       java.util.Objects::equals (23 bytes)
Event: 1.163 Thread 0x00000229f74db550 nmethod 940 0x0000022980186f90 code [0x0000022980187160, 0x0000022980187418]
Event: 1.163 Thread 0x00000229f74db550  946       3       java.lang.invoke.LambdaForm$Name::<init> (66 bytes)
Event: 1.163 Thread 0x00000229f74db550 nmethod 946 0x0000022980187510 code [0x00000229801876c0, 0x0000022980187980]
Event: 1.163 Thread 0x00000229f74db550  947       3       java.lang.invoke.LambdaForm$BasicType::basicTypeSlots (8 bytes)
Event: 1.164 Thread 0x00000229f74db550 nmethod 947 0x0000022980187a10 code [0x0000022980187bc0, 0x0000022980187d38]
Event: 1.164 Thread 0x00000229f74db550  943       3       java.lang.invoke.DirectMethodHandle::preparedLambdaForm (244 bytes)
Event: 1.164 Thread 0x00000229f74d5e10 nmethod 944 0x0000022987b19090 code [0x0000022987b19220, 0x0000022987b192e0]
Event: 1.165 Thread 0x00000229f74db550 nmethod 943 0x0000022980187e10 code [0x0000022980188120, 0x0000022980188ff8]
Event: 1.165 Thread 0x00000229f74d5e10  948       4       jdk.internal.misc.Unsafe::allocateUninitializedArray (55 bytes)
Event: 1.167 Thread 0x00000229f74d5e10 nmethod 948 0x0000022987b19390 code [0x0000022987b19520, 0x0000022987b196e0]
Event: 1.170 Thread 0x00000229f74d5e10  949       4       java.lang.StringBuilder::toString (9 bytes)
Event: 1.170 Thread 0x00000229f74db550  950       3       java.lang.StringBuilder::append (8 bytes)
Event: 1.170 Thread 0x00000229f74db550 nmethod 950 0x0000022980189610 code [0x00000229801897c0, 0x0000022980189910]
Event: 1.170 Thread 0x00000229f74db550  951       3       java.lang.String::valueOf (15 bytes)
Event: 1.170 Thread 0x00000229f74db550 nmethod 951 0x0000022980189990 code [0x0000022980189b40, 0x0000022980189d38]
Event: 1.177 Thread 0x00000229f74d5e10 nmethod 949 0x0000022987b19810 code [0x0000022987b199c0, 0x0000022987b19fe0]
Event: 1.177 Thread 0x00000229f74d5e10  952       4       java.lang.String::<init> (99 bytes)

GC Heap History (2 events):
Event: 0.990 GC heap before
{Heap before GC invocations=0 (full 0):
 garbage-first heap   total 126976K, used 26624K [0x0000000084a00000, 0x0000000100000000)
  region size 1024K, 23 young (23552K), 0 survivors (0K)
 Metaspace       used 14820K, committed 15040K, reserved 1114112K
  class space    used 1443K, committed 1536K, reserved 1048576K
}
Event: 0.999 GC heap after
{Heap after GC invocations=1 (full 0):
 garbage-first heap   total 126976K, used 6144K [0x0000000084a00000, 0x0000000100000000)
  region size 1024K, 3 young (3072K), 3 survivors (3072K)
 Metaspace       used 14820K, committed 15040K, reserved 1114112K
  class space    used 1443K, committed 1536K, reserved 1048576K
}

Dll operation events (2 events):
Event: 0.011 Loaded shared library C:\Program Files\Android\Android Studio\jbr\bin\java.dll
Event: 0.020 Loaded shared library C:\Program Files\Android\Android Studio\jbr\bin\zip.dll

Deoptimization events (20 events):
Event: 0.999 Thread 0x00000229f74ac620 Uncommon trap: trap_request=0xffffff45 fr.pc=0x0000022987aee9e0 relative=0x0000000000000040
Event: 0.999 Thread 0x00000229f74ac620 Uncommon trap: reason=unstable_if action=reinterpret pc=0x0000022987aee9e0 method=java.util.concurrent.locks.AbstractQueuedSynchronizer.signalNext(Ljava/util/concurrent/locks/AbstractQueuedSynchronizer$Node;)V @ 1 c2
Event: 0.999 Thread 0x00000229f74ac620 DEOPT PACKING pc=0x0000022987aee9e0 sp=0x000000e5c63ff1d0
Event: 0.999 Thread 0x00000229f74ac620 DEOPT UNPACKING pc=0x0000022987587da2 sp=0x000000e5c63ff160 mode 2
Event: 1.123 Thread 0x00000229ec6fdcc0 Uncommon trap: trap_request=0xffffffde fr.pc=0x0000022987b17e44 relative=0x0000000000000124
Event: 1.123 Thread 0x00000229ec6fdcc0 Uncommon trap: reason=class_check action=maybe_recompile pc=0x0000022987b17e44 method=jdk.internal.misc.Unsafe.allocateUninitializedArray(Ljava/lang/Class;I)Ljava/lang/Object; @ 51 c2
Event: 1.123 Thread 0x00000229ec6fdcc0 DEOPT PACKING pc=0x0000022987b17e44 sp=0x000000e5c5bf6fa0
Event: 1.123 Thread 0x00000229ec6fdcc0 DEOPT UNPACKING pc=0x0000022987587da2 sp=0x000000e5c5bf6f18 mode 2
Event: 1.123 Thread 0x00000229ec6fdcc0 Uncommon trap: trap_request=0xffffffde fr.pc=0x0000022987b17e44 relative=0x0000000000000124
Event: 1.123 Thread 0x00000229ec6fdcc0 Uncommon trap: reason=class_check action=maybe_recompile pc=0x0000022987b17e44 method=jdk.internal.misc.Unsafe.allocateUninitializedArray(Ljava/lang/Class;I)Ljava/lang/Object; @ 51 c2
Event: 1.123 Thread 0x00000229ec6fdcc0 DEOPT PACKING pc=0x0000022987b17e44 sp=0x000000e5c5bf7040
Event: 1.123 Thread 0x00000229ec6fdcc0 DEOPT UNPACKING pc=0x0000022987587da2 sp=0x000000e5c5bf6fb8 mode 2
Event: 1.123 Thread 0x00000229ec6fdcc0 Uncommon trap: trap_request=0xffffffde fr.pc=0x0000022987b17e44 relative=0x0000000000000124
Event: 1.123 Thread 0x00000229ec6fdcc0 Uncommon trap: reason=class_check action=maybe_recompile pc=0x0000022987b17e44 method=jdk.internal.misc.Unsafe.allocateUninitializedArray(Ljava/lang/Class;I)Ljava/lang/Object; @ 51 c2
Event: 1.123 Thread 0x00000229ec6fdcc0 DEOPT PACKING pc=0x0000022987b17e44 sp=0x000000e5c5bf6b20
Event: 1.123 Thread 0x00000229ec6fdcc0 DEOPT UNPACKING pc=0x0000022987587da2 sp=0x000000e5c5bf6a98 mode 2
Event: 1.123 Thread 0x00000229ec6fdcc0 Uncommon trap: trap_request=0xffffffde fr.pc=0x0000022987b17e44 relative=0x0000000000000124
Event: 1.123 Thread 0x00000229ec6fdcc0 Uncommon trap: reason=class_check action=maybe_recompile pc=0x0000022987b17e44 method=jdk.internal.misc.Unsafe.allocateUninitializedArray(Ljava/lang/Class;I)Ljava/lang/Object; @ 51 c2
Event: 1.123 Thread 0x00000229ec6fdcc0 DEOPT PACKING pc=0x0000022987b17e44 sp=0x000000e5c5bf6bc0
Event: 1.123 Thread 0x00000229ec6fdcc0 DEOPT UNPACKING pc=0x0000022987587da2 sp=0x000000e5c5bf6b38 mode 2

Classes loaded (20 events):
Event: 1.159 Loading class java/lang/ExceptionInInitializerError
Event: 1.160 Loading class java/lang/ExceptionInInitializerError done
Event: 1.160 Loading class java/lang/StackTraceElement$HashedModules
Event: 1.160 Loading class java/lang/StackTraceElement$HashedModules done
Event: 1.161 Loading class java/util/Collections$UnmodifiableCollection$1
Event: 1.161 Loading class java/util/Collections$UnmodifiableCollection$1 done
Event: 1.167 Loading class java/io/StringWriter
Event: 1.168 Loading class java/io/StringWriter done
Event: 1.168 Loading class java/io/PrintWriter
Event: 1.169 Loading class java/io/PrintWriter done
Event: 1.169 Loading class java/io/PrintWriter$1
Event: 1.169 Loading class jdk/internal/access/JavaIOPrintWriterAccess
Event: 1.169 Loading class jdk/internal/access/JavaIOPrintWriterAccess done
Event: 1.169 Loading class java/io/PrintWriter$1 done
Event: 1.169 Loading class java/lang/Throwable$WrappedPrintWriter
Event: 1.169 Loading class java/lang/Throwable$PrintStreamOrWriter
Event: 1.169 Loading class java/lang/Throwable$PrintStreamOrWriter done
Event: 1.169 Loading class java/lang/Throwable$WrappedPrintWriter done
Event: 1.175 Loading class java/util/Comparators$NullComparator
Event: 1.175 Loading class java/util/Comparators$NullComparator done

Classes unloaded (0 events):
No events

Classes redefined (0 events):
No events

Internal exceptions (20 events):
Event: 0.687 Thread 0x00000229ec6fdcc0 Exception <a 'java/lang/NoSuchMethodError'{0x000000008b846400}: 'java.lang.Object java.lang.invoke.DirectMethodHandle$Holder.newInvokeSpecial(java.lang.Object, java.lang.Object, java.lang.Object, java.lang.Object, java.lang.Object)'> (0x000000008b846400) 
thrown [s\src\hotspot\share\interpreter\linkResolver.cpp, line 784]
Event: 0.755 Thread 0x00000229ec6fdcc0 Exception <a 'java/lang/NoSuchMethodError'{0x000000008b657160}: 'int java.lang.invoke.DirectMethodHandle$Holder.invokeVirtual(java.lang.Object, java.lang.Object, java.lang.Object)'> (0x000000008b657160) 
thrown [s\src\hotspot\share\interpreter\linkResolver.cpp, line 784]
Event: 0.785 Thread 0x00000229ec6fdcc0 Exception <a 'java/lang/NoSuchMethodError'{0x000000008b537858}: 'java.lang.Object java.lang.invoke.DirectMethodHandle$Holder.invokeStatic(java.lang.Object, int, java.lang.Object)'> (0x000000008b537858) 
thrown [s\src\hotspot\share\interpreter\linkResolver.cpp, line 784]
Event: 0.785 Thread 0x00000229ec6fdcc0 Exception <a 'java/lang/NoSuchMethodError'{0x000000008b53ad68}: 'java.lang.Object java.lang.invoke.DirectMethodHandle$Holder.invokeStaticInit(java.lang.Object, int, java.lang.Object)'> (0x000000008b53ad68) 
thrown [s\src\hotspot\share\interpreter\linkResolver.cpp, line 784]
Event: 0.790 Thread 0x00000229ec6fdcc0 Exception <a 'java/lang/NoSuchMethodError'{0x000000008b569fb8}: 'java.lang.Object java.lang.invoke.DirectMethodHandle$Holder.invokeStaticInit(java.lang.Object, java.lang.Object, java.lang.Object, java.lang.Object, java.lang.Object)'> (0x000000008b569fb8) 
thrown [s\src\hotspot\share\interpreter\linkResolver.cpp, line 784]
Event: 0.791 Thread 0x00000229ec6fdcc0 Exception <a 'java/lang/NoSuchMethodError'{0x000000008b573578}: 'java.lang.Object java.lang.invoke.DirectMethodHandle$Holder.invokeStaticInit(java.lang.Object, java.lang.Object, java.lang.Object, java.lang.Object, java.lang.Object, java.lang.Object)'> (0x000000008b573578) 
thrown [s\src\hotspot\share\interpreter\linkResolver.cpp, line 784]
Event: 1.043 Thread 0x00000229ec6fdcc0 Exception <a 'java/lang/NoSuchMethodError'{0x000000008c4203f0}: 'void java.lang.invoke.DirectMethodHandle$Holder.invokeStatic(java.lang.Object, java.lang.Object)'> (0x000000008c4203f0) 
thrown [s\src\hotspot\share\interpreter\linkResolver.cpp, line 784]
Event: 1.045 Thread 0x00000229ec6fdcc0 Exception <a 'java/lang/NoSuchMethodError'{0x000000008c429078}: 'void java.lang.invoke.DirectMethodHandle$Holder.invokeStatic(java.lang.Object, java.lang.Object, java.lang.Object)'> (0x000000008c429078) 
thrown [s\src\hotspot\share\interpreter\linkResolver.cpp, line 784]
Event: 1.050 Thread 0x00000229ec6fdcc0 Exception <a 'java/lang/NoSuchMethodError'{0x000000008c447c18}: 'java.lang.Object java.lang.invoke.DirectMethodHandle$Holder.invokeStaticInit(java.lang.Object, int)'> (0x000000008c447c18) 
thrown [s\src\hotspot\share\interpreter\linkResolver.cpp, line 784]
Event: 1.052 Thread 0x00000229ec6fdcc0 Exception <a 'java/lang/NoSuchMethodError'{0x000000008c453a88}: 'java.lang.Object java.lang.invoke.DirectMethodHandle$Holder.invokeInterface(java.lang.Object, java.lang.Object)'> (0x000000008c453a88) 
thrown [s\src\hotspot\share\interpreter\linkResolver.cpp, line 784]
Event: 1.071 Thread 0x00000229ec6fdcc0 Exception <a 'java/lang/NoSuchMethodError'{0x000000008c30d9e8}: 'java.lang.Object java.lang.invoke.DirectMethodHandle$Holder.invokeStaticInit(java.lang.Object, java.lang.Object, java.lang.Object)'> (0x000000008c30d9e8) 
thrown [s\src\hotspot\share\interpreter\linkResolver.cpp, line 784]
Event: 1.092 Thread 0x00000229ec6fdcc0 Exception <a 'java/lang/NoSuchMethodError'{0x000000008c3b6360}: 'long java.lang.invoke.DirectMethodHandle$Holder.invokeStatic(java.lang.Object)'> (0x000000008c3b6360) 
thrown [s\src\hotspot\share\interpreter\linkResolver.cpp, line 784]
Event: 1.093 Thread 0x00000229ec6fdcc0 Exception <a 'java/lang/NoSuchMethodError'{0x000000008c3b9858}: 'long java.lang.invoke.DirectMethodHandle$Holder.invokeStaticInit(java.lang.Object)'> (0x000000008c3b9858) 
thrown [s\src\hotspot\share\interpreter\linkResolver.cpp, line 784]
Event: 1.159 Thread 0x00000229ec6fdcc0 Exception <a 'java/lang/OutOfMemoryError'{0x000000008c2f1e28}> (0x000000008c2f1e28) 
thrown [s\src\hotspot\share\prims\jni.cpp, line 563]
Event: 1.161 Thread 0x00000229ec6fdcc0 Exception <a 'java/lang/OutOfMemoryError'{0x000000008c2f1e28}> (0x000000008c2f1e28) 
thrown [s\src\hotspot\share\oops\instanceKlass.cpp, line 1234]
Event: 1.161 Thread 0x00000229ec6fdcc0 Exception <a 'java/lang/OutOfMemoryError'{0x000000008c2f1e28}> (0x000000008c2f1e28) 
thrown [s\src\hotspot\share\oops\instanceKlass.cpp, line 1234]
Event: 1.161 Thread 0x00000229ec6fdcc0 Exception <a 'java/lang/OutOfMemoryError'{0x000000008c2f1e28}> (0x000000008c2f1e28) 
thrown [s\src\hotspot\share\oops\instanceKlass.cpp, line 1184]
Event: 1.162 Thread 0x00000229ec6fdcc0 Exception <a 'java/lang/NoSuchMethodError'{0x000000008c2f93b0}: 'java.lang.Object java.lang.invoke.DirectMethodHandle$Holder.newInvokeSpecial(java.lang.Object, java.lang.Object, java.lang.Object, int)'> (0x000000008c2f93b0) 
thrown [s\src\hotspot\share\interpreter\linkResolver.cpp, line 784]
Event: 1.163 Thread 0x00000229ec6fdcc0 Exception <a 'java/lang/NoSuchMethodError'{0x000000008c2fd300}: 'java.lang.Object java.lang.invoke.DirectMethodHandle$Holder.invokeSpecial(java.lang.Object, java.lang.Object, java.lang.Object, java.lang.Object, int)'> (0x000000008c2fd300) 
thrown [s\src\hotspot\share\interpreter\linkResolver.cpp, line 784]
Event: 1.164 Thread 0x00000229ec6fdcc0 Exception <a 'java/lang/NoSuchMethodError'{0x000000008c11c550}: 'java.lang.Object java.lang.invoke.Invokers$Holder.linkToTargetMethod(java.lang.Object, java.lang.Object, int, java.lang.Object)'> (0x000000008c11c550) 
thrown [s\src\hotspot\share\interpreter\linkResolver.cpp, line 784]

ZGC Phase Switch (0 events):
No events

VM Operations (8 events):
Event: 0.223 Executing VM operation: HandshakeAllThreads (Deoptimize)
Event: 0.223 Executing VM operation: HandshakeAllThreads (Deoptimize) done
Event: 0.644 Executing VM operation: HandshakeAllThreads (Deoptimize)
Event: 0.644 Executing VM operation: HandshakeAllThreads (Deoptimize) done
Event: 0.990 Executing VM operation: G1CollectForAllocation (G1 Evacuation Pause)
Event: 0.999 Executing VM operation: G1CollectForAllocation (G1 Evacuation Pause) done
Event: 1.168 Executing VM operation: HandshakeAllThreads (Deoptimize)
Event: 1.168 Executing VM operation: HandshakeAllThreads (Deoptimize) done

Memory protections (0 events):
No events

Nmethod flushes (0 events):
No events

Events (15 events):
Event: 0.018 Thread 0x00000229ec6fdcc0 Thread added: 0x00000229ec6fdcc0
Event: 0.091 Thread 0x00000229ec6fdcc0 Thread added: 0x00000229f74ac620
Event: 0.091 Thread 0x00000229ec6fdcc0 Thread added: 0x00000229f74ad330
Event: 0.092 Thread 0x00000229ec6fdcc0 Thread added: 0x00000229f74c35c0
Event: 0.092 Thread 0x00000229ec6fdcc0 Thread added: 0x00000229f74c8340
Event: 0.092 Thread 0x00000229ec6fdcc0 Thread added: 0x00000229f74c9e90
Event: 0.092 Thread 0x00000229ec6fdcc0 Thread added: 0x00000229f74cc490
Event: 0.092 Thread 0x00000229ec6fdcc0 Thread added: 0x00000229f74d5e10
Event: 0.093 Thread 0x00000229ec6fdcc0 Thread added: 0x00000229f74db550
Event: 0.156 Thread 0x00000229ec6fdcc0 Thread added: 0x00000229f7669140
Event: 0.165 Thread 0x00000229ec6fdcc0 Thread added: 0x00000229f768b920
Event: 0.176 Loaded shared library C:\Program Files\Android\Android Studio\jbr\bin\net.dll
Event: 0.178 Loaded shared library C:\Program Files\Android\Android Studio\jbr\bin\nio.dll
Event: 0.220 Loaded shared library C:\Program Files\Android\Android Studio\jbr\bin\zip.dll
Event: 0.266 Loaded shared library C:\Program Files\Android\Android Studio\jbr\bin\jimage.dll


Dynamic libraries:
0x00007ff64e040000 - 0x00007ff64e04a000 	C:\Program Files\Android\Android Studio\jbr\bin\java.exe
0x00007ffa38f90000 - 0x00007ffa391a7000 	C:\Windows\SYSTEM32\ntdll.dll
0x00007ffa37d50000 - 0x00007ffa37e14000 	C:\Windows\System32\KERNEL32.DLL
0x00007ffa365b0000 - 0x00007ffa36983000 	C:\Windows\System32\KERNELBASE.dll
0x00007ffa20e70000 - 0x00007ffa20e88000 	C:\Program Files\Android\Android Studio\jbr\bin\jli.dll
0x00007ffa36350000 - 0x00007ffa36461000 	C:\Windows\System32\ucrtbase.dll
0x00007ffa37630000 - 0x00007ffa377e1000 	C:\Windows\System32\USER32.dll
0x00007ff9ffbe0000 - 0x00007ff9ffbfb000 	C:\Program Files\Android\Android Studio\jbr\bin\VCRUNTIME140.dll
0x00007ffa1e120000 - 0x00007ffa1e3b8000 	C:\Windows\WinSxS\amd64_microsoft.windows.common-controls_6595b64144ccf1df_6.0.22621.5124_none_270e8f4f7386d69d\COMCTL32.dll
0x00007ffa36b80000 - 0x00007ffa36ba6000 	C:\Windows\System32\win32u.dll
0x00007ffa36e00000 - 0x00007ffa36ea7000 	C:\Windows\System32\msvcrt.dll
0x00007ffa38ed0000 - 0x00007ffa38ef9000 	C:\Windows\System32\GDI32.dll
0x00007ffa36990000 - 0x00007ffa36aab000 	C:\Windows\System32\gdi32full.dll
0x00007ffa36ab0000 - 0x00007ffa36b4a000 	C:\Windows\System32\msvcp_win.dll
0x00007ffa38f00000 - 0x00007ffa38f31000 	C:\Windows\System32\IMM32.DLL
0x00007ffa20e60000 - 0x00007ffa20e6c000 	C:\Program Files\Android\Android Studio\jbr\bin\vcruntime140_1.dll
0x00007ff9e74e0000 - 0x00007ff9e756d000 	C:\Program Files\Android\Android Studio\jbr\bin\msvcp140.dll
0x00007ff9dacf0000 - 0x00007ff9db97a000 	C:\Program Files\Android\Android Studio\jbr\bin\server\jvm.dll
0x00007ffa38d80000 - 0x00007ffa38e31000 	C:\Windows\System32\ADVAPI32.dll
0x00007ffa37f00000 - 0x00007ffa37fa8000 	C:\Windows\System32\sechost.dll
0x00007ffa36b50000 - 0x00007ffa36b78000 	C:\Windows\System32\bcrypt.dll
0x00007ffa38190000 - 0x00007ffa382a4000 	C:\Windows\System32\RPCRT4.dll
0x00007ffa38460000 - 0x00007ffa384d1000 	C:\Windows\System32\WS2_32.dll
0x00007ffa35280000 - 0x00007ffa352cd000 	C:\Windows\SYSTEM32\POWRPROF.dll
0x00007ffa2d3e0000 - 0x00007ffa2d414000 	C:\Windows\SYSTEM32\WINMM.dll
0x00007ffa31b30000 - 0x00007ffa31b3a000 	C:\Windows\SYSTEM32\VERSION.dll
0x00007ffa35260000 - 0x00007ffa35273000 	C:\Windows\SYSTEM32\UMPDC.dll
0x00007ffa35140000 - 0x00007ffa35158000 	C:\Windows\SYSTEM32\kernel.appcore.dll
0x00007ffa20e30000 - 0x00007ffa20e3a000 	C:\Program Files\Android\Android Studio\jbr\bin\jimage.dll
0x00007ffa33a90000 - 0x00007ffa33cc2000 	C:\Windows\SYSTEM32\DBGHELP.DLL
0x00007ffa379b0000 - 0x00007ffa37d42000 	C:\Windows\System32\combase.dll
0x00007ffa36eb0000 - 0x00007ffa36f87000 	C:\Windows\System32\OLEAUT32.dll
0x00007ffa03320000 - 0x00007ffa03352000 	C:\Windows\SYSTEM32\dbgcore.DLL
0x00007ffa362d0000 - 0x00007ffa3634b000 	C:\Windows\System32\bcryptPrimitives.dll
0x00007ff9ffbc0000 - 0x00007ff9ffbe0000 	C:\Program Files\Android\Android Studio\jbr\bin\java.dll
0x00007ff9fb530000 - 0x00007ff9fb548000 	C:\Program Files\Android\Android Studio\jbr\bin\zip.dll
0x00007ffa384e0000 - 0x00007ffa38d76000 	C:\Windows\System32\SHELL32.dll
0x00007ffa36470000 - 0x00007ffa365af000 	C:\Windows\System32\wintypes.dll
0x00007ffa33f70000 - 0x00007ffa3488a000 	C:\Windows\SYSTEM32\windows.storage.dll
0x00007ffa36f90000 - 0x00007ffa3709a000 	C:\Windows\System32\SHCORE.dll
0x00007ffa37e20000 - 0x00007ffa37e83000 	C:\Windows\System32\shlwapi.dll
0x00007ffa35fd0000 - 0x00007ffa35ffb000 	C:\Windows\SYSTEM32\profapi.dll
0x00007ffa1e8c0000 - 0x00007ffa1e8d0000 	C:\Program Files\Android\Android Studio\jbr\bin\net.dll
0x00007ffa304c0000 - 0x00007ffa305ec000 	C:\Windows\SYSTEM32\WINHTTP.dll
0x00007ffa35640000 - 0x00007ffa356aa000 	C:\Windows\system32\mswsock.dll
0x00007ff9fb510000 - 0x00007ff9fb526000 	C:\Program Files\Android\Android Studio\jbr\bin\nio.dll

dbghelp: loaded successfully - version: 4.0.5 - missing functions: none
symbol engine: initialized successfully - sym options: 0x614 - pdb path: .;C:\Program Files\Android\Android Studio\jbr\bin;C:\Windows\SYSTEM32;C:\Windows\WinSxS\amd64_microsoft.windows.common-controls_6595b64144ccf1df_6.0.22621.5124_none_270e8f4f7386d69d;C:\Program Files\Android\Android Studio\jbr\bin\server

VM Arguments:
java_command: org.jetbrains.kotlin.cli.jvm.K2JVMCompiler @C:\Users\MSI MODERN\AndroidStudioProjects\SetoranHafalanDosen\app\build\20250522_5668604346967111228.compiler.options
java_class_path (initial): C:\Users\MSI MODERN\.gradle\caches\modules-2\files-2.1\org.jetbrains.kotlin\kotlin-compiler-embeddable\2.0.0\1de310de3446414381282ffc46c3ed3919a4d1da\kotlin-compiler-embeddable-2.0.0.jar;C:\Users\MSI MODERN\.gradle\caches\modules-2\files-2.1\org.jetbrains.kotlin\kotlin-stdlib\2.0.0\b48df2c4aede9586cc931ead433bc02d6fd7879e\kotlin-stdlib-2.0.0.jar;C:\Users\MSI MODERN\.gradle\caches\modules-2\files-2.1\org.jetbrains.kotlin\kotlin-script-runtime\2.0.0\fdc27dd047d592fa41d2dfa21e7621287a361612\kotlin-script-runtime-2.0.0.jar;C:\Users\MSI MODERN\.gradle\caches\modules-2\files-2.1\org.jetbrains.kotlin\kotlin-reflect\1.6.10\1cbe9c92c12a94eea200d23c2bbaedaf3daf5132\kotlin-reflect-1.6.10.jar;C:\Users\MSI MODERN\.gradle\caches\modules-2\files-2.1\org.jetbrains.kotlin\kotlin-daemon-embeddable\2.0.0\b39c612768614c4428c96ee9c65477181fffe9d\kotlin-daemon-embeddable-2.0.0.jar;C:\Users\MSI MODERN\.gradle\caches\modules-2\files-2.1\org.jetbrains.intellij.deps\trove4j\1.0.20200330\3afb14d5f9ceb459d724e907a21145e8ff394f02\trove4j-1.0.20200330.jar;C:\Users\MSI MODERN\.gradle\caches\modules-2\files-2.1\org.jetbrains\annotations\13.0\919f0dfe192fb4e063e7dacadee7f8bb9a2672a9\annotations-13.0.jar
Launcher Type: SUN_STANDARD

[Global flags]
     intx CICompilerCount                          = 4                                         {product} {ergonomic}
     uint ConcGCThreads                            = 3                                         {product} {ergonomic}
     uint G1ConcRefinementThreads                  = 10                                        {product} {ergonomic}
   size_t G1HeapRegionSize                         = 1048576                                   {product} {ergonomic}
    uintx GCDrainStackTargetSize                   = 64                                        {product} {ergonomic}
   size_t InitialHeapSize                          = 130023424                                 {product} {ergonomic}
   size_t MarkStackSize                            = 4194304                                   {product} {ergonomic}
   size_t MaxHeapSize                              = 2069889024                                {product} {ergonomic}
   size_t MaxNewSize                               = 1241513984                                {product} {ergonomic}
   size_t MinHeapDeltaBytes                        = 1048576                                   {product} {ergonomic}
   size_t MinHeapSize                              = 8388608                                   {product} {ergonomic}
    uintx NonNMethodCodeHeapSize                   = 5839372                                {pd product} {ergonomic}
    uintx NonProfiledCodeHeapSize                  = 122909434                              {pd product} {ergonomic}
    uintx ProfiledCodeHeapSize                     = 122909434                              {pd product} {ergonomic}
    uintx ReservedCodeCacheSize                    = 251658240                              {pd product} {ergonomic}
     bool SegmentedCodeCache                       = true                                      {product} {ergonomic}
   size_t SoftMaxHeapSize                          = 2069889024                             {manageable} {ergonomic}
     bool UseCompressedOops                        = true                           {product lp64_product} {ergonomic}
     bool UseG1GC                                  = true                                      {product} {ergonomic}
     bool UseLargePagesIndividualAllocation        = false                                  {pd product} {ergonomic}

Logging:
Log output configuration:
 #0: stdout all=warning uptime,level,tags foldmultilines=false
 #1: stderr all=off uptime,level,tags foldmultilines=false

Environment Variables:
JAVA_HOME=C:\Program Files\Java\jdk-23
PATH=C:\Program Files\Common Files\Oracle\Java\javapath;C:\app\MSIMODERN\Oracle\dbhomeXE\bin;D:\App\dbhomeXE\bin;C:\app\MSIMODERN\dbhomeXE\bin;C:\Windows\system32;C:\Windows;C:\Windows\System32\Wbem;C:\Windows\System32\WindowsPowerShell\v1.0\;C:\Windows\System32\OpenSSH\;C:\Program Files (x86)\NVIDIA Corporation\PhysX\Common;C:\Program Files\NVIDIA Corporation\NVIDIA NvDLISR;C:\Program Files\Git\cmd;C:\app\MSIMODERN\dbhomeXE\bin;C:\Program Files\Java\jdk-23\bin;D:\App\dbhomeXE\bin;C:\Windows\system32;C:\Windows;C:\Windows\System32\Wbem;C:\Windows\System32\WindowsPowerShell\v1.0\;C:\Windows\System32\OpenSSH\;C:\Program Files (x86)\NVIDIA Corporation\PhysX\Common;C:\Program Files\NVIDIA Corporation\NVIDIA NvDLISR;C:\Program Files\Git\cmd;C:\Users\MSI MODERN\AppData\Local\Microsoft\WindowsApps;C:\Users\MSI MODERN\AppData\Local\Programs\Microsoft VS Code\bin;C:\Program Files\Java\jdk-23\bin;
USERNAME=MSI MODERN
OS=Windows_NT
PROCESSOR_IDENTIFIER=Intel64 Family 6 Model 141 Stepping 1, GenuineIntel
TMP=C:\Users\MSIMOD~1\AppData\Local\Temp
TEMP=C:\Users\MSIMOD~1\AppData\Local\Temp




Periodic native trim disabled

JNI global refs:
JNI global refs: 8, weak refs: 0

JNI global refs memory usage: 835, weak refs: 201

Process memory usage:
Resident Set Size: 86284K (1% of 8083116K total physical memory with 83992K free physical memory)

OOME stack traces (most recent first):
Classloader memory used:
Loader bootstrap                                                                       : 9099K
Loader jdk.internal.loader.ClassLoaders$AppClassLoader                                 : 7008K
Loader java.net.URLClassLoader                                                         : 40464B

---------------  S Y S T E M  ---------------

OS:
 Windows 11 , 64 bit Build 22621 (10.0.22621.5124)
OS uptime: 6 days 12:30 hours
Hyper-V role detected

CPU: total 12 (initial active 12) (6 cores per cpu, 2 threads per core) family 6 model 141 stepping 1 microcode 0x34, cx8, cmov, fxsr, ht, mmx, 3dnowpref, sse, sse2, sse3, ssse3, sse4.1, sse4.2, popcnt, lzcnt, tsc, tscinvbit, avx, avx2, aes, erms, clmul, bmi1, bmi2, adx, avx512f, avx512dq, avx512cd, avx512bw, avx512vl, sha, fma, vzeroupper, avx512_vpopcntdq, avx512_vpclmulqdq, avx512_vaes, avx512_vnni, clflush, clflushopt, clwb, avx512_vbmi2, avx512_vbmi, hv, rdtscp, rdpid, fsrm, gfni, avx512_bitalg, f16c, cet_ibt, cet_ss, avx512_ifma
Processor Information for all 12 processors :
  Max Mhz: 2688, Current Mhz: 2688, Mhz Limit: 2688

Memory: 4k page, system-wide physical 7893M (77M free)
TotalPageFile size 16085M (AvailPageFile size 0M)
current process WorkingSet (physical memory assigned to process): 84M, peak: 84M
current process commit charge ("private bytes"): 221M, peak: 222M

vm_info: OpenJDK 64-Bit Server VM (21.0.5+-13047016-b750.29) for windows-amd64 JRE (21.0.5+-13047016-b750.29), built on 2025-02-11T21:12:39Z by "builder" with MS VC++ 16.10 / 16.11 (VS2019)

END.
