#
# There is insufficient memory for the Java Runtime Environment to continue.
# Native memory allocation (mmap) failed to map 102760448 bytes. Error detail: G1 virtual space
# Possible reasons:
#   The system is out of physical RAM or swap space
#   This process is running with CompressedOops enabled, and the Java Heap may be blocking the growth of the native heap
# Possible solutions:
#   Reduce memory load on the system
#   Increase physical memory or swap space
#   Check if swap backing store is full
#   Decrease Java heap size (-Xmx/-Xms)
#   Decrease number of Java threads
#   Decrease Java thread stack sizes (-Xss)
#   Set larger code cache with -XX:ReservedCodeCacheSize=
#   JVM is running with Unscaled Compressed Oops mode in which the Java heap is
#     placed in the first 4GB address space. The Java Heap base address is the
#     maximum limit for the native heap growth. Please use -XX:HeapBaseMinAddress
#     to set the Java Heap base and to place the Java Heap above 4GB virtual address.
# This output file may be truncated or incomplete.
#
#  Out of Memory Error (os_windows.cpp:3828), pid=21676, tid=15108
#
# JRE version: OpenJDK Runtime Environment (21.0.5) (build 21.0.5+-13047016-b750.29)
# Java VM: OpenJDK 64-Bit Server VM (21.0.5+-13047016-b750.29, mixed mode, tiered, compressed oops, compressed class ptrs, g1 gc, windows-amd64)
# No core dump will be written. Minidumps are not enabled by default on client versions of Windows
#

---------------  S U M M A R Y ------------

Command Line: org.jetbrains.kotlin.cli.jvm.K2JVMCompiler @C:\Users\MSI MODERN\AndroidStudioProjects\SetoranHafalanDosen\app\build\20250611_1017501062506618865.compiler.options

Host: 11th Gen Intel(R) Core(TM) i5-11400H @ 2.70GHz, 12 cores, 7G,  Windows 11 , 64 bit Build 22621 (10.0.22621.5124)
Time: Wed Jun 11 16:02:00 2025 SE Asia Standard Time elapsed time: 7.594323 seconds (0d 0h 0m 7s)

---------------  T H R E A D  ---------------

Current thread (0x000002265bbfd490):  VMThread "VM Thread"          [id=15108, stack(0x000000638b700000,0x000000638b800000) (1024K)]

Stack: [0x000000638b700000,0x000000638b800000]
Native frames: (J=compiled Java code, j=interpreted, Vv=VM code, C=native code)
V  [jvm.dll+0x6cfb29]
V  [jvm.dll+0x85df93]
V  [jvm.dll+0x8604ee]
V  [jvm.dll+0x860bd3]
V  [jvm.dll+0x27e6b6]
V  [jvm.dll+0x6cc385]
V  [jvm.dll+0x6c078a]
V  [jvm.dll+0x35525b]
V  [jvm.dll+0x35ceb6]
V  [jvm.dll+0x3aedd6]
V  [jvm.dll+0x3af0a8]
V  [jvm.dll+0x32792c]
V  [jvm.dll+0x3279b7]
V  [jvm.dll+0x36d80c]
V  [jvm.dll+0x36bfbe]
V  [jvm.dll+0x327081]
V  [jvm.dll+0x36b6d0]
V  [jvm.dll+0x866958]
V  [jvm.dll+0x867cd4]
V  [jvm.dll+0x868210]
V  [jvm.dll+0x8684a3]
V  [jvm.dll+0x806368]
V  [jvm.dll+0x6ce3fd]
C  [ucrtbase.dll+0x29333]
C  [KERNEL32.DLL+0x1259d]
C  [ntdll.dll+0x5af38]

VM_Operation (0x000000638b0fa250): G1CollectForAllocation, mode: safepoint, requested by thread 0x0000022641ec0ff0


---------------  P R O C E S S  ---------------

Threads class SMR info:
_java_thread_list=0x000002265be75db0, length=13, elements={
0x0000022641ec0ff0, 0x000002265bc81860, 0x000002265bc82660, 0x000002265bca8300,
0x000002265bc9c810, 0x000002265bc9d260, 0x000002265bc9edf0, 0x000002265bcb0f40,
0x000002265bc85d60, 0x000002265be49f10, 0x000002265be6f5b0, 0x000002265bee0740,
0x000002265bee3120
}

Java Threads: ( => current thread )
  0x0000022641ec0ff0 JavaThread "main"                              [_thread_blocked, id=12588, stack(0x000000638b000000,0x000000638b100000) (1024K)]
  0x000002265bc81860 JavaThread "Reference Handler"          daemon [_thread_blocked, id=26048, stack(0x000000638b800000,0x000000638b900000) (1024K)]
  0x000002265bc82660 JavaThread "Finalizer"                  daemon [_thread_blocked, id=21444, stack(0x000000638b900000,0x000000638ba00000) (1024K)]
  0x000002265bca8300 JavaThread "Signal Dispatcher"          daemon [_thread_blocked, id=23240, stack(0x000000638ba00000,0x000000638bb00000) (1024K)]
  0x000002265bc9c810 JavaThread "Attach Listener"            daemon [_thread_blocked, id=18692, stack(0x000000638bb00000,0x000000638bc00000) (1024K)]
  0x000002265bc9d260 JavaThread "Service Thread"             daemon [_thread_blocked, id=5000, stack(0x000000638bc00000,0x000000638bd00000) (1024K)]
  0x000002265bc9edf0 JavaThread "Monitor Deflation Thread"   daemon [_thread_blocked, id=5344, stack(0x000000638bd00000,0x000000638be00000) (1024K)]
  0x000002265bcb0f40 JavaThread "C2 CompilerThread0"         daemon [_thread_blocked, id=16000, stack(0x000000638be00000,0x000000638bf00000) (1024K)]
  0x000002265bc85d60 JavaThread "C1 CompilerThread0"         daemon [_thread_blocked, id=16432, stack(0x000000638bf00000,0x000000638c000000) (1024K)]
  0x000002265be49f10 JavaThread "Notification Thread"        daemon [_thread_blocked, id=22268, stack(0x000000638c000000,0x000000638c100000) (1024K)]
  0x000002265be6f5b0 JavaThread "Common-Cleaner"             daemon [_thread_blocked, id=22404, stack(0x000000638c100000,0x000000638c200000) (1024K)]
  0x000002265bee0740 JavaThread "C2 CompilerThread1"         daemon [_thread_blocked, id=21916, stack(0x000000638c200000,0x000000638c300000) (1024K)]
  0x000002265bee3120 JavaThread "C2 CompilerThread2"         daemon [_thread_blocked, id=19960, stack(0x000000638c300000,0x000000638c400000) (1024K)]
Total: 13

Other Threads:
=>0x000002265bbfd490 VMThread "VM Thread"                           [id=15108, stack(0x000000638b700000,0x000000638b800000) (1024K)]
  0x000002265ba24ed0 WatcherThread "VM Periodic Task Thread"        [id=11308, stack(0x000000638b600000,0x000000638b700000) (1024K)]
  0x000002264216eae0 WorkerThread "GC Thread#0"                     [id=10400, stack(0x000000638b100000,0x000000638b200000) (1024K)]
  0x00000226607685c0 WorkerThread "GC Thread#1"                     [id=928, stack(0x000000638c400000,0x000000638c500000) (1024K)]
  0x0000022660768960 WorkerThread "GC Thread#2"                     [id=14980, stack(0x000000638c500000,0x000000638c600000) (1024K)]
  0x0000022660798cd0 WorkerThread "GC Thread#3"                     [id=18388, stack(0x000000638c600000,0x000000638c700000) (1024K)]
  0x0000022660799070 WorkerThread "GC Thread#4"                     [id=15780, stack(0x000000638c700000,0x000000638c800000) (1024K)]
  0x0000022660799410 WorkerThread "GC Thread#5"                     [id=11792, stack(0x000000638c800000,0x000000638c900000) (1024K)]
  0x0000022660bfecc0 WorkerThread "GC Thread#6"                     [id=23024, stack(0x000000638c900000,0x000000638ca00000) (1024K)]
  0x0000022660bfe1e0 WorkerThread "GC Thread#7"                     [id=8896, stack(0x000000638ca00000,0x000000638cb00000) (1024K)]
  0x0000022660bfe580 WorkerThread "GC Thread#8"                     [id=18752, stack(0x000000638cb00000,0x000000638cc00000) (1024K)]
  0x00000226618bc410 WorkerThread "GC Thread#9"                     [id=2784, stack(0x000000638ce00000,0x000000638cf00000) (1024K)]
  0x000002264217f180 ConcurrentGCThread "G1 Main Marker"            [id=13172, stack(0x000000638b200000,0x000000638b300000) (1024K)]
  0x0000022642180490 WorkerThread "G1 Conc#0"                       [id=27260, stack(0x000000638b300000,0x000000638b400000) (1024K)]
  0x0000022660bfd700 WorkerThread "G1 Conc#1"                       [id=14388, stack(0x000000638cc00000,0x000000638cd00000) (1024K)]
  0x0000022660bfe920 WorkerThread "G1 Conc#2"                       [id=12976, stack(0x000000638cd00000,0x000000638ce00000) (1024K)]
  0x000002265b8f81b0 ConcurrentGCThread "G1 Refine#0"               [id=12400, stack(0x000000638b400000,0x000000638b500000) (1024K)]
  0x000002265b8f8b30 ConcurrentGCThread "G1 Service"                [id=5792, stack(0x000000638b500000,0x000000638b600000) (1024K)]
Total: 18

Threads with active compile tasks:
C2 CompilerThread0  7605 9753       4       org.jetbrains.kotlin.fir.java.scopes.JavaClassStaticUseSiteScope::computeProperties (94 bytes)
C2 CompilerThread1  7605 9690       4       org.jetbrains.kotlin.fir.java.scopes.JavaClassStaticUseSiteScope::processPropertiesByName (117 bytes)
C2 CompilerThread2  7605 9635       4       org.jetbrains.kotlin.fir.java.scopes.JavaClassStaticEnhancementScope::processPropertiesByName (29 bytes)
Total: 3

VM state: at safepoint (normal execution)

VM Mutex/Monitor currently owned by a thread:  ([mutex/lock_event])
[0x00007ff9d17bd360] Threads_lock - owner thread: 0x000002265bbfd490
[0x00007ff9d17bd460] Heap_lock - owner thread: 0x0000022641ec0ff0

Heap address: 0x0000000084a00000, size: 1974 MB, Compressed Oops mode: 32-bit

CDS archive(s) not mapped
Compressed class space mapped at: 0x0000000100000000-0x0000000140000000, reserved size: 1073741824
Narrow klass base: 0x0000000000000000, Narrow klass shift: 3, Narrow klass range: 0x140000000

GC Precious Log:
 CardTable entry size: 512
 Card Set container configuration: InlinePtr #cards 5 size 8 Array Of Cards #cards 12 size 40 Howl #buckets 4 coarsen threshold 1843 Howl Bitmap #cards 512 size 80 coarsen threshold 460 Card regions per heap region 1 cards per card region 2048
 CPUs: 12 total, 12 available
 Memory: 7893M
 Large Page Support: Disabled
 NUMA Support: Disabled
 Compressed Oops: Enabled (32-bit)
 Heap Region Size: 1M
 Heap Min Capacity: 8M
 Heap Initial Capacity: 124M
 Heap Max Capacity: 1974M
 Pre-touch: Disabled
 Parallel Workers: 10
 Concurrent Workers: 3
 Concurrent Refinement Workers: 10
 Periodic GC: Disabled

Heap:
 garbage-first heap   total 179200K, used 127307K [0x0000000084a00000, 0x0000000100000000)
  region size 1024K, 6 young (6144K), 6 survivors (6144K)
 Metaspace       used 69306K, committed 69632K, reserved 1114112K
  class space    used 7442K, committed 7616K, reserved 1048576K

Heap Regions: E=young(eden), S=young(survivor), O=old, HS=humongous(starts), HC=humongous(continues), CS=collection set, F=free, TAMS=top-at-mark-start, PB=parsable bottom
|   0|0x0000000084a00000, 0x0000000084b00000, 0x0000000084b00000|100%|HS|  |TAMS 0x0000000084b00000| PB 0x0000000084a00000| Complete 
|   1|0x0000000084b00000, 0x0000000084c00000, 0x0000000084c00000|100%|HC|  |TAMS 0x0000000084c00000| PB 0x0000000084b00000| Complete 
|   2|0x0000000084c00000, 0x0000000084d00000, 0x0000000084d00000|100%|HC|  |TAMS 0x0000000084d00000| PB 0x0000000084c00000| Complete 
|   3|0x0000000084d00000, 0x0000000084e00000, 0x0000000084e00000|100%| O|  |TAMS 0x0000000084e00000| PB 0x0000000084d00000| Untracked 
|   4|0x0000000084e00000, 0x0000000084f00000, 0x0000000084f00000|100%| O|  |TAMS 0x0000000084f00000| PB 0x0000000084e00000| Untracked 
|   5|0x0000000084f00000, 0x0000000085000000, 0x0000000085000000|100%| O|  |TAMS 0x0000000085000000| PB 0x0000000084f00000| Untracked 
|   6|0x0000000085000000, 0x0000000085100000, 0x0000000085100000|100%| O|  |TAMS 0x0000000085100000| PB 0x0000000085000000| Untracked 
|   7|0x0000000085100000, 0x0000000085200000, 0x0000000085200000|100%| O|  |TAMS 0x0000000085200000| PB 0x0000000085100000| Untracked 
|   8|0x0000000085200000, 0x0000000085300000, 0x0000000085300000|100%| O|  |TAMS 0x0000000085300000| PB 0x0000000085200000| Untracked 
|   9|0x0000000085300000, 0x0000000085400000, 0x0000000085400000|100%| O|  |TAMS 0x0000000085400000| PB 0x0000000085300000| Untracked 
|  10|0x0000000085400000, 0x0000000085500000, 0x0000000085500000|100%| O|  |TAMS 0x0000000085500000| PB 0x0000000085400000| Untracked 
|  11|0x0000000085500000, 0x0000000085600000, 0x0000000085600000|100%| O|  |TAMS 0x0000000085600000| PB 0x0000000085500000| Untracked 
|  12|0x0000000085600000, 0x0000000085700000, 0x0000000085700000|100%| O|  |TAMS 0x0000000085700000| PB 0x0000000085600000| Untracked 
|  13|0x0000000085700000, 0x0000000085800000, 0x0000000085800000|100%| O|  |TAMS 0x0000000085800000| PB 0x0000000085700000| Untracked 
|  14|0x0000000085800000, 0x0000000085900000, 0x0000000085900000|100%| O|  |TAMS 0x0000000085900000| PB 0x0000000085800000| Untracked 
|  15|0x0000000085900000, 0x0000000085a00000, 0x0000000085a00000|100%| O|  |TAMS 0x0000000085a00000| PB 0x0000000085900000| Untracked 
|  16|0x0000000085a00000, 0x0000000085b00000, 0x0000000085b00000|100%| O|  |TAMS 0x0000000085b00000| PB 0x0000000085a00000| Untracked 
|  17|0x0000000085b00000, 0x0000000085c00000, 0x0000000085c00000|100%| O|  |TAMS 0x0000000085c00000| PB 0x0000000085b00000| Untracked 
|  18|0x0000000085c00000, 0x0000000085d00000, 0x0000000085d00000|100%| O|  |TAMS 0x0000000085d00000| PB 0x0000000085c00000| Untracked 
|  19|0x0000000085d00000, 0x0000000085e00000, 0x0000000085e00000|100%| O|  |TAMS 0x0000000085e00000| PB 0x0000000085d00000| Untracked 
|  20|0x0000000085e00000, 0x0000000085f00000, 0x0000000085f00000|100%| O|  |TAMS 0x0000000085f00000| PB 0x0000000085e00000| Untracked 
|  21|0x0000000085f00000, 0x0000000086000000, 0x0000000086000000|100%| O|  |TAMS 0x0000000086000000| PB 0x0000000085f00000| Untracked 
|  22|0x0000000086000000, 0x0000000086100000, 0x0000000086100000|100%| O|  |TAMS 0x0000000086100000| PB 0x0000000086000000| Untracked 
|  23|0x0000000086100000, 0x0000000086200000, 0x0000000086200000|100%| O|  |TAMS 0x0000000086200000| PB 0x0000000086100000| Untracked 
|  24|0x0000000086200000, 0x0000000086300000, 0x0000000086300000|100%| O|  |TAMS 0x0000000086300000| PB 0x0000000086200000| Untracked 
|  25|0x0000000086300000, 0x0000000086400000, 0x0000000086400000|100%| O|  |TAMS 0x0000000086400000| PB 0x0000000086300000| Untracked 
|  26|0x0000000086400000, 0x0000000086500000, 0x0000000086500000|100%| O|  |TAMS 0x0000000086500000| PB 0x0000000086400000| Untracked 
|  27|0x0000000086500000, 0x0000000086600000, 0x0000000086600000|100%| O|  |TAMS 0x0000000086600000| PB 0x0000000086500000| Untracked 
|  28|0x0000000086600000, 0x0000000086700000, 0x0000000086700000|100%| O|  |TAMS 0x0000000086700000| PB 0x0000000086600000| Untracked 
|  29|0x0000000086700000, 0x0000000086800000, 0x0000000086800000|100%| O|  |TAMS 0x0000000086800000| PB 0x0000000086700000| Untracked 
|  30|0x0000000086800000, 0x0000000086900000, 0x0000000086900000|100%| O|  |TAMS 0x0000000086900000| PB 0x0000000086800000| Untracked 
|  31|0x0000000086900000, 0x0000000086a00000, 0x0000000086a00000|100%| O|  |TAMS 0x0000000086a00000| PB 0x0000000086900000| Untracked 
|  32|0x0000000086a00000, 0x0000000086b00000, 0x0000000086b00000|100%| O|  |TAMS 0x0000000086b00000| PB 0x0000000086a00000| Untracked 
|  33|0x0000000086b00000, 0x0000000086c00000, 0x0000000086c00000|100%| O|  |TAMS 0x0000000086c00000| PB 0x0000000086b00000| Untracked 
|  34|0x0000000086c00000, 0x0000000086d00000, 0x0000000086d00000|100%| O|  |TAMS 0x0000000086d00000| PB 0x0000000086c00000| Untracked 
|  35|0x0000000086d00000, 0x0000000086e00000, 0x0000000086e00000|100%| O|  |TAMS 0x0000000086e00000| PB 0x0000000086d00000| Untracked 
|  36|0x0000000086e00000, 0x0000000086f00000, 0x0000000086f00000|100%| O|  |TAMS 0x0000000086f00000| PB 0x0000000086e00000| Untracked 
|  37|0x0000000086f00000, 0x0000000087000000, 0x0000000087000000|100%| O|  |TAMS 0x0000000087000000| PB 0x0000000086f00000| Untracked 
|  38|0x0000000087000000, 0x0000000087100000, 0x0000000087100000|100%| O|  |TAMS 0x0000000087100000| PB 0x0000000087000000| Untracked 
|  39|0x0000000087100000, 0x0000000087200000, 0x0000000087200000|100%| O|  |TAMS 0x0000000087100000| PB 0x0000000087100000| Untracked 
|  40|0x0000000087200000, 0x0000000087300000, 0x0000000087300000|100%| O|  |TAMS 0x0000000087300000| PB 0x0000000087200000| Untracked 
|  41|0x0000000087300000, 0x0000000087400000, 0x0000000087400000|100%| O|  |TAMS 0x0000000087400000| PB 0x0000000087300000| Untracked 
|  42|0x0000000087400000, 0x0000000087500000, 0x0000000087500000|100%| O|  |TAMS 0x0000000087500000| PB 0x0000000087400000| Untracked 
|  43|0x0000000087500000, 0x0000000087600000, 0x0000000087600000|100%| O|  |TAMS 0x0000000087600000| PB 0x0000000087500000| Untracked 
|  44|0x0000000087600000, 0x0000000087700000, 0x0000000087700000|100%| O|  |TAMS 0x0000000087700000| PB 0x0000000087600000| Untracked 
|  45|0x0000000087700000, 0x0000000087800000, 0x0000000087800000|100%| O|  |TAMS 0x0000000087800000| PB 0x0000000087700000| Untracked 
|  46|0x0000000087800000, 0x0000000087900000, 0x0000000087900000|100%| O|  |TAMS 0x0000000087900000| PB 0x0000000087800000| Untracked 
|  47|0x0000000087900000, 0x0000000087a00000, 0x0000000087a00000|100%| O|  |TAMS 0x0000000087a00000| PB 0x0000000087900000| Untracked 
|  48|0x0000000087a00000, 0x0000000087b00000, 0x0000000087b00000|100%| O|  |TAMS 0x0000000087b00000| PB 0x0000000087a00000| Untracked 
|  49|0x0000000087b00000, 0x0000000087c00000, 0x0000000087c00000|100%| O|  |TAMS 0x0000000087c00000| PB 0x0000000087b00000| Untracked 
|  50|0x0000000087c00000, 0x0000000087d00000, 0x0000000087d00000|100%| O|  |TAMS 0x0000000087d00000| PB 0x0000000087c00000| Untracked 
|  51|0x0000000087d00000, 0x0000000087e00000, 0x0000000087e00000|100%| O|  |TAMS 0x0000000087e00000| PB 0x0000000087d00000| Untracked 
|  52|0x0000000087e00000, 0x0000000087f00000, 0x0000000087f00000|100%| O|  |TAMS 0x0000000087f00000| PB 0x0000000087e00000| Untracked 
|  53|0x0000000087f00000, 0x0000000088000000, 0x0000000088000000|100%| O|  |TAMS 0x0000000088000000| PB 0x0000000087f00000| Untracked 
|  54|0x0000000088000000, 0x0000000088100000, 0x0000000088100000|100%| O|  |TAMS 0x0000000088100000| PB 0x0000000088000000| Untracked 
|  55|0x0000000088100000, 0x0000000088200000, 0x0000000088200000|100%| O|  |TAMS 0x0000000088200000| PB 0x0000000088100000| Untracked 
|  56|0x0000000088200000, 0x0000000088300000, 0x0000000088300000|100%| O|  |TAMS 0x0000000088300000| PB 0x0000000088200000| Untracked 
|  57|0x0000000088300000, 0x0000000088400000, 0x0000000088400000|100%| O|  |TAMS 0x0000000088400000| PB 0x0000000088300000| Untracked 
|  58|0x0000000088400000, 0x0000000088500000, 0x0000000088500000|100%| O|  |TAMS 0x0000000088500000| PB 0x0000000088400000| Untracked 
|  59|0x0000000088500000, 0x0000000088600000, 0x0000000088600000|100%| O|  |TAMS 0x0000000088600000| PB 0x0000000088500000| Untracked 
|  60|0x0000000088600000, 0x0000000088700000, 0x0000000088700000|100%| O|  |TAMS 0x0000000088700000| PB 0x0000000088600000| Untracked 
|  61|0x0000000088700000, 0x0000000088800000, 0x0000000088800000|100%| O|  |TAMS 0x0000000088800000| PB 0x0000000088700000| Untracked 
|  62|0x0000000088800000, 0x0000000088900000, 0x0000000088900000|100%| O|  |TAMS 0x0000000088900000| PB 0x0000000088800000| Untracked 
|  63|0x0000000088900000, 0x0000000088a00000, 0x0000000088a00000|100%| O|  |TAMS 0x0000000088a00000| PB 0x0000000088900000| Untracked 
|  64|0x0000000088a00000, 0x0000000088b00000, 0x0000000088b00000|100%| O|  |TAMS 0x0000000088b00000| PB 0x0000000088a00000| Untracked 
|  65|0x0000000088b00000, 0x0000000088c00000, 0x0000000088c00000|100%| O|  |TAMS 0x0000000088c00000| PB 0x0000000088b00000| Untracked 
|  66|0x0000000088c00000, 0x0000000088d00000, 0x0000000088d00000|100%| O|  |TAMS 0x0000000088d00000| PB 0x0000000088c00000| Untracked 
|  67|0x0000000088d00000, 0x0000000088e00000, 0x0000000088e00000|100%| O|  |TAMS 0x0000000088e00000| PB 0x0000000088d00000| Untracked 
|  68|0x0000000088e00000, 0x0000000088f00000, 0x0000000088f00000|100%| O|  |TAMS 0x0000000088f00000| PB 0x0000000088e00000| Untracked 
|  69|0x0000000088f00000, 0x0000000089000000, 0x0000000089000000|100%| O|  |TAMS 0x0000000089000000| PB 0x0000000088f00000| Untracked 
|  70|0x0000000089000000, 0x0000000089100000, 0x0000000089100000|100%| O|  |TAMS 0x0000000089100000| PB 0x0000000089000000| Untracked 
|  71|0x0000000089100000, 0x0000000089200000, 0x0000000089200000|100%| O|  |TAMS 0x0000000089200000| PB 0x0000000089100000| Untracked 
|  72|0x0000000089200000, 0x0000000089300000, 0x0000000089300000|100%| O|  |TAMS 0x0000000089300000| PB 0x0000000089200000| Untracked 
|  73|0x0000000089300000, 0x0000000089400000, 0x0000000089400000|100%| O|  |TAMS 0x0000000089400000| PB 0x0000000089300000| Untracked 
|  74|0x0000000089400000, 0x0000000089500000, 0x0000000089500000|100%| O|  |TAMS 0x0000000089500000| PB 0x0000000089400000| Untracked 
|  75|0x0000000089500000, 0x0000000089600000, 0x0000000089600000|100%| O|  |TAMS 0x0000000089600000| PB 0x0000000089500000| Untracked 
|  76|0x0000000089600000, 0x0000000089700000, 0x0000000089700000|100%| O|  |TAMS 0x0000000089600000| PB 0x0000000089600000| Untracked 
|  77|0x0000000089700000, 0x0000000089800000, 0x0000000089800000|100%| O|  |TAMS 0x0000000089800000| PB 0x0000000089700000| Untracked 
|  78|0x0000000089800000, 0x0000000089900000, 0x0000000089900000|100%| O|  |TAMS 0x0000000089900000| PB 0x0000000089800000| Untracked 
|  79|0x0000000089900000, 0x0000000089a00000, 0x0000000089a00000|100%| O|  |TAMS 0x0000000089a00000| PB 0x0000000089900000| Untracked 
|  80|0x0000000089a00000, 0x0000000089b00000, 0x0000000089b00000|100%| O|  |TAMS 0x0000000089b00000| PB 0x0000000089a00000| Untracked 
|  81|0x0000000089b00000, 0x0000000089c00000, 0x0000000089c00000|100%| O|  |TAMS 0x0000000089c00000| PB 0x0000000089b00000| Untracked 
|  82|0x0000000089c00000, 0x0000000089d00000, 0x0000000089d00000|100%| O|  |TAMS 0x0000000089d00000| PB 0x0000000089c00000| Untracked 
|  83|0x0000000089d00000, 0x0000000089e00000, 0x0000000089e00000|100%| O|  |TAMS 0x0000000089e00000| PB 0x0000000089d00000| Untracked 
|  84|0x0000000089e00000, 0x0000000089f00000, 0x0000000089f00000|100%| O|  |TAMS 0x0000000089f00000| PB 0x0000000089e00000| Untracked 
|  85|0x0000000089f00000, 0x000000008a000000, 0x000000008a000000|100%| O|  |TAMS 0x000000008a000000| PB 0x0000000089f00000| Untracked 
|  86|0x000000008a000000, 0x000000008a100000, 0x000000008a100000|100%| O|  |TAMS 0x000000008a100000| PB 0x000000008a000000| Untracked 
|  87|0x000000008a100000, 0x000000008a200000, 0x000000008a200000|100%| O|  |TAMS 0x000000008a200000| PB 0x000000008a100000| Untracked 
|  88|0x000000008a200000, 0x000000008a300000, 0x000000008a300000|100%| O|  |TAMS 0x000000008a300000| PB 0x000000008a200000| Untracked 
|  89|0x000000008a300000, 0x000000008a400000, 0x000000008a400000|100%| O|  |TAMS 0x000000008a400000| PB 0x000000008a300000| Untracked 
|  90|0x000000008a400000, 0x000000008a500000, 0x000000008a500000|100%| O|  |TAMS 0x000000008a500000| PB 0x000000008a400000| Untracked 
|  91|0x000000008a500000, 0x000000008a600000, 0x000000008a600000|100%| O|  |TAMS 0x000000008a600000| PB 0x000000008a500000| Untracked 
|  92|0x000000008a600000, 0x000000008a700000, 0x000000008a700000|100%| O|  |TAMS 0x000000008a700000| PB 0x000000008a600000| Untracked 
|  93|0x000000008a700000, 0x000000008a800000, 0x000000008a800000|100%| O|  |TAMS 0x000000008a800000| PB 0x000000008a700000| Untracked 
|  94|0x000000008a800000, 0x000000008a900000, 0x000000008a900000|100%| O|  |TAMS 0x000000008a900000| PB 0x000000008a800000| Untracked 
|  95|0x000000008a900000, 0x000000008aa00000, 0x000000008aa00000|100%| O|  |TAMS 0x000000008aa00000| PB 0x000000008a900000| Untracked 
|  96|0x000000008aa00000, 0x000000008ab00000, 0x000000008ab00000|100%| O|  |TAMS 0x000000008ab00000| PB 0x000000008aa00000| Untracked 
|  97|0x000000008ab00000, 0x000000008ac00000, 0x000000008ac00000|100%| O|  |TAMS 0x000000008ac00000| PB 0x000000008ab00000| Untracked 
|  98|0x000000008ac00000, 0x000000008ad00000, 0x000000008ad00000|100%| O|  |TAMS 0x000000008ad00000| PB 0x000000008ac00000| Untracked 
|  99|0x000000008ad00000, 0x000000008ae00000, 0x000000008ae00000|100%| O|  |TAMS 0x000000008ae00000| PB 0x000000008ad00000| Untracked 
| 100|0x000000008ae00000, 0x000000008af00000, 0x000000008af00000|100%| O|  |TAMS 0x000000008af00000| PB 0x000000008ae00000| Untracked 
| 101|0x000000008af00000, 0x000000008b000000, 0x000000008b000000|100%| O|  |TAMS 0x000000008b000000| PB 0x000000008af00000| Untracked 
| 102|0x000000008b000000, 0x000000008b100000, 0x000000008b100000|100%| O|  |TAMS 0x000000008b100000| PB 0x000000008b000000| Untracked 
| 103|0x000000008b100000, 0x000000008b200000, 0x000000008b200000|100%| O|  |TAMS 0x000000008b200000| PB 0x000000008b100000| Untracked 
| 104|0x000000008b200000, 0x000000008b300000, 0x000000008b300000|100%| O|  |TAMS 0x000000008b300000| PB 0x000000008b200000| Untracked 
| 105|0x000000008b300000, 0x000000008b400000, 0x000000008b400000|100%| O|  |TAMS 0x000000008b400000| PB 0x000000008b300000| Untracked 
| 106|0x000000008b400000, 0x000000008b500000, 0x000000008b500000|100%| O|  |TAMS 0x000000008b500000| PB 0x000000008b400000| Untracked 
| 107|0x000000008b500000, 0x000000008b600000, 0x000000008b600000|100%| O|  |TAMS 0x000000008b600000| PB 0x000000008b500000| Untracked 
| 108|0x000000008b600000, 0x000000008b700000, 0x000000008b700000|100%| O|  |TAMS 0x000000008b700000| PB 0x000000008b600000| Untracked 
| 109|0x000000008b700000, 0x000000008b800000, 0x000000008b800000|100%| O|  |TAMS 0x000000008b800000| PB 0x000000008b700000| Untracked 
| 110|0x000000008b800000, 0x000000008b900000, 0x000000008b900000|100%| O|  |TAMS 0x000000008b84d4d0| PB 0x000000008b800000| Untracked 
| 111|0x000000008b900000, 0x000000008ba00000, 0x000000008ba00000|100%| O|  |TAMS 0x000000008b900000| PB 0x000000008b900000| Untracked 
| 112|0x000000008ba00000, 0x000000008bb00000, 0x000000008bb00000|100%| O|  |TAMS 0x000000008ba00000| PB 0x000000008ba00000| Untracked 
| 113|0x000000008bb00000, 0x000000008bc00000, 0x000000008bc00000|100%| O|  |TAMS 0x000000008bb00000| PB 0x000000008bb00000| Untracked 
| 114|0x000000008bc00000, 0x000000008bd00000, 0x000000008bd00000|100%| O|  |TAMS 0x000000008bc00000| PB 0x000000008bc00000| Untracked 
| 115|0x000000008bd00000, 0x000000008bd52d60, 0x000000008be00000| 32%| O|  |TAMS 0x000000008bd00000| PB 0x000000008bd00000| Untracked 
| 116|0x000000008be00000, 0x000000008be00000, 0x000000008bf00000|  0%| F|  |TAMS 0x000000008be00000| PB 0x000000008be00000| Untracked 
| 117|0x000000008bf00000, 0x000000008bf00000, 0x000000008c000000|  0%| F|  |TAMS 0x000000008bf00000| PB 0x000000008bf00000| Untracked 
| 118|0x000000008c000000, 0x000000008c000000, 0x000000008c100000|  0%| F|  |TAMS 0x000000008c000000| PB 0x000000008c000000| Untracked 
| 119|0x000000008c100000, 0x000000008c100000, 0x000000008c200000|  0%| F|  |TAMS 0x000000008c100000| PB 0x000000008c100000| Untracked 
| 120|0x000000008c200000, 0x000000008c200000, 0x000000008c300000|  0%| F|  |TAMS 0x000000008c200000| PB 0x000000008c200000| Untracked 
| 121|0x000000008c300000, 0x000000008c300000, 0x000000008c400000|  0%| F|  |TAMS 0x000000008c300000| PB 0x000000008c300000| Untracked 
| 122|0x000000008c400000, 0x000000008c400000, 0x000000008c500000|  0%| F|  |TAMS 0x000000008c400000| PB 0x000000008c400000| Untracked 
| 123|0x000000008c500000, 0x000000008c500000, 0x000000008c600000|  0%| F|  |TAMS 0x000000008c500000| PB 0x000000008c500000| Untracked 
| 124|0x000000008c600000, 0x000000008c600000, 0x000000008c700000|  0%| F|  |TAMS 0x000000008c600000| PB 0x000000008c600000| Untracked 
| 125|0x000000008c700000, 0x000000008c700000, 0x000000008c800000|  0%| F|  |TAMS 0x000000008c700000| PB 0x000000008c700000| Untracked 
| 126|0x000000008c800000, 0x000000008c800000, 0x000000008c900000|  0%| F|  |TAMS 0x000000008c800000| PB 0x000000008c800000| Untracked 
| 127|0x000000008c900000, 0x000000008c900000, 0x000000008ca00000|  0%| F|  |TAMS 0x000000008c900000| PB 0x000000008c900000| Untracked 
| 128|0x000000008ca00000, 0x000000008ca00000, 0x000000008cb00000|  0%| F|  |TAMS 0x000000008ca00000| PB 0x000000008ca00000| Untracked 
| 129|0x000000008cb00000, 0x000000008cc00000, 0x000000008cc00000|100%| S|CS|TAMS 0x000000008cb00000| PB 0x000000008cb00000| Complete 
| 130|0x000000008cc00000, 0x000000008cd00000, 0x000000008cd00000|100%| S|CS|TAMS 0x000000008cc00000| PB 0x000000008cc00000| Complete 
| 131|0x000000008cd00000, 0x000000008ce00000, 0x000000008ce00000|100%| S|CS|TAMS 0x000000008cd00000| PB 0x000000008cd00000| Complete 
| 132|0x000000008ce00000, 0x000000008cf00000, 0x000000008cf00000|100%| S|CS|TAMS 0x000000008ce00000| PB 0x000000008ce00000| Complete 
| 133|0x000000008cf00000, 0x000000008d000000, 0x000000008d000000|100%| S|CS|TAMS 0x000000008cf00000| PB 0x000000008cf00000| Complete 
| 134|0x000000008d000000, 0x000000008d100000, 0x000000008d100000|100%| S|CS|TAMS 0x000000008d000000| PB 0x000000008d000000| Complete 
| 135|0x000000008d100000, 0x000000008d100000, 0x000000008d200000|  0%| F|  |TAMS 0x000000008d100000| PB 0x000000008d100000| Untracked 
| 136|0x000000008d200000, 0x000000008d200000, 0x000000008d300000|  0%| F|  |TAMS 0x000000008d200000| PB 0x000000008d200000| Untracked 
| 137|0x000000008d300000, 0x000000008d300000, 0x000000008d400000|  0%| F|  |TAMS 0x000000008d300000| PB 0x000000008d300000| Untracked 
| 138|0x000000008d400000, 0x000000008d400000, 0x000000008d500000|  0%| F|  |TAMS 0x000000008d400000| PB 0x000000008d400000| Untracked 
| 139|0x000000008d500000, 0x000000008d500000, 0x000000008d600000|  0%| F|  |TAMS 0x000000008d500000| PB 0x000000008d500000| Untracked 
| 140|0x000000008d600000, 0x000000008d600000, 0x000000008d700000|  0%| F|  |TAMS 0x000000008d600000| PB 0x000000008d600000| Untracked 
| 141|0x000000008d700000, 0x000000008d700000, 0x000000008d800000|  0%| F|  |TAMS 0x000000008d700000| PB 0x000000008d700000| Untracked 
| 142|0x000000008d800000, 0x000000008d800000, 0x000000008d900000|  0%| F|  |TAMS 0x000000008d800000| PB 0x000000008d800000| Untracked 
| 143|0x000000008d900000, 0x000000008d900000, 0x000000008da00000|  0%| F|  |TAMS 0x000000008d900000| PB 0x000000008d900000| Untracked 
| 144|0x000000008da00000, 0x000000008da00000, 0x000000008db00000|  0%| F|  |TAMS 0x000000008da00000| PB 0x000000008da00000| Untracked 
| 145|0x000000008db00000, 0x000000008db00000, 0x000000008dc00000|  0%| F|  |TAMS 0x000000008db00000| PB 0x000000008db00000| Untracked 
| 146|0x000000008dc00000, 0x000000008dc00000, 0x000000008dd00000|  0%| F|  |TAMS 0x000000008dc00000| PB 0x000000008dc00000| Untracked 
| 147|0x000000008dd00000, 0x000000008dd00000, 0x000000008de00000|  0%| F|  |TAMS 0x000000008dd00000| PB 0x000000008dd00000| Untracked 
| 148|0x000000008de00000, 0x000000008de00000, 0x000000008df00000|  0%| F|  |TAMS 0x000000008de00000| PB 0x000000008de00000| Untracked 
| 149|0x000000008df00000, 0x000000008df00000, 0x000000008e000000|  0%| F|  |TAMS 0x000000008df00000| PB 0x000000008df00000| Untracked 
| 150|0x000000008e000000, 0x000000008e000000, 0x000000008e100000|  0%| F|  |TAMS 0x000000008e000000| PB 0x000000008e000000| Untracked 
| 151|0x000000008e100000, 0x000000008e100000, 0x000000008e200000|  0%| F|  |TAMS 0x000000008e100000| PB 0x000000008e100000| Untracked 
| 152|0x000000008e200000, 0x000000008e200000, 0x000000008e300000|  0%| F|  |TAMS 0x000000008e200000| PB 0x000000008e200000| Untracked 
| 153|0x000000008e300000, 0x000000008e300000, 0x000000008e400000|  0%| F|  |TAMS 0x000000008e300000| PB 0x000000008e300000| Untracked 
| 154|0x000000008e400000, 0x000000008e400000, 0x000000008e500000|  0%| F|  |TAMS 0x000000008e400000| PB 0x000000008e400000| Untracked 
| 155|0x000000008e500000, 0x000000008e500000, 0x000000008e600000|  0%| F|  |TAMS 0x000000008e500000| PB 0x000000008e500000| Untracked 
| 156|0x000000008e600000, 0x000000008e600000, 0x000000008e700000|  0%| F|  |TAMS 0x000000008e600000| PB 0x000000008e600000| Untracked 
| 157|0x000000008e700000, 0x000000008e700000, 0x000000008e800000|  0%| F|  |TAMS 0x000000008e700000| PB 0x000000008e700000| Untracked 
| 158|0x000000008e800000, 0x000000008e800000, 0x000000008e900000|  0%| F|  |TAMS 0x000000008e800000| PB 0x000000008e800000| Untracked 
| 159|0x000000008e900000, 0x000000008e900000, 0x000000008ea00000|  0%| F|  |TAMS 0x000000008e900000| PB 0x000000008e900000| Untracked 
| 160|0x000000008ea00000, 0x000000008ea00000, 0x000000008eb00000|  0%| F|  |TAMS 0x000000008ea00000| PB 0x000000008ea00000| Untracked 
| 161|0x000000008eb00000, 0x000000008eb00000, 0x000000008ec00000|  0%| F|  |TAMS 0x000000008eb00000| PB 0x000000008eb00000| Untracked 
| 162|0x000000008ec00000, 0x000000008ec00000, 0x000000008ed00000|  0%| F|  |TAMS 0x000000008ec00000| PB 0x000000008ec00000| Untracked 
| 163|0x000000008ed00000, 0x000000008ed00000, 0x000000008ee00000|  0%| F|  |TAMS 0x000000008ed00000| PB 0x000000008ed00000| Untracked 
| 164|0x000000008ee00000, 0x000000008ee00000, 0x000000008ef00000|  0%| F|  |TAMS 0x000000008ee00000| PB 0x000000008ee00000| Untracked 
| 165|0x000000008ef00000, 0x000000008ef00000, 0x000000008f000000|  0%| F|  |TAMS 0x000000008ef00000| PB 0x000000008ef00000| Untracked 
| 166|0x000000008f000000, 0x000000008f000000, 0x000000008f100000|  0%| F|  |TAMS 0x000000008f000000| PB 0x000000008f000000| Untracked 
| 167|0x000000008f100000, 0x000000008f100000, 0x000000008f200000|  0%| F|  |TAMS 0x000000008f100000| PB 0x000000008f100000| Untracked 
| 168|0x000000008f200000, 0x000000008f200000, 0x000000008f300000|  0%| F|  |TAMS 0x000000008f200000| PB 0x000000008f200000| Untracked 
| 169|0x000000008f300000, 0x000000008f300000, 0x000000008f400000|  0%| F|  |TAMS 0x000000008f300000| PB 0x000000008f300000| Untracked 
| 170|0x000000008f400000, 0x000000008f400000, 0x000000008f500000|  0%| F|  |TAMS 0x000000008f400000| PB 0x000000008f400000| Untracked 
|1970|0x00000000ffc00000, 0x00000000ffc00000, 0x00000000ffd00000|  0%| F|  |TAMS 0x00000000ffc00000| PB 0x00000000ffc00000| Untracked 
|1971|0x00000000ffd00000, 0x00000000ffe00000, 0x00000000ffe00000|100%| O|  |TAMS 0x00000000ffe00000| PB 0x00000000ffd00000| Untracked 
|1972|0x00000000ffe00000, 0x00000000fff00000, 0x00000000fff00000|100%| O|  |TAMS 0x00000000fff00000| PB 0x00000000ffe00000| Untracked 
|1973|0x00000000fff00000, 0x0000000100000000, 0x0000000100000000|100%| O|  |TAMS 0x0000000100000000| PB 0x00000000fff00000| Untracked 

Card table byte_map: [0x0000022656ac0000,0x0000022656ea0000] _byte_map_base: 0x000002265669b000

Marking Bits: (CMBitMap*) 0x000002264216f1e0
 Bits: [0x0000022656ea0000, 0x0000022658d78000)

Polling page: 0x00000226421e0000

Metaspace:

Usage:
  Non-class:     60.41 MB used.
      Class:      7.27 MB used.
       Both:     67.68 MB used.

Virtual space:
  Non-class space:       64.00 MB reserved,      60.56 MB ( 95%) committed,  1 nodes.
      Class space:        1.00 GB reserved,       7.44 MB ( <1%) committed,  1 nodes.
             Both:        1.06 GB reserved,      68.00 MB (  6%) committed. 

Chunk freelists:
   Non-Class:  3.44 MB
       Class:  8.42 MB
        Both:  11.86 MB

MaxMetaspaceSize: unlimited
CompressedClassSpaceSize: 1.00 GB
Initial GC threshold: 21.00 MB
Current GC threshold: 99.94 MB
CDS: off
 - commit_granule_bytes: 65536.
 - commit_granule_words: 8192.
 - virtual_space_node_default_size: 8388608.
 - enlarge_chunks_in_place: 1.
 - use_allocation_guard: 0.


Internal statistics:

num_allocs_failed_limit: 6.
num_arena_births: 360.
num_arena_deaths: 0.
num_vsnodes_births: 2.
num_vsnodes_deaths: 0.
num_space_committed: 1086.
num_space_uncommitted: 0.
num_chunks_returned_to_freelist: 6.
num_chunks_taken_from_freelist: 2468.
num_chunk_merges: 6.
num_chunk_splits: 2050.
num_chunks_enlarged: 1865.
num_inconsistent_stats: 0.

CodeHeap 'non-profiled nmethods': size=120000Kb used=5770Kb max_used=5770Kb free=114229Kb
 bounds [0x000002264e520000, 0x000002264ead0000, 0x0000022655a50000]
CodeHeap 'profiled nmethods': size=120000Kb used=30321Kb max_used=30321Kb free=89678Kb
 bounds [0x0000022646a50000, 0x00000226487f0000, 0x000002264df80000]
CodeHeap 'non-nmethods': size=5760Kb used=1976Kb max_used=2005Kb free=3783Kb
 bounds [0x000002264df80000, 0x000002264e1f0000, 0x000002264e520000]
 total_blobs=9490 nmethods=8708 adapters=684
 compilation: enabled
              stopped_count=0, restarted_count=0
 full_count=0

Compilation events (20 events):
Event: 7.547 Thread 0x000002265bc85d60 9769       3       org.jetbrains.kotlin.ir.util.IrUtilsKt::getDefaultType (29 bytes)
Event: 7.548 Thread 0x000002265bc85d60 nmethod 9769 0x00000226487e3290 code [0x00000226487e35a0, 0x00000226487e44e0]
Event: 7.548 Thread 0x000002265bc85d60 9777       3       org.jetbrains.kotlin.fir.backend.ConversionUtilsKt::declareThisReceiverParameter (129 bytes)
Event: 7.550 Thread 0x000002265bc85d60 nmethod 9777 0x00000226487e4a90 code [0x00000226487e50a0, 0x00000226487e7cf8]
Event: 7.550 Thread 0x000002265bc85d60 9774       1       org.jetbrains.kotlin.fir.lazy.AbstractFir2IrLazyFunction::getOrigin (5 bytes)
Event: 7.550 Thread 0x000002265bc85d60 nmethod 9774 0x000002264eac1f90 code [0x000002264eac2120, 0x000002264eac21e8]
Event: 7.550 Thread 0x000002265bc85d60 9775       1       org.jetbrains.kotlin.fir.lazy.AbstractFir2IrLazyFunction::getStartOffset (5 bytes)
Event: 7.550 Thread 0x000002265bc85d60 nmethod 9775 0x000002264eac2290 code [0x000002264eac2420, 0x000002264eac24e8]
Event: 7.550 Thread 0x000002265bc85d60 9776       1       org.jetbrains.kotlin.fir.lazy.AbstractFir2IrLazyFunction::getEndOffset (5 bytes)
Event: 7.550 Thread 0x000002265bc85d60 nmethod 9776 0x000002264eac2590 code [0x000002264eac2720, 0x000002264eac27e8]
Event: 7.550 Thread 0x000002265bc85d60 9773       1       org.jetbrains.kotlin.fir.lazy.AbstractFir2IrLazyFunction::isFakeOverride (5 bytes)
Event: 7.550 Thread 0x000002265bc85d60 nmethod 9773 0x000002264eac2890 code [0x000002264eac2a20, 0x000002264eac2af0]
Event: 7.551 Thread 0x000002265bc85d60 9778       3       org.jetbrains.kotlin.ir.declarations.IrDeclarationOrigin$Companion::getJVM_MULTIFILE_CLASS (19 bytes)
Event: 7.551 Thread 0x000002265bc85d60 nmethod 9778 0x00000226487e8f90 code [0x00000226487e91c0, 0x00000226487e9818]
Event: 7.551 Thread 0x000002265bc85d60 9771       3       org.jetbrains.kotlin.fir.ClassMembersKt::getOriginalForSubstitutionOverrideAttr (25 bytes)
Event: 7.552 Thread 0x000002265bc85d60 nmethod 9771 0x00000226487e9b10 code [0x00000226487e9fc0, 0x00000226487ebdc0]
Event: 7.552 Thread 0x000002265bc85d60 9779       3       org.jetbrains.kotlin.ir.types.impl.IrSimpleTypeBuilder::setAnnotations (12 bytes)
Event: 7.553 Thread 0x000002265bc85d60 nmethod 9779 0x00000226487ec910 code [0x00000226487ecb40, 0x00000226487ed120]
Event: 7.553 Thread 0x000002265bc85d60 9780       3       org.jetbrains.kotlin.fir.backend.generators.Fir2IrCallableDeclarationsGenerator::getIrFactory (10 bytes)
Event: 7.553 Thread 0x000002265bc85d60 nmethod 9780 0x00000226487ed390 code [0x00000226487ed540, 0x00000226487ed710]

GC Heap History (20 events):
Event: 3.668 GC heap after
{Heap after GC invocations=20 (full 0):
 garbage-first heap   total 116736K, used 57344K [0x0000000084a00000, 0x0000000100000000)
  region size 1024K, 3 young (3072K), 3 survivors (3072K)
 Metaspace       used 54284K, committed 54592K, reserved 1114112K
  class space    used 6260K, committed 6400K, reserved 1048576K
}
Event: 4.126 GC heap before
{Heap before GC invocations=20 (full 0):
 garbage-first heap   total 116736K, used 93184K [0x0000000084a00000, 0x0000000100000000)
  region size 1024K, 38 young (38912K), 3 survivors (3072K)
 Metaspace       used 55427K, committed 55680K, reserved 1114112K
  class space    used 6351K, committed 6464K, reserved 1048576K
}
Event: 4.140 GC heap after
{Heap after GC invocations=21 (full 0):
 garbage-first heap   total 116736K, used 65389K [0x0000000084a00000, 0x0000000100000000)
  region size 1024K, 5 young (5120K), 5 survivors (5120K)
 Metaspace       used 55427K, committed 55680K, reserved 1114112K
  class space    used 6351K, committed 6464K, reserved 1048576K
}
Event: 4.830 GC heap before
{Heap before GC invocations=22 (full 0):
 garbage-first heap   total 116736K, used 96109K [0x0000000084a00000, 0x0000000100000000)
  region size 1024K, 36 young (36864K), 5 survivors (5120K)
 Metaspace       used 56897K, committed 57280K, reserved 1114112K
  class space    used 6432K, committed 6592K, reserved 1048576K
}
Event: 4.845 GC heap after
{Heap after GC invocations=23 (full 0):
 garbage-first heap   total 116736K, used 70039K [0x0000000084a00000, 0x0000000100000000)
  region size 1024K, 5 young (5120K), 5 survivors (5120K)
 Metaspace       used 56897K, committed 57280K, reserved 1114112K
  class space    used 6432K, committed 6592K, reserved 1048576K
}
Event: 5.002 GC heap before
{Heap before GC invocations=23 (full 0):
 garbage-first heap   total 116736K, used 99735K [0x0000000084a00000, 0x0000000100000000)
  region size 1024K, 34 young (34816K), 5 survivors (5120K)
 Metaspace       used 56950K, committed 57344K, reserved 1114112K
  class space    used 6432K, committed 6592K, reserved 1048576K
}
Event: 5.015 GC heap after
{Heap after GC invocations=24 (full 0):
 garbage-first heap   total 116736K, used 75765K [0x0000000084a00000, 0x0000000100000000)
  region size 1024K, 5 young (5120K), 5 survivors (5120K)
 Metaspace       used 56950K, committed 57344K, reserved 1114112K
  class space    used 6432K, committed 6592K, reserved 1048576K
}
Event: 5.055 GC heap before
{Heap before GC invocations=24 (full 0):
 garbage-first heap   total 116736K, used 101365K [0x0000000084a00000, 0x0000000100000000)
  region size 1024K, 30 young (30720K), 5 survivors (5120K)
 Metaspace       used 56950K, committed 57344K, reserved 1114112K
  class space    used 6432K, committed 6592K, reserved 1048576K
}
Event: 5.062 GC heap after
{Heap after GC invocations=25 (full 0):
 garbage-first heap   total 154624K, used 82432K [0x0000000084a00000, 0x0000000100000000)
  region size 1024K, 4 young (4096K), 4 survivors (4096K)
 Metaspace       used 56950K, committed 57344K, reserved 1114112K
  class space    used 6432K, committed 6592K, reserved 1048576K
}
Event: 5.171 GC heap before
{Heap before GC invocations=26 (full 0):
 garbage-first heap   total 154624K, used 126464K [0x0000000084a00000, 0x0000000100000000)
  region size 1024K, 47 young (48128K), 4 survivors (4096K)
 Metaspace       used 56950K, committed 57344K, reserved 1114112K
  class space    used 6432K, committed 6592K, reserved 1048576K
}
Event: 5.178 GC heap after
{Heap after GC invocations=27 (full 0):
 garbage-first heap   total 154624K, used 93184K [0x0000000084a00000, 0x0000000100000000)
  region size 1024K, 6 young (6144K), 6 survivors (6144K)
 Metaspace       used 56950K, committed 57344K, reserved 1114112K
  class space    used 6432K, committed 6592K, reserved 1048576K
}
Event: 5.506 GC heap before
{Heap before GC invocations=27 (full 0):
 garbage-first heap   total 154624K, used 131072K [0x0000000084a00000, 0x0000000100000000)
  region size 1024K, 43 young (44032K), 6 survivors (6144K)
 Metaspace       used 57314K, committed 57664K, reserved 1114112K
  class space    used 6445K, committed 6592K, reserved 1048576K
}
Event: 5.515 GC heap after
{Heap after GC invocations=28 (full 0):
 garbage-first heap   total 154624K, used 100864K [0x0000000084a00000, 0x0000000100000000)
  region size 1024K, 6 young (6144K), 6 survivors (6144K)
 Metaspace       used 57314K, committed 57664K, reserved 1114112K
  class space    used 6445K, committed 6592K, reserved 1048576K
}
Event: 6.159 GC heap before
{Heap before GC invocations=28 (full 0):
 garbage-first heap   total 154624K, used 133632K [0x0000000084a00000, 0x0000000100000000)
  region size 1024K, 38 young (38912K), 6 survivors (6144K)
 Metaspace       used 60931K, committed 61312K, reserved 1114112K
  class space    used 6751K, committed 6912K, reserved 1048576K
}
Event: 6.171 GC heap after
{Heap after GC invocations=29 (full 0):
 garbage-first heap   total 154624K, used 107008K [0x0000000084a00000, 0x0000000100000000)
  region size 1024K, 5 young (5120K), 5 survivors (5120K)
 Metaspace       used 60931K, committed 61312K, reserved 1114112K
  class space    used 6751K, committed 6912K, reserved 1048576K
}
Event: 6.573 GC heap before
{Heap before GC invocations=30 (full 0):
 garbage-first heap   total 179200K, used 136704K [0x0000000084a00000, 0x0000000100000000)
  region size 1024K, 34 young (34816K), 5 survivors (5120K)
 Metaspace       used 61554K, committed 61888K, reserved 1114112K
  class space    used 6776K, committed 6912K, reserved 1048576K
}
Event: 6.582 GC heap after
{Heap after GC invocations=31 (full 0):
 garbage-first heap   total 179200K, used 113403K [0x0000000084a00000, 0x0000000100000000)
  region size 1024K, 5 young (5120K), 5 survivors (5120K)
 Metaspace       used 61554K, committed 61888K, reserved 1114112K
  class space    used 6776K, committed 6912K, reserved 1048576K
}
Event: 6.976 GC heap before
{Heap before GC invocations=31 (full 0):
 garbage-first heap   total 179200K, used 155387K [0x0000000084a00000, 0x0000000100000000)
  region size 1024K, 46 young (47104K), 5 survivors (5120K)
 Metaspace       used 65603K, committed 65984K, reserved 1114112K
  class space    used 7133K, committed 7296K, reserved 1048576K
}
Event: 6.987 GC heap after
{Heap after GC invocations=32 (full 0):
 garbage-first heap   total 179200K, used 120117K [0x0000000084a00000, 0x0000000100000000)
  region size 1024K, 6 young (6144K), 6 survivors (6144K)
 Metaspace       used 65603K, committed 65984K, reserved 1114112K
  class space    used 7133K, committed 7296K, reserved 1048576K
}
Event: 7.554 GC heap before
{Heap before GC invocations=32 (full 0):
 garbage-first heap   total 179200K, used 156981K [0x0000000084a00000, 0x0000000100000000)
  region size 1024K, 43 young (44032K), 6 survivors (6144K)
 Metaspace       used 69306K, committed 69632K, reserved 1114112K
  class space    used 7442K, committed 7616K, reserved 1048576K
}

Dll operation events (3 events):
Event: 0.007 Loaded shared library C:\Program Files\Android\Android Studio\jbr\bin\java.dll
Event: 0.015 Loaded shared library C:\Program Files\Android\Android Studio\jbr\bin\zip.dll
Event: 0.812 Loaded shared library C:\Program Files\Android\Android Studio\jbr\bin\verify.dll

Deoptimization events (20 events):
Event: 7.198 Thread 0x0000022641ec0ff0 Uncommon trap: trap_request=0xffffffcc fr.pc=0x000002264ea6c19c relative=0x000000000000023c
Event: 7.198 Thread 0x0000022641ec0ff0 Uncommon trap: reason=intrinsic_or_type_checked_inlining action=make_not_entrant pc=0x000002264ea6c19c method=java.util.Arrays.copyOfRange([Ljava/lang/Object;IILjava/lang/Class;)[Ljava/lang/Object; @ 84 c2
Event: 7.198 Thread 0x0000022641ec0ff0 DEOPT PACKING pc=0x000002264ea6c19c sp=0x000000638b0fccf0
Event: 7.198 Thread 0x0000022641ec0ff0 DEOPT UNPACKING pc=0x000002264dfd7da2 sp=0x000000638b0fcc90 mode 2
Event: 7.217 Thread 0x0000022641ec0ff0 Uncommon trap: trap_request=0xffffff45 fr.pc=0x000002264e9c77d4 relative=0x0000000000000ed4
Event: 7.217 Thread 0x0000022641ec0ff0 Uncommon trap: reason=unstable_if action=reinterpret pc=0x000002264e9c77d4 method=org.jetbrains.kotlin.fir.types.ConeBuiltinTypeUtilsKt.isArrayType(Lorg/jetbrains/kotlin/fir/types/ConeKotlinType;Ljava/lang/Boolean;)Z @ 11 c2
Event: 7.217 Thread 0x0000022641ec0ff0 DEOPT PACKING pc=0x000002264e9c77d4 sp=0x000000638b0fde80
Event: 7.217 Thread 0x0000022641ec0ff0 DEOPT UNPACKING pc=0x000002264dfd7da2 sp=0x000000638b0fde60 mode 2
Event: 7.266 Thread 0x0000022641ec0ff0 Uncommon trap: trap_request=0xffffffde fr.pc=0x000002264ea6699c relative=0x000000000000007c
Event: 7.266 Thread 0x0000022641ec0ff0 Uncommon trap: reason=class_check action=maybe_recompile pc=0x000002264ea6699c method=org.jetbrains.kotlin.fir.types.ConeTypeUtilsKt.getClassId(Lorg/jetbrains/kotlin/fir/types/ConeKotlinType;)Lorg/jetbrains/kotlin/name/ClassId; @ 32 c2
Event: 7.266 Thread 0x0000022641ec0ff0 DEOPT PACKING pc=0x000002264ea6699c sp=0x000000638b0fca40
Event: 7.266 Thread 0x0000022641ec0ff0 DEOPT UNPACKING pc=0x000002264dfd7da2 sp=0x000000638b0fc9d8 mode 2
Event: 7.266 Thread 0x0000022641ec0ff0 Uncommon trap: trap_request=0xffffff45 fr.pc=0x000002264e7e7740 relative=0x0000000000000580
Event: 7.266 Thread 0x0000022641ec0ff0 Uncommon trap: reason=unstable_if action=reinterpret pc=0x000002264e7e7740 method=java.lang.Boolean.hashCode(Z)I @ 1 c2
Event: 7.266 Thread 0x0000022641ec0ff0 DEOPT PACKING pc=0x000002264e7e7740 sp=0x000000638b0fca00
Event: 7.266 Thread 0x0000022641ec0ff0 DEOPT UNPACKING pc=0x000002264dfd7da2 sp=0x000000638b0fc928 mode 2
Event: 7.284 Thread 0x0000022641ec0ff0 Uncommon trap: trap_request=0xffffffde fr.pc=0x000002264ea6699c relative=0x000000000000007c
Event: 7.284 Thread 0x0000022641ec0ff0 Uncommon trap: reason=class_check action=maybe_recompile pc=0x000002264ea6699c method=org.jetbrains.kotlin.fir.types.ConeTypeUtilsKt.getClassId(Lorg/jetbrains/kotlin/fir/types/ConeKotlinType;)Lorg/jetbrains/kotlin/name/ClassId; @ 32 c2
Event: 7.284 Thread 0x0000022641ec0ff0 DEOPT PACKING pc=0x000002264ea6699c sp=0x000000638b0fc9a0
Event: 7.284 Thread 0x0000022641ec0ff0 DEOPT UNPACKING pc=0x000002264dfd7da2 sp=0x000000638b0fc938 mode 2

Classes loaded (20 events):
Event: 5.594 Loading class java/text/MessageFormat
Event: 5.601 Loading class java/text/Format
Event: 5.601 Loading class java/text/Format done
Event: 5.601 Loading class java/text/MessageFormat done
Event: 5.601 Loading class java/util/Locale$Category
Event: 5.601 Loading class java/util/Locale$Category done
Event: 5.627 Loading class java/text/ChoiceFormat
Event: 5.628 Loading class java/text/NumberFormat
Event: 5.628 Loading class java/text/NumberFormat done
Event: 5.628 Loading class java/text/ChoiceFormat done
Event: 5.814 Loading class java/util/EnumMap$EntrySet
Event: 5.840 Loading class java/util/EnumMap$EntrySet done
Event: 5.840 Loading class java/util/EnumMap$EntryIterator
Event: 5.840 Loading class java/util/EnumMap$EnumMapIterator
Event: 5.841 Loading class java/util/EnumMap$EnumMapIterator done
Event: 5.841 Loading class java/util/EnumMap$EntryIterator done
Event: 5.841 Loading class java/util/EnumMap$EntryIterator$Entry
Event: 5.841 Loading class java/util/EnumMap$EntryIterator$Entry done
Event: 7.328 Loading class java/lang/Short$ShortCache
Event: 7.328 Loading class java/lang/Short$ShortCache done

Classes unloaded (0 events):
No events

Classes redefined (0 events):
No events

Internal exceptions (20 events):
Event: 4.033 Thread 0x0000022641ec0ff0 Exception <a 'java/lang/NoSuchMethodError'{0x000000008a123218}: 'java.lang.Object java.lang.invoke.DirectMethodHandle$Holder.newInvokeSpecial(java.lang.Object, java.lang.Object, java.lang.Object, java.lang.Object, java.lang.Object, int)'> (0x000000008a123218) 
thrown [s\src\hotspot\share\interpreter\linkResolver.cpp, line 784]
Event: 4.033 Thread 0x0000022641ec0ff0 Exception <a 'java/lang/NoSuchMethodError'{0x000000008a127ef0}: 'java.lang.Object java.lang.invoke.DirectMethodHandle$Holder.invokeSpecial(java.lang.Object, java.lang.Object, java.lang.Object, java.lang.Object, java.lang.Object, java.lang.Object, int)'> (0x000000008a127ef0) 
thrown [s\src\hotspot\share\interpreter\linkResolver.cpp, line 784]
Event: 4.397 Thread 0x0000022641ec0ff0 Exception <a 'java/lang/NoSuchMethodError'{0x000000008ab0cd58}: 'java.lang.Object java.lang.invoke.DirectMethodHandle$Holder.newInvokeSpecial(java.lang.Object, int, java.lang.Object, java.lang.Object, java.lang.Object)'> (0x000000008ab0cd58) 
thrown [s\src\hotspot\share\interpreter\linkResolver.cpp, line 784]
Event: 4.398 Thread 0x0000022641ec0ff0 Exception <a 'java/lang/NoSuchMethodError'{0x000000008ab14968}: 'java.lang.Object java.lang.invoke.Invokers$Holder.linkToTargetMethod(int, java.lang.Object, java.lang.Object, java.lang.Object, java.lang.Object)'> (0x000000008ab14968) 
thrown [s\src\hotspot\share\interpreter\linkResolver.cpp, line 784]
Event: 6.368 Thread 0x0000022641ec0ff0 Exception <a 'java/lang/NoSuchMethodError'{0x000000008ee64dc8}: 'java.lang.Object java.lang.invoke.DirectMethodHandle$Holder.newInvokeSpecial(java.lang.Object, java.lang.Object, int, java.lang.Object, java.lang.Object, java.lang.Object)'> (0x000000008ee64dc8) 
thrown [s\src\hotspot\share\interpreter\linkResolver.cpp, line 784]
Event: 6.368 Thread 0x0000022641ec0ff0 Exception <a 'java/lang/NoSuchMethodError'{0x000000008ee68ed8}: 'java.lang.Object java.lang.invoke.DirectMethodHandle$Holder.invokeSpecial(java.lang.Object, java.lang.Object, java.lang.Object, int, java.lang.Object, java.lang.Object, java.lang.Object)'> (0x000000008ee68ed8) 
thrown [s\src\hotspot\share\interpreter\linkResolver.cpp, line 784]
Event: 6.368 Thread 0x0000022641ec0ff0 Exception <a 'java/lang/NoSuchMethodError'{0x000000008ee6c848}: 'java.lang.Object java.lang.invoke.Invokers$Holder.linkToTargetMethod(java.lang.Object, int, java.lang.Object, java.lang.Object, java.lang.Object, java.lang.Object)'> (0x000000008ee6c848) 
thrown [s\src\hotspot\share\interpreter\linkResolver.cpp, line 784]
Event: 6.399 Thread 0x0000022641ec0ff0 Exception <a 'java/lang/NoSuchMethodError'{0x000000008eb6abd0}: 'java.lang.Object java.lang.invoke.DirectMethodHandle$Holder.newInvokeSpecial(java.lang.Object, java.lang.Object, java.lang.Object, java.lang.Object, java.lang.Object, java.lang.Object, int)'> (0x000000008eb6abd0) 
thrown [s\src\hotspot\share\interpreter\linkResolver.cpp, line 784]
Event: 6.399 Thread 0x0000022641ec0ff0 Exception <a 'java/lang/NoSuchMethodError'{0x000000008eb6f1c0}: 'java.lang.Object java.lang.invoke.DirectMethodHandle$Holder.invokeSpecial(java.lang.Object, java.lang.Object, java.lang.Object, java.lang.Object, java.lang.Object, java.lang.Object, java.lang.Object, int)'> (0x000000008eb6f1c0) 
thrown [s\src\hotspot\share\interpreter\linkResolver.cpp, line 784]
Event: 6.880 Thread 0x0000022641ec0ff0 Implicit null exception at 0x000002264e58fe22 to 0x000002264e59015c
Event: 6.883 Thread 0x0000022641ec0ff0 Implicit null exception at 0x000002264e5816a2 to 0x000002264e5819dc
Event: 7.090 Thread 0x0000022641ec0ff0 Exception <a 'java/lang/NoSuchMethodError'{0x000000008eef75a0}: 'java.lang.Object java.lang.invoke.DirectMethodHandle$Holder.newInvokeSpecial(java.lang.Object, java.lang.Object, java.lang.Object, java.lang.Object, java.lang.Object, java.lang.Object, java.lang.Object, java.lang.Object, int)'> (0x000000008eef75a0) 
thrown [s\src\hotspot\share\interpreter\linkResolver.cpp, line 784]
Event: 7.090 Thread 0x0000022641ec0ff0 Exception <a 'java/lang/NoSuchMethodError'{0x000000008eefc320}: 'java.lang.Object java.lang.invoke.DirectMethodHandle$Holder.invokeSpecial(java.lang.Object, java.lang.Object, java.lang.Object, java.lang.Object, java.lang.Object, java.lang.Object, java.lang.Object, java.lang.Object, java.lang.Object, int)'> (0x000000008eefc320) 
thrown [s\src\hotspot\share\interpreter\linkResolver.cpp, line 784]
Event: 7.194 Thread 0x0000022641ec0ff0 Exception <a 'java/lang/NoSuchMethodError'{0x000000008ebfc490}: 'java.lang.Object java.lang.invoke.DirectMethodHandle$Holder.invokeStatic(java.lang.Object, java.lang.Object, int, int)'> (0x000000008ebfc490) 
thrown [s\src\hotspot\share\interpreter\linkResolver.cpp, line 784]
Event: 7.195 Thread 0x0000022641ec0ff0 Exception <a 'java/lang/NoSuchMethodError'{0x000000008ea02f28}: 'java.lang.Object java.lang.invoke.DirectMethodHandle$Holder.newInvokeSpecial(java.lang.Object, java.lang.Object, int, int)'> (0x000000008ea02f28) 
thrown [s\src\hotspot\share\interpreter\linkResolver.cpp, line 784]
Event: 7.195 Thread 0x0000022641ec0ff0 Exception <a 'java/lang/NoSuchMethodError'{0x000000008ea06ea0}: 'java.lang.Object java.lang.invoke.DirectMethodHandle$Holder.invokeSpecial(java.lang.Object, java.lang.Object, java.lang.Object, int, int)'> (0x000000008ea06ea0) 
thrown [s\src\hotspot\share\interpreter\linkResolver.cpp, line 784]
Event: 7.195 Thread 0x0000022641ec0ff0 Exception <a 'java/lang/NoSuchMethodError'{0x000000008ea0a810}: 'java.lang.Object java.lang.invoke.Invokers$Holder.linkToTargetMethod(java.lang.Object, int, int, java.lang.Object)'> (0x000000008ea0a810) 
thrown [s\src\hotspot\share\interpreter\linkResolver.cpp, line 784]
Event: 7.203 Thread 0x0000022641ec0ff0 Exception <a 'java/lang/NoSuchMethodError'{0x000000008ea54d18}: 'java.lang.Object java.lang.invoke.DirectMethodHandle$Holder.newInvokeSpecial(java.lang.Object, java.lang.Object, java.lang.Object, java.lang.Object, java.lang.Object, java.lang.Object, java.lang.Object, int)'> (0x000000008ea54d18) 
thrown [s\src\hotspot\share\interpreter\linkResolver.cpp, line 784]
Event: 7.203 Thread 0x0000022641ec0ff0 Exception <a 'java/lang/NoSuchMethodError'{0x000000008ea593b0}: 'java.lang.Object java.lang.invoke.DirectMethodHandle$Holder.invokeSpecial(java.lang.Object, java.lang.Object, java.lang.Object, java.lang.Object, java.lang.Object, java.lang.Object, java.lang.Object, java.lang.Object, int)'> (0x000000008ea593b0) 
thrown [s\src\hotspot\share\interpreter\linkResolver.cpp, line 784]
Event: 7.204 Thread 0x0000022641ec0ff0 Exception <a 'java/lang/NoSuchMethodError'{0x000000008ea5d320}: 'java.lang.Object java.lang.invoke.Invokers$Holder.linkToTargetMethod(java.lang.Object, java.lang.Object, java.lang.Object, java.lang.Object, java.lang.Object, java.lang.Object, int, java.lang.Object)'> (0x000000008ea5d320) 
thrown [s\src\hotspot\share\interpreter\linkResolver.cpp, line 784]

ZGC Phase Switch (0 events):
No events

VM Operations (20 events):
Event: 6.730 Executing VM operation: HandshakeAllThreads (Deoptimize) done
Event: 6.869 Executing VM operation: HandshakeAllThreads (Deoptimize)
Event: 6.869 Executing VM operation: HandshakeAllThreads (Deoptimize) done
Event: 6.897 Executing VM operation: HandshakeAllThreads (Deoptimize)
Event: 6.897 Executing VM operation: HandshakeAllThreads (Deoptimize) done
Event: 6.899 Executing VM operation: HandshakeAllThreads (Deoptimize)
Event: 6.899 Executing VM operation: HandshakeAllThreads (Deoptimize) done
Event: 6.901 Executing VM operation: HandshakeAllThreads (Deoptimize)
Event: 6.901 Executing VM operation: HandshakeAllThreads (Deoptimize) done
Event: 6.976 Executing VM operation: G1CollectForAllocation (G1 Evacuation Pause)
Event: 6.988 Executing VM operation: G1CollectForAllocation (G1 Evacuation Pause) done
Event: 7.021 Executing VM operation: HandshakeAllThreads (Deoptimize)
Event: 7.021 Executing VM operation: HandshakeAllThreads (Deoptimize) done
Event: 7.193 Executing VM operation: HandshakeAllThreads (Deoptimize)
Event: 7.193 Executing VM operation: HandshakeAllThreads (Deoptimize) done
Event: 7.237 Executing VM operation: ICBufferFull
Event: 7.237 Executing VM operation: ICBufferFull done
Event: 7.412 Executing VM operation: ICBufferFull
Event: 7.412 Executing VM operation: ICBufferFull done
Event: 7.554 Executing VM operation: G1CollectForAllocation (G1 Evacuation Pause)

Memory protections (0 events):
No events

Nmethod flushes (20 events):
Event: 6.235 Thread 0x000002265bbfd490 flushing  nmethod 0x0000022647207510
Event: 6.235 Thread 0x000002265bbfd490 flushing  nmethod 0x0000022647236b90
Event: 6.235 Thread 0x000002265bbfd490 flushing  nmethod 0x000002264727b290
Event: 6.235 Thread 0x000002265bbfd490 flushing  nmethod 0x000002264727c410
Event: 6.235 Thread 0x000002265bbfd490 flushing  nmethod 0x000002264727d010
Event: 6.235 Thread 0x000002265bbfd490 flushing  nmethod 0x000002264727e890
Event: 6.235 Thread 0x000002265bbfd490 flushing  nmethod 0x00000226472e8810
Event: 6.235 Thread 0x000002265bbfd490 flushing  nmethod 0x00000226472edf10
Event: 6.235 Thread 0x000002265bbfd490 flushing  nmethod 0x00000226473f4d90
Event: 6.235 Thread 0x000002265bbfd490 flushing  nmethod 0x0000022647411d10
Event: 6.235 Thread 0x000002265bbfd490 flushing  nmethod 0x000002264747ad90
Event: 6.235 Thread 0x000002265bbfd490 flushing  nmethod 0x000002264747c510
Event: 6.235 Thread 0x000002265bbfd490 flushing  nmethod 0x0000022647490790
Event: 6.235 Thread 0x000002265bbfd490 flushing  nmethod 0x000002264757f110
Event: 6.235 Thread 0x000002265bbfd490 flushing  nmethod 0x0000022647608e10
Event: 6.235 Thread 0x000002265bbfd490 flushing  nmethod 0x000002264761b610
Event: 6.235 Thread 0x000002265bbfd490 flushing  nmethod 0x000002264779bd10
Event: 6.235 Thread 0x000002265bbfd490 flushing  nmethod 0x00000226477cab90
Event: 6.235 Thread 0x000002265bbfd490 flushing  nmethod 0x00000226477d6f90
Event: 6.235 Thread 0x000002265bbfd490 flushing  nmethod 0x000002264783cb10

Events (17 events):
Event: 0.014 Thread 0x0000022641ec0ff0 Thread added: 0x0000022641ec0ff0
Event: 0.064 Thread 0x0000022641ec0ff0 Thread added: 0x000002265bc81860
Event: 0.064 Thread 0x0000022641ec0ff0 Thread added: 0x000002265bc82660
Event: 0.066 Thread 0x0000022641ec0ff0 Thread added: 0x000002265bca8300
Event: 0.066 Thread 0x0000022641ec0ff0 Thread added: 0x000002265bc9c810
Event: 0.066 Thread 0x0000022641ec0ff0 Thread added: 0x000002265bc9d260
Event: 0.066 Thread 0x0000022641ec0ff0 Thread added: 0x000002265bc9edf0
Event: 0.066 Thread 0x0000022641ec0ff0 Thread added: 0x000002265bcb0f40
Event: 0.066 Thread 0x0000022641ec0ff0 Thread added: 0x000002265bc85d60
Event: 0.102 Thread 0x0000022641ec0ff0 Thread added: 0x000002265be49f10
Event: 0.107 Thread 0x0000022641ec0ff0 Thread added: 0x000002265be6f5b0
Event: 0.114 Loaded shared library C:\Program Files\Android\Android Studio\jbr\bin\net.dll
Event: 0.117 Loaded shared library C:\Program Files\Android\Android Studio\jbr\bin\nio.dll
Event: 0.135 Thread 0x000002265bcb0f40 Thread added: 0x000002265bee0740
Event: 0.135 Thread 0x000002265bcb0f40 Thread added: 0x000002265bee3120
Event: 0.146 Loaded shared library C:\Program Files\Android\Android Studio\jbr\bin\zip.dll
Event: 0.173 Loaded shared library C:\Program Files\Android\Android Studio\jbr\bin\jimage.dll


Dynamic libraries:
0x00007ff68fbf0000 - 0x00007ff68fbfa000 	C:\Program Files\Android\Android Studio\jbr\bin\java.exe
0x00007ffa38f90000 - 0x00007ffa391a7000 	C:\Windows\SYSTEM32\ntdll.dll
0x00007ffa37d50000 - 0x00007ffa37e14000 	C:\Windows\System32\KERNEL32.DLL
0x00007ffa365b0000 - 0x00007ffa36983000 	C:\Windows\System32\KERNELBASE.dll
0x00007ffa36350000 - 0x00007ffa36461000 	C:\Windows\System32\ucrtbase.dll
0x00007ffa25290000 - 0x00007ffa252a8000 	C:\Program Files\Android\Android Studio\jbr\bin\jli.dll
0x00007ffa214e0000 - 0x00007ffa214fb000 	C:\Program Files\Android\Android Studio\jbr\bin\VCRUNTIME140.dll
0x00007ffa37630000 - 0x00007ffa377e1000 	C:\Windows\System32\USER32.dll
0x00007ffa36b80000 - 0x00007ffa36ba6000 	C:\Windows\System32\win32u.dll
0x00007ffa1e120000 - 0x00007ffa1e3b8000 	C:\Windows\WinSxS\amd64_microsoft.windows.common-controls_6595b64144ccf1df_6.0.22621.5124_none_270e8f4f7386d69d\COMCTL32.dll
0x00007ffa38ed0000 - 0x00007ffa38ef9000 	C:\Windows\System32\GDI32.dll
0x00007ffa36990000 - 0x00007ffa36aab000 	C:\Windows\System32\gdi32full.dll
0x00007ffa36e00000 - 0x00007ffa36ea7000 	C:\Windows\System32\msvcrt.dll
0x00007ffa36ab0000 - 0x00007ffa36b4a000 	C:\Windows\System32\msvcp_win.dll
0x00007ffa38f00000 - 0x00007ffa38f31000 	C:\Windows\System32\IMM32.DLL
0x00007ffa30270000 - 0x00007ffa3027c000 	C:\Program Files\Android\Android Studio\jbr\bin\vcruntime140_1.dll
0x00007ff9fb130000 - 0x00007ff9fb1bd000 	C:\Program Files\Android\Android Studio\jbr\bin\msvcp140.dll
0x00007ff9d0c10000 - 0x00007ff9d189a000 	C:\Program Files\Android\Android Studio\jbr\bin\server\jvm.dll
0x00007ffa38d80000 - 0x00007ffa38e31000 	C:\Windows\System32\ADVAPI32.dll
0x00007ffa37f00000 - 0x00007ffa37fa8000 	C:\Windows\System32\sechost.dll
0x00007ffa36b50000 - 0x00007ffa36b78000 	C:\Windows\System32\bcrypt.dll
0x00007ffa38190000 - 0x00007ffa382a4000 	C:\Windows\System32\RPCRT4.dll
0x00007ffa38460000 - 0x00007ffa384d1000 	C:\Windows\System32\WS2_32.dll
0x00007ffa2d3e0000 - 0x00007ffa2d414000 	C:\Windows\SYSTEM32\WINMM.dll
0x00007ffa35280000 - 0x00007ffa352cd000 	C:\Windows\SYSTEM32\POWRPROF.dll
0x00007ffa31b30000 - 0x00007ffa31b3a000 	C:\Windows\SYSTEM32\VERSION.dll
0x00007ffa35260000 - 0x00007ffa35273000 	C:\Windows\SYSTEM32\UMPDC.dll
0x00007ffa35140000 - 0x00007ffa35158000 	C:\Windows\SYSTEM32\kernel.appcore.dll
0x00007ffa2f820000 - 0x00007ffa2f82a000 	C:\Program Files\Android\Android Studio\jbr\bin\jimage.dll
0x00007ffa33a90000 - 0x00007ffa33cc2000 	C:\Windows\SYSTEM32\DBGHELP.DLL
0x00007ffa379b0000 - 0x00007ffa37d42000 	C:\Windows\System32\combase.dll
0x00007ffa36eb0000 - 0x00007ffa36f87000 	C:\Windows\System32\OLEAUT32.dll
0x00007ffa03320000 - 0x00007ffa03352000 	C:\Windows\SYSTEM32\dbgcore.DLL
0x00007ffa362d0000 - 0x00007ffa3634b000 	C:\Windows\System32\bcryptPrimitives.dll
0x00007ffa20860000 - 0x00007ffa20880000 	C:\Program Files\Android\Android Studio\jbr\bin\java.dll
0x00007ffa1f820000 - 0x00007ffa1f838000 	C:\Program Files\Android\Android Studio\jbr\bin\zip.dll
0x00007ffa384e0000 - 0x00007ffa38d76000 	C:\Windows\System32\SHELL32.dll
0x00007ffa36470000 - 0x00007ffa365af000 	C:\Windows\System32\wintypes.dll
0x00007ffa33f70000 - 0x00007ffa3488a000 	C:\Windows\SYSTEM32\windows.storage.dll
0x00007ffa36f90000 - 0x00007ffa3709a000 	C:\Windows\System32\SHCORE.dll
0x00007ffa37e20000 - 0x00007ffa37e83000 	C:\Windows\System32\shlwapi.dll
0x00007ffa35fd0000 - 0x00007ffa35ffb000 	C:\Windows\SYSTEM32\profapi.dll
0x00007ffa2e340000 - 0x00007ffa2e350000 	C:\Program Files\Android\Android Studio\jbr\bin\net.dll
0x00007ffa304c0000 - 0x00007ffa305ec000 	C:\Windows\SYSTEM32\WINHTTP.dll
0x00007ffa35640000 - 0x00007ffa356aa000 	C:\Windows\system32\mswsock.dll
0x00007ffa1f800000 - 0x00007ffa1f816000 	C:\Program Files\Android\Android Studio\jbr\bin\nio.dll
0x00007ffa22610000 - 0x00007ffa22620000 	C:\Program Files\Android\Android Studio\jbr\bin\verify.dll

dbghelp: loaded successfully - version: 4.0.5 - missing functions: none
symbol engine: initialized successfully - sym options: 0x614 - pdb path: .;C:\Program Files\Android\Android Studio\jbr\bin;C:\Windows\SYSTEM32;C:\Windows\WinSxS\amd64_microsoft.windows.common-controls_6595b64144ccf1df_6.0.22621.5124_none_270e8f4f7386d69d;C:\Program Files\Android\Android Studio\jbr\bin\server

VM Arguments:
java_command: org.jetbrains.kotlin.cli.jvm.K2JVMCompiler @C:\Users\MSI MODERN\AndroidStudioProjects\SetoranHafalanDosen\app\build\20250611_1017501062506618865.compiler.options
java_class_path (initial): C:\Users\MSI MODERN\.gradle\caches\modules-2\files-2.1\org.jetbrains.kotlin\kotlin-compiler-embeddable\2.0.0\1de310de3446414381282ffc46c3ed3919a4d1da\kotlin-compiler-embeddable-2.0.0.jar;C:\Users\MSI MODERN\.gradle\caches\modules-2\files-2.1\org.jetbrains.kotlin\kotlin-stdlib\2.0.0\b48df2c4aede9586cc931ead433bc02d6fd7879e\kotlin-stdlib-2.0.0.jar;C:\Users\MSI MODERN\.gradle\caches\modules-2\files-2.1\org.jetbrains.kotlin\kotlin-script-runtime\2.0.0\fdc27dd047d592fa41d2dfa21e7621287a361612\kotlin-script-runtime-2.0.0.jar;C:\Users\MSI MODERN\.gradle\caches\modules-2\files-2.1\org.jetbrains.kotlin\kotlin-reflect\1.6.10\1cbe9c92c12a94eea200d23c2bbaedaf3daf5132\kotlin-reflect-1.6.10.jar;C:\Users\MSI MODERN\.gradle\caches\modules-2\files-2.1\org.jetbrains.kotlin\kotlin-daemon-embeddable\2.0.0\b39c612768614c4428c96ee9c65477181fffe9d\kotlin-daemon-embeddable-2.0.0.jar;C:\Users\MSI MODERN\.gradle\caches\modules-2\files-2.1\org.jetbrains.intellij.deps\trove4j\1.0.20200330\3afb14d5f9ceb459d724e907a21145e8ff394f02\trove4j-1.0.20200330.jar;C:\Users\MSI MODERN\.gradle\caches\modules-2\files-2.1\org.jetbrains\annotations\13.0\919f0dfe192fb4e063e7dacadee7f8bb9a2672a9\annotations-13.0.jar
Launcher Type: SUN_STANDARD

[Global flags]
     intx CICompilerCount                          = 4                                         {product} {ergonomic}
     uint ConcGCThreads                            = 3                                         {product} {ergonomic}
     uint G1ConcRefinementThreads                  = 10                                        {product} {ergonomic}
   size_t G1HeapRegionSize                         = 1048576                                   {product} {ergonomic}
    uintx GCDrainStackTargetSize                   = 64                                        {product} {ergonomic}
   size_t InitialHeapSize                          = 130023424                                 {product} {ergonomic}
   size_t MarkStackSize                            = 4194304                                   {product} {ergonomic}
   size_t MaxHeapSize                              = 2069889024                                {product} {ergonomic}
   size_t MaxNewSize                               = 1241513984                                {product} {ergonomic}
   size_t MinHeapDeltaBytes                        = 1048576                                   {product} {ergonomic}
   size_t MinHeapSize                              = 8388608                                   {product} {ergonomic}
    uintx NonNMethodCodeHeapSize                   = 5839372                                {pd product} {ergonomic}
    uintx NonProfiledCodeHeapSize                  = 122909434                              {pd product} {ergonomic}
    uintx ProfiledCodeHeapSize                     = 122909434                              {pd product} {ergonomic}
    uintx ReservedCodeCacheSize                    = 251658240                              {pd product} {ergonomic}
     bool SegmentedCodeCache                       = true                                      {product} {ergonomic}
   size_t SoftMaxHeapSize                          = 2069889024                             {manageable} {ergonomic}
     bool UseCompressedOops                        = true                           {product lp64_product} {ergonomic}
     bool UseG1GC                                  = true                                      {product} {ergonomic}
     bool UseLargePagesIndividualAllocation        = false                                  {pd product} {ergonomic}

Logging:
Log output configuration:
 #0: stdout all=warning uptime,level,tags foldmultilines=false
 #1: stderr all=off uptime,level,tags foldmultilines=false

Environment Variables:
JAVA_HOME=C:\Program Files\Java\jdk-23
PATH=C:\Program Files\Common Files\Oracle\Java\javapath;C:\app\MSIMODERN\Oracle\dbhomeXE\bin;D:\App\dbhomeXE\bin;C:\app\MSIMODERN\dbhomeXE\bin;C:\Windows\system32;C:\Windows;C:\Windows\System32\Wbem;C:\Windows\System32\WindowsPowerShell\v1.0\;C:\Windows\System32\OpenSSH\;C:\Program Files (x86)\NVIDIA Corporation\PhysX\Common;C:\Program Files\NVIDIA Corporation\NVIDIA NvDLISR;C:\Program Files\Git\cmd;C:\app\MSIMODERN\dbhomeXE\bin;C:\Program Files\Java\jdk-23\bin;D:\App\dbhomeXE\bin;C:\Windows\system32;C:\Windows;C:\Windows\System32\Wbem;C:\Windows\System32\WindowsPowerShell\v1.0\;C:\Windows\System32\OpenSSH\;C:\Program Files (x86)\NVIDIA Corporation\PhysX\Common;C:\Program Files\NVIDIA Corporation\NVIDIA NvDLISR;C:\Program Files\Git\cmd;C:\Users\MSI MODERN\AppData\Local\Microsoft\WindowsApps;C:\Users\MSI MODERN\AppData\Local\Programs\Microsoft VS Code\bin;C:\Program Files\Java\jdk-23\bin;
USERNAME=MSI MODERN
OS=Windows_NT
PROCESSOR_IDENTIFIER=Intel64 Family 6 Model 141 Stepping 1, GenuineIntel
TMP=C:\Users\MSIMOD~1\AppData\Local\Temp
TEMP=C:\Users\MSIMOD~1\AppData\Local\Temp




Periodic native trim disabled

JNI global refs:
JNI global refs: 13, weak refs: 6

JNI global refs memory usage: 835, weak refs: 833

Process memory usage:
Resident Set Size: 440036K (5% of 8083116K total physical memory with 545636K free physical memory)

OOME stack traces (most recent first):
Classloader memory used:
Loader jdk.internal.loader.ClassLoaders$AppClassLoader                                 : 57889K
Loader bootstrap                                                                       : 11145K
Loader java.net.URLClassLoader                                                         : 270K

---------------  S Y S T E M  ---------------

OS:
 Windows 11 , 64 bit Build 22621 (10.0.22621.5124)
OS uptime: 26 days 6:46 hours
Hyper-V role detected

CPU: total 12 (initial active 12) (6 cores per cpu, 2 threads per core) family 6 model 141 stepping 1 microcode 0x34, cx8, cmov, fxsr, ht, mmx, 3dnowpref, sse, sse2, sse3, ssse3, sse4.1, sse4.2, popcnt, lzcnt, tsc, tscinvbit, avx, avx2, aes, erms, clmul, bmi1, bmi2, adx, avx512f, avx512dq, avx512cd, avx512bw, avx512vl, sha, fma, vzeroupper, avx512_vpopcntdq, avx512_vpclmulqdq, avx512_vaes, avx512_vnni, clflush, clflushopt, clwb, avx512_vbmi2, avx512_vbmi, hv, rdtscp, rdpid, fsrm, gfni, avx512_bitalg, f16c, cet_ibt, cet_ss, avx512_ifma
Processor Information for all 12 processors :
  Max Mhz: 2688, Current Mhz: 2688, Mhz Limit: 2688

Memory: 4k page, system-wide physical 7893M (532M free)
TotalPageFile size 16085M (AvailPageFile size 57M)
current process WorkingSet (physical memory assigned to process): 430M, peak: 430M
current process commit charge ("private bytes"): 443M, peak: 541M

vm_info: OpenJDK 64-Bit Server VM (21.0.5+-13047016-b750.29) for windows-amd64 JRE (21.0.5+-13047016-b750.29), built on 2025-02-11T21:12:39Z by "builder" with MS VC++ 16.10 / 16.11 (VS2019)

END.
