#
# There is insufficient memory for the Java Runtime Environment to continue.
# Native memory allocation (mmap) failed to map 120586240 bytes. Error detail: G1 virtual space
# Possible reasons:
#   The system is out of physical RAM or swap space
#   This process is running with CompressedOops enabled, and the Java Heap may be blocking the growth of the native heap
# Possible solutions:
#   Reduce memory load on the system
#   Increase physical memory or swap space
#   Check if swap backing store is full
#   Decrease Java heap size (-Xmx/-Xms)
#   Decrease number of Java threads
#   Decrease Java thread stack sizes (-Xss)
#   Set larger code cache with -XX:ReservedCodeCacheSize=
#   JVM is running with Unscaled Compressed Oops mode in which the Java heap is
#     placed in the first 4GB address space. The Java Heap base address is the
#     maximum limit for the native heap growth. Please use -XX:HeapBaseMinAddress
#     to set the Java Heap base and to place the Java Heap above 4GB virtual address.
# This output file may be truncated or incomplete.
#
#  Out of Memory Error (os_windows.cpp:3828), pid=4584, tid=2392
#
# JRE version: OpenJDK Runtime Environment (21.0.5) (build 21.0.5+-13047016-b750.29)
# Java VM: OpenJDK 64-Bit Server VM (21.0.5+-13047016-b750.29, mixed mode, tiered, compressed oops, compressed class ptrs, g1 gc, windows-amd64)
# No core dump will be written. Minidumps are not enabled by default on client versions of Windows
#

---------------  S U M M A R Y ------------

Command Line: org.jetbrains.kotlin.cli.jvm.K2JVMCompiler @C:\Users\MSI MODERN\AndroidStudioProjects\SetoranHafalanDosen\app\build\20250611_6232495251268158768.compiler.options

Host: 11th Gen Intel(R) Core(TM) i5-11400H @ 2.70GHz, 12 cores, 7G,  Windows 11 , 64 bit Build 22621 (10.0.22621.5124)
Time: Wed Jun 11 16:03:40 2025 SE Asia Standard Time elapsed time: 5.395277 seconds (0d 0h 0m 5s)

---------------  T H R E A D  ---------------

Current thread (0x0000023dcb1dce00):  VMThread "VM Thread"          [id=2392, stack(0x0000006c43b00000,0x0000006c43c00000) (1024K)]

Stack: [0x0000006c43b00000,0x0000006c43c00000]
Native frames: (J=compiled Java code, j=interpreted, Vv=VM code, C=native code)
V  [jvm.dll+0x6cfb29]
V  [jvm.dll+0x85df93]
V  [jvm.dll+0x8604ee]
V  [jvm.dll+0x860bd3]
V  [jvm.dll+0x27e6b6]
V  [jvm.dll+0x6cc385]
V  [jvm.dll+0x6c078a]
V  [jvm.dll+0x35525b]
V  [jvm.dll+0x35ceb6]
V  [jvm.dll+0x3aedd6]
V  [jvm.dll+0x3af0a8]
V  [jvm.dll+0x32792c]
V  [jvm.dll+0x3279b7]
V  [jvm.dll+0x36d80c]
V  [jvm.dll+0x36bfbe]
V  [jvm.dll+0x327081]
V  [jvm.dll+0x36b6d0]
V  [jvm.dll+0x866958]
V  [jvm.dll+0x867cd4]
V  [jvm.dll+0x868210]
V  [jvm.dll+0x8684a3]
V  [jvm.dll+0x806368]
V  [jvm.dll+0x6ce3fd]
C  [ucrtbase.dll+0x29333]
C  [KERNEL32.DLL+0x1259d]
C  [ntdll.dll+0x5af38]

VM_Operation (0x0000006c434f40c0): G1CollectForAllocation, mode: safepoint, requested by thread 0x0000023db12af7d0


---------------  P R O C E S S  ---------------

Threads class SMR info:
_java_thread_list=0x0000023dcb4a8a20, length=13, elements={
0x0000023db12af7d0, 0x0000023dcb203fb0, 0x0000023dcb204cc0, 0x0000023dcb2563d0,
0x0000023dcb237a10, 0x0000023dcb279e20, 0x0000023dcb27a870, 0x0000023dcb236710,
0x0000023dcb2372d0, 0x0000023dcb40dff0, 0x0000023dcb40cf20, 0x0000023dcb4a79f0,
0x0000023dcb4a82a0
}

Java Threads: ( => current thread )
  0x0000023db12af7d0 JavaThread "main"                              [_thread_blocked, id=15176, stack(0x0000006c43400000,0x0000006c43500000) (1024K)]
  0x0000023dcb203fb0 JavaThread "Reference Handler"          daemon [_thread_blocked, id=11656, stack(0x0000006c43c00000,0x0000006c43d00000) (1024K)]
  0x0000023dcb204cc0 JavaThread "Finalizer"                  daemon [_thread_blocked, id=152, stack(0x0000006c43d00000,0x0000006c43e00000) (1024K)]
  0x0000023dcb2563d0 JavaThread "Signal Dispatcher"          daemon [_thread_blocked, id=3040, stack(0x0000006c43e00000,0x0000006c43f00000) (1024K)]
  0x0000023dcb237a10 JavaThread "Attach Listener"            daemon [_thread_blocked, id=25736, stack(0x0000006c43f00000,0x0000006c44000000) (1024K)]
  0x0000023dcb279e20 JavaThread "Service Thread"             daemon [_thread_blocked, id=6340, stack(0x0000006c44000000,0x0000006c44100000) (1024K)]
  0x0000023dcb27a870 JavaThread "Monitor Deflation Thread"   daemon [_thread_blocked, id=14740, stack(0x0000006c44100000,0x0000006c44200000) (1024K)]
  0x0000023dcb236710 JavaThread "C2 CompilerThread0"         daemon [_thread_blocked, id=21208, stack(0x0000006c44200000,0x0000006c44300000) (1024K)]
  0x0000023dcb2372d0 JavaThread "C1 CompilerThread0"         daemon [_thread_blocked, id=6056, stack(0x0000006c44300000,0x0000006c44400000) (1024K)]
  0x0000023dcb40dff0 JavaThread "Notification Thread"        daemon [_thread_blocked, id=12780, stack(0x0000006c44400000,0x0000006c44500000) (1024K)]
  0x0000023dcb40cf20 JavaThread "Common-Cleaner"             daemon [_thread_blocked, id=26440, stack(0x0000006c44500000,0x0000006c44600000) (1024K)]
  0x0000023dcb4a79f0 JavaThread "C2 CompilerThread1"         daemon [_thread_blocked, id=16520, stack(0x0000006c44600000,0x0000006c44700000) (1024K)]
  0x0000023dcb4a82a0 JavaThread "C2 CompilerThread2"         daemon [_thread_in_native, id=19860, stack(0x0000006c44700000,0x0000006c44800000) (1024K)]
Total: 13

Other Threads:
=>0x0000023dcb1dce00 VMThread "VM Thread"                           [id=2392, stack(0x0000006c43b00000,0x0000006c43c00000) (1024K)]
  0x0000023dcafe5e80 WatcherThread "VM Periodic Task Thread"        [id=1556, stack(0x0000006c43a00000,0x0000006c43b00000) (1024K)]
  0x0000023db36cde60 WorkerThread "GC Thread#0"                     [id=24336, stack(0x0000006c43500000,0x0000006c43600000) (1024K)]
  0x0000023dcbd19f50 WorkerThread "GC Thread#1"                     [id=22832, stack(0x0000006c44800000,0x0000006c44900000) (1024K)]
  0x0000023dcbd67380 WorkerThread "GC Thread#2"                     [id=27328, stack(0x0000006c44900000,0x0000006c44a00000) (1024K)]
  0x0000023dcbd67f30 WorkerThread "GC Thread#3"                     [id=9656, stack(0x0000006c44a00000,0x0000006c44b00000) (1024K)]
  0x0000023dcbd682d0 WorkerThread "GC Thread#4"                     [id=24228, stack(0x0000006c44b00000,0x0000006c44c00000) (1024K)]
  0x0000023dcbd68670 WorkerThread "GC Thread#5"                     [id=26672, stack(0x0000006c44c00000,0x0000006c44d00000) (1024K)]
  0x0000023dd0326d60 WorkerThread "GC Thread#6"                     [id=8524, stack(0x0000006c44d00000,0x0000006c44e00000) (1024K)]
  0x0000023dd0327be0 WorkerThread "GC Thread#7"                     [id=23996, stack(0x0000006c44e00000,0x0000006c44f00000) (1024K)]
  0x0000023dd0326620 WorkerThread "GC Thread#8"                     [id=12620, stack(0x0000006c44f00000,0x0000006c45000000) (1024K)]
  0x0000023dd02b6b30 WorkerThread "GC Thread#9"                     [id=14244, stack(0x0000006c45200000,0x0000006c45300000) (1024K)]
  0x0000023db36de410 ConcurrentGCThread "G1 Main Marker"            [id=19876, stack(0x0000006c43600000,0x0000006c43700000) (1024K)]
  0x0000023db36df7a0 WorkerThread "G1 Conc#0"                       [id=21092, stack(0x0000006c43700000,0x0000006c43800000) (1024K)]
  0x0000023dd0327f80 WorkerThread "G1 Conc#1"                       [id=18768, stack(0x0000006c45000000,0x0000006c45100000) (1024K)]
  0x0000023dd03269c0 WorkerThread "G1 Conc#2"                       [id=18252, stack(0x0000006c45100000,0x0000006c45200000) (1024K)]
  0x0000023dcaeb9130 ConcurrentGCThread "G1 Refine#0"               [id=1320, stack(0x0000006c43800000,0x0000006c43900000) (1024K)]
  0x0000023dcaeb9ab0 ConcurrentGCThread "G1 Service"                [id=17044, stack(0x0000006c43900000,0x0000006c43a00000) (1024K)]
Total: 18

Threads with active compile tasks:
C2 CompilerThread0  5407 7111   !   4       org.jetbrains.kotlin.metadata.ProtoBuf$Property::<init> (1283 bytes)
C2 CompilerThread1  5407 7114   !   4       org.jetbrains.kotlin.metadata.jvm.JvmProtoBuf$StringTableTypes::<init> (495 bytes)
C2 CompilerThread2  5407 7108       4       org.jetbrains.kotlin.cli.jvm.index.JvmDependenciesIndexImpl::search (374 bytes)
Total: 3

VM state: at safepoint (normal execution)

VM Mutex/Monitor currently owned by a thread:  ([mutex/lock_event])
[0x00007ff9d17bd360] Threads_lock - owner thread: 0x0000023dcb1dce00
[0x00007ff9d17bd460] Heap_lock - owner thread: 0x0000023db12af7d0

Heap address: 0x0000000084a00000, size: 1974 MB, Compressed Oops mode: 32-bit

CDS archive(s) not mapped
Compressed class space mapped at: 0x0000000100000000-0x0000000140000000, reserved size: 1073741824
Narrow klass base: 0x0000000000000000, Narrow klass shift: 3, Narrow klass range: 0x140000000

GC Precious Log:
 CardTable entry size: 512
 Card Set container configuration: InlinePtr #cards 5 size 8 Array Of Cards #cards 12 size 40 Howl #buckets 4 coarsen threshold 1843 Howl Bitmap #cards 512 size 80 coarsen threshold 460 Card regions per heap region 1 cards per card region 2048
 CPUs: 12 total, 12 available
 Memory: 7893M
 Large Page Support: Disabled
 NUMA Support: Disabled
 Compressed Oops: Enabled (32-bit)
 Heap Region Size: 1M
 Heap Min Capacity: 8M
 Heap Initial Capacity: 124M
 Heap Max Capacity: 1974M
 Pre-touch: Disabled
 Parallel Workers: 10
 Concurrent Workers: 3
 Concurrent Refinement Workers: 10
 Periodic GC: Disabled

Heap:
 garbage-first heap   total 155648K, used 99328K [0x0000000084a00000, 0x0000000100000000)
  region size 1024K, 4 young (4096K), 4 survivors (4096K)
 Metaspace       used 57038K, committed 57408K, reserved 1114112K
  class space    used 6431K, committed 6592K, reserved 1048576K

Heap Regions: E=young(eden), S=young(survivor), O=old, HS=humongous(starts), HC=humongous(continues), CS=collection set, F=free, TAMS=top-at-mark-start, PB=parsable bottom
|   0|0x0000000084a00000, 0x0000000084b00000, 0x0000000084b00000|100%|HS|  |TAMS 0x0000000084b00000| PB 0x0000000084a00000| Complete 
|   1|0x0000000084b00000, 0x0000000084c00000, 0x0000000084c00000|100%|HC|  |TAMS 0x0000000084c00000| PB 0x0000000084b00000| Complete 
|   2|0x0000000084c00000, 0x0000000084d00000, 0x0000000084d00000|100%|HC|  |TAMS 0x0000000084d00000| PB 0x0000000084c00000| Complete 
|   3|0x0000000084d00000, 0x0000000084e00000, 0x0000000084e00000|100%| O|  |TAMS 0x0000000084e00000| PB 0x0000000084d00000| Untracked 
|   4|0x0000000084e00000, 0x0000000084f00000, 0x0000000084f00000|100%| O|  |TAMS 0x0000000084f00000| PB 0x0000000084e00000| Untracked 
|   5|0x0000000084f00000, 0x0000000085000000, 0x0000000085000000|100%| O|  |TAMS 0x0000000085000000| PB 0x0000000084f00000| Untracked 
|   6|0x0000000085000000, 0x0000000085100000, 0x0000000085100000|100%| O|  |TAMS 0x0000000085100000| PB 0x0000000085000000| Untracked 
|   7|0x0000000085100000, 0x0000000085200000, 0x0000000085200000|100%| O|  |TAMS 0x0000000085200000| PB 0x0000000085100000| Untracked 
|   8|0x0000000085200000, 0x0000000085300000, 0x0000000085300000|100%| O|  |TAMS 0x0000000085300000| PB 0x0000000085200000| Untracked 
|   9|0x0000000085300000, 0x0000000085400000, 0x0000000085400000|100%| O|  |TAMS 0x0000000085400000| PB 0x0000000085300000| Untracked 
|  10|0x0000000085400000, 0x0000000085500000, 0x0000000085500000|100%| O|  |TAMS 0x0000000085500000| PB 0x0000000085400000| Untracked 
|  11|0x0000000085500000, 0x0000000085600000, 0x0000000085600000|100%| O|  |TAMS 0x0000000085600000| PB 0x0000000085500000| Untracked 
|  12|0x0000000085600000, 0x0000000085700000, 0x0000000085700000|100%| O|  |TAMS 0x0000000085700000| PB 0x0000000085600000| Untracked 
|  13|0x0000000085700000, 0x0000000085800000, 0x0000000085800000|100%| O|  |TAMS 0x0000000085800000| PB 0x0000000085700000| Updating 
|  14|0x0000000085800000, 0x0000000085900000, 0x0000000085900000|100%| O|  |TAMS 0x0000000085900000| PB 0x0000000085800000| Untracked 
|  15|0x0000000085900000, 0x0000000085a00000, 0x0000000085a00000|100%| O|  |TAMS 0x0000000085a00000| PB 0x0000000085900000| Untracked 
|  16|0x0000000085a00000, 0x0000000085b00000, 0x0000000085b00000|100%| O|  |TAMS 0x0000000085b00000| PB 0x0000000085a00000| Updating 
|  17|0x0000000085b00000, 0x0000000085c00000, 0x0000000085c00000|100%| O|  |TAMS 0x0000000085c00000| PB 0x0000000085b00000| Untracked 
|  18|0x0000000085c00000, 0x0000000085d00000, 0x0000000085d00000|100%| O|  |TAMS 0x0000000085d00000| PB 0x0000000085c00000| Untracked 
|  19|0x0000000085d00000, 0x0000000085e00000, 0x0000000085e00000|100%| O|  |TAMS 0x0000000085e00000| PB 0x0000000085d00000| Untracked 
|  20|0x0000000085e00000, 0x0000000085f00000, 0x0000000085f00000|100%| O|  |TAMS 0x0000000085f00000| PB 0x0000000085e00000| Untracked 
|  21|0x0000000085f00000, 0x0000000086000000, 0x0000000086000000|100%| O|  |TAMS 0x0000000086000000| PB 0x0000000085f00000| Untracked 
|  22|0x0000000086000000, 0x0000000086100000, 0x0000000086100000|100%| O|  |TAMS 0x0000000086100000| PB 0x0000000086000000| Untracked 
|  23|0x0000000086100000, 0x0000000086200000, 0x0000000086200000|100%| O|  |TAMS 0x0000000086200000| PB 0x0000000086100000| Updating 
|  24|0x0000000086200000, 0x0000000086300000, 0x0000000086300000|100%| O|  |TAMS 0x0000000086200000| PB 0x0000000086200000| Untracked 
|  25|0x0000000086300000, 0x0000000086400000, 0x0000000086400000|100%| O|  |TAMS 0x0000000086400000| PB 0x0000000086300000| Untracked 
|  26|0x0000000086400000, 0x0000000086500000, 0x0000000086500000|100%| O|  |TAMS 0x0000000086500000| PB 0x0000000086400000| Untracked 
|  27|0x0000000086500000, 0x0000000086600000, 0x0000000086600000|100%| O|  |TAMS 0x0000000086600000| PB 0x0000000086500000| Untracked 
|  28|0x0000000086600000, 0x0000000086700000, 0x0000000086700000|100%| O|  |TAMS 0x0000000086700000| PB 0x0000000086600000| Untracked 
|  29|0x0000000086700000, 0x0000000086800000, 0x0000000086800000|100%| O|  |TAMS 0x0000000086800000| PB 0x0000000086700000| Updating 
|  30|0x0000000086800000, 0x0000000086900000, 0x0000000086900000|100%| O|  |TAMS 0x0000000086900000| PB 0x0000000086800000| Updating 
|  31|0x0000000086900000, 0x0000000086a00000, 0x0000000086a00000|100%| O|  |TAMS 0x0000000086a00000| PB 0x0000000086900000| Untracked 
|  32|0x0000000086a00000, 0x0000000086b00000, 0x0000000086b00000|100%| O|  |TAMS 0x0000000086b00000| PB 0x0000000086a00000| Untracked 
|  33|0x0000000086b00000, 0x0000000086c00000, 0x0000000086c00000|100%| O|  |TAMS 0x0000000086c00000| PB 0x0000000086b00000| Untracked 
|  34|0x0000000086c00000, 0x0000000086d00000, 0x0000000086d00000|100%| O|  |TAMS 0x0000000086d00000| PB 0x0000000086c00000| Untracked 
|  35|0x0000000086d00000, 0x0000000086e00000, 0x0000000086e00000|100%| O|  |TAMS 0x0000000086e00000| PB 0x0000000086d00000| Untracked 
|  36|0x0000000086e00000, 0x0000000086f00000, 0x0000000086f00000|100%| O|  |TAMS 0x0000000086f00000| PB 0x0000000086e00000| Untracked 
|  37|0x0000000086f00000, 0x0000000087000000, 0x0000000087000000|100%| O|  |TAMS 0x0000000087000000| PB 0x0000000086f00000| Untracked 
|  38|0x0000000087000000, 0x0000000087100000, 0x0000000087100000|100%| O|  |TAMS 0x0000000087100000| PB 0x0000000087000000| Updating 
|  39|0x0000000087100000, 0x0000000087200000, 0x0000000087200000|100%| O|  |TAMS 0x0000000087200000| PB 0x0000000087100000| Updating 
|  40|0x0000000087200000, 0x0000000087300000, 0x0000000087300000|100%| O|  |TAMS 0x0000000087300000| PB 0x0000000087200000| Untracked 
|  41|0x0000000087300000, 0x0000000087400000, 0x0000000087400000|100%| O|  |TAMS 0x0000000087400000| PB 0x0000000087300000| Updating 
|  42|0x0000000087400000, 0x0000000087500000, 0x0000000087500000|100%| O|  |TAMS 0x0000000087500000| PB 0x0000000087400000| Updating 
|  43|0x0000000087500000, 0x0000000087600000, 0x0000000087600000|100%| O|  |TAMS 0x0000000087600000| PB 0x0000000087500000| Untracked 
|  44|0x0000000087600000, 0x0000000087700000, 0x0000000087700000|100%| O|  |TAMS 0x0000000087700000| PB 0x0000000087600000| Untracked 
|  45|0x0000000087700000, 0x0000000087800000, 0x0000000087800000|100%| O|  |TAMS 0x0000000087800000| PB 0x0000000087700000| Untracked 
|  46|0x0000000087800000, 0x0000000087900000, 0x0000000087900000|100%| O|  |TAMS 0x0000000087900000| PB 0x0000000087800000| Untracked 
|  47|0x0000000087900000, 0x0000000087a00000, 0x0000000087a00000|100%| O|  |TAMS 0x0000000087a00000| PB 0x0000000087a00000| Untracked 
|  48|0x0000000087a00000, 0x0000000087b00000, 0x0000000087b00000|100%| O|  |TAMS 0x0000000087b00000| PB 0x0000000087b00000| Untracked 
|  49|0x0000000087b00000, 0x0000000087c00000, 0x0000000087c00000|100%| O|  |TAMS 0x0000000087c00000| PB 0x0000000087c00000| Untracked 
|  50|0x0000000087c00000, 0x0000000087d00000, 0x0000000087d00000|100%| O|  |TAMS 0x0000000087d00000| PB 0x0000000087d00000| Updating 
|  51|0x0000000087d00000, 0x0000000087e00000, 0x0000000087e00000|100%| O|  |TAMS 0x0000000087e00000| PB 0x0000000087e00000| Updating 
|  52|0x0000000087e00000, 0x0000000087f00000, 0x0000000087f00000|100%| O|  |TAMS 0x0000000087f00000| PB 0x0000000087f00000| Untracked 
|  53|0x0000000087f00000, 0x0000000088000000, 0x0000000088000000|100%| O|  |TAMS 0x0000000088000000| PB 0x0000000088000000| Untracked 
|  54|0x0000000088000000, 0x0000000088100000, 0x0000000088100000|100%| O|  |TAMS 0x0000000088100000| PB 0x0000000088100000| Updating 
|  55|0x0000000088100000, 0x0000000088200000, 0x0000000088200000|100%| O|  |TAMS 0x0000000088200000| PB 0x0000000088200000| Untracked 
|  56|0x0000000088200000, 0x0000000088300000, 0x0000000088300000|100%| O|  |TAMS 0x0000000088300000| PB 0x0000000088300000| Untracked 
|  57|0x0000000088300000, 0x0000000088400000, 0x0000000088400000|100%| O|  |TAMS 0x0000000088400000| PB 0x0000000088400000| Untracked 
|  58|0x0000000088400000, 0x0000000088500000, 0x0000000088500000|100%| O|  |TAMS 0x0000000088500000| PB 0x0000000088500000| Updating 
|  59|0x0000000088500000, 0x0000000088600000, 0x0000000088600000|100%| O|  |TAMS 0x0000000088600000| PB 0x0000000088600000| Updating 
|  60|0x0000000088600000, 0x0000000088700000, 0x0000000088700000|100%| O|  |TAMS 0x0000000088700000| PB 0x0000000088700000| Untracked 
|  61|0x0000000088700000, 0x0000000088800000, 0x0000000088800000|100%| O|  |TAMS 0x0000000088800000| PB 0x0000000088800000| Untracked 
|  62|0x0000000088800000, 0x0000000088900000, 0x0000000088900000|100%| O|  |TAMS 0x0000000088900000| PB 0x0000000088900000| Untracked 
|  63|0x0000000088900000, 0x0000000088a00000, 0x0000000088a00000|100%| O|  |TAMS 0x0000000088a00000| PB 0x0000000088a00000| Untracked 
|  64|0x0000000088a00000, 0x0000000088b00000, 0x0000000088b00000|100%| O|  |TAMS 0x0000000088b00000| PB 0x0000000088b00000| Untracked 
|  65|0x0000000088b00000, 0x0000000088c00000, 0x0000000088c00000|100%| O|  |TAMS 0x0000000088c00000| PB 0x0000000088c00000| Untracked 
|  66|0x0000000088c00000, 0x0000000088d00000, 0x0000000088d00000|100%| O|  |TAMS 0x0000000088d00000| PB 0x0000000088d00000| Untracked 
|  67|0x0000000088d00000, 0x0000000088e00000, 0x0000000088e00000|100%| O|  |TAMS 0x0000000088e00000| PB 0x0000000088e00000| Untracked 
|  68|0x0000000088e00000, 0x0000000088f00000, 0x0000000088f00000|100%| O|  |TAMS 0x0000000088f00000| PB 0x0000000088f00000| Updating 
|  69|0x0000000088f00000, 0x0000000089000000, 0x0000000089000000|100%| O|  |TAMS 0x0000000089000000| PB 0x0000000089000000| Untracked 
|  70|0x0000000089000000, 0x0000000089100000, 0x0000000089100000|100%| O|  |TAMS 0x0000000089100000| PB 0x0000000089100000| Untracked 
|  71|0x0000000089100000, 0x0000000089200000, 0x0000000089200000|100%| O|  |TAMS 0x0000000089200000| PB 0x0000000089200000| Untracked 
|  72|0x0000000089200000, 0x0000000089300000, 0x0000000089300000|100%| O|  |TAMS 0x0000000089300000| PB 0x0000000089300000| Untracked 
|  73|0x0000000089300000, 0x0000000089400000, 0x0000000089400000|100%| O|  |TAMS 0x0000000089400000| PB 0x0000000089400000| Untracked 
|  74|0x0000000089400000, 0x0000000089500000, 0x0000000089500000|100%| O|  |TAMS 0x0000000089500000| PB 0x0000000089500000| Untracked 
|  75|0x0000000089500000, 0x0000000089600000, 0x0000000089600000|100%| O|  |TAMS 0x0000000089600000| PB 0x0000000089600000| Untracked 
|  76|0x0000000089600000, 0x0000000089700000, 0x0000000089700000|100%| O|  |TAMS 0x0000000089700000| PB 0x0000000089700000| Updating 
|  77|0x0000000089700000, 0x0000000089800000, 0x0000000089800000|100%| O|  |TAMS 0x0000000089700000| PB 0x0000000089700000| Untracked 
|  78|0x0000000089800000, 0x0000000089900000, 0x0000000089900000|100%| O|  |TAMS 0x0000000089800000| PB 0x0000000089800000| Untracked 
|  79|0x0000000089900000, 0x0000000089a00000, 0x0000000089a00000|100%| O|  |TAMS 0x0000000089900000| PB 0x0000000089900000| Untracked 
|  80|0x0000000089a00000, 0x0000000089b00000, 0x0000000089b00000|100%| O|  |TAMS 0x0000000089a00000| PB 0x0000000089a00000| Untracked 
|  81|0x0000000089b00000, 0x0000000089c00000, 0x0000000089c00000|100%| O|  |TAMS 0x0000000089b00000| PB 0x0000000089b00000| Untracked 
|  82|0x0000000089c00000, 0x0000000089d00000, 0x0000000089d00000|100%| O|  |TAMS 0x0000000089c00000| PB 0x0000000089c00000| Untracked 
|  83|0x0000000089d00000, 0x0000000089e00000, 0x0000000089e00000|100%| O|  |TAMS 0x0000000089d00000| PB 0x0000000089d00000| Untracked 
|  84|0x0000000089e00000, 0x0000000089f00000, 0x0000000089f00000|100%| O|  |TAMS 0x0000000089e00000| PB 0x0000000089e00000| Untracked 
|  85|0x0000000089f00000, 0x000000008a000000, 0x000000008a000000|100%| O|  |TAMS 0x0000000089f00000| PB 0x0000000089f00000| Untracked 
|  86|0x000000008a000000, 0x000000008a100000, 0x000000008a100000|100%| O|  |TAMS 0x000000008a000000| PB 0x000000008a000000| Untracked 
|  87|0x000000008a100000, 0x000000008a200000, 0x000000008a200000|100%| O|  |TAMS 0x000000008a100000| PB 0x000000008a100000| Untracked 
|  88|0x000000008a200000, 0x000000008a300000, 0x000000008a300000|100%| O|  |TAMS 0x000000008a200000| PB 0x000000008a200000| Updating 
|  89|0x000000008a300000, 0x000000008a400000, 0x000000008a400000|100%| O|  |TAMS 0x000000008a300000| PB 0x000000008a300000| Untracked 
|  90|0x000000008a400000, 0x000000008a500000, 0x000000008a500000|100%| O|  |TAMS 0x000000008a400000| PB 0x000000008a400000| Untracked 
|  91|0x000000008a500000, 0x000000008a600000, 0x000000008a600000|100%| O|  |TAMS 0x000000008a500000| PB 0x000000008a500000| Untracked 
|  92|0x000000008a600000, 0x000000008a600000, 0x000000008a700000|  0%| F|  |TAMS 0x000000008a600000| PB 0x000000008a600000| Untracked 
|  93|0x000000008a700000, 0x000000008a700000, 0x000000008a800000|  0%| F|  |TAMS 0x000000008a700000| PB 0x000000008a700000| Untracked 
|  94|0x000000008a800000, 0x000000008a800000, 0x000000008a900000|  0%| F|  |TAMS 0x000000008a800000| PB 0x000000008a800000| Untracked 
|  95|0x000000008a900000, 0x000000008a900000, 0x000000008aa00000|  0%| F|  |TAMS 0x000000008a900000| PB 0x000000008a900000| Untracked 
|  96|0x000000008aa00000, 0x000000008aa00000, 0x000000008ab00000|  0%| F|  |TAMS 0x000000008aa00000| PB 0x000000008aa00000| Untracked 
|  97|0x000000008ab00000, 0x000000008ab00000, 0x000000008ac00000|  0%| F|  |TAMS 0x000000008ab00000| PB 0x000000008ab00000| Untracked 
|  98|0x000000008ac00000, 0x000000008ac00000, 0x000000008ad00000|  0%| F|  |TAMS 0x000000008ac00000| PB 0x000000008ac00000| Untracked 
|  99|0x000000008ad00000, 0x000000008ad00000, 0x000000008ae00000|  0%| F|  |TAMS 0x000000008ad00000| PB 0x000000008ad00000| Untracked 
| 100|0x000000008ae00000, 0x000000008ae00000, 0x000000008af00000|  0%| F|  |TAMS 0x000000008ae00000| PB 0x000000008ae00000| Untracked 
| 101|0x000000008af00000, 0x000000008af00000, 0x000000008b000000|  0%| F|  |TAMS 0x000000008af00000| PB 0x000000008af00000| Untracked 
| 102|0x000000008b000000, 0x000000008b000000, 0x000000008b100000|  0%| F|  |TAMS 0x000000008b000000| PB 0x000000008b000000| Untracked 
| 103|0x000000008b100000, 0x000000008b100000, 0x000000008b200000|  0%| F|  |TAMS 0x000000008b100000| PB 0x000000008b100000| Untracked 
| 104|0x000000008b200000, 0x000000008b200000, 0x000000008b300000|  0%| F|  |TAMS 0x000000008b200000| PB 0x000000008b200000| Untracked 
| 105|0x000000008b300000, 0x000000008b300000, 0x000000008b400000|  0%| F|  |TAMS 0x000000008b300000| PB 0x000000008b300000| Untracked 
| 106|0x000000008b400000, 0x000000008b400000, 0x000000008b500000|  0%| F|  |TAMS 0x000000008b400000| PB 0x000000008b400000| Untracked 
| 107|0x000000008b500000, 0x000000008b500000, 0x000000008b600000|  0%| F|  |TAMS 0x000000008b500000| PB 0x000000008b500000| Untracked 
| 108|0x000000008b600000, 0x000000008b600000, 0x000000008b700000|  0%| F|  |TAMS 0x000000008b600000| PB 0x000000008b600000| Untracked 
| 109|0x000000008b700000, 0x000000008b700000, 0x000000008b800000|  0%| F|  |TAMS 0x000000008b700000| PB 0x000000008b700000| Untracked 
| 110|0x000000008b800000, 0x000000008b800000, 0x000000008b900000|  0%| F|  |TAMS 0x000000008b800000| PB 0x000000008b800000| Untracked 
| 111|0x000000008b900000, 0x000000008b900000, 0x000000008ba00000|  0%| F|  |TAMS 0x000000008b900000| PB 0x000000008b900000| Untracked 
| 112|0x000000008ba00000, 0x000000008ba00000, 0x000000008bb00000|  0%| F|  |TAMS 0x000000008ba00000| PB 0x000000008ba00000| Untracked 
| 113|0x000000008bb00000, 0x000000008bb00000, 0x000000008bc00000|  0%| F|  |TAMS 0x000000008bb00000| PB 0x000000008bb00000| Untracked 
| 114|0x000000008bc00000, 0x000000008bc00000, 0x000000008bd00000|  0%| F|  |TAMS 0x000000008bc00000| PB 0x000000008bc00000| Untracked 
| 115|0x000000008bd00000, 0x000000008bd00000, 0x000000008be00000|  0%| F|  |TAMS 0x000000008bd00000| PB 0x000000008bd00000| Untracked 
| 116|0x000000008be00000, 0x000000008be00000, 0x000000008bf00000|  0%| F|  |TAMS 0x000000008be00000| PB 0x000000008be00000| Untracked 
| 117|0x000000008bf00000, 0x000000008bf00000, 0x000000008c000000|  0%| F|  |TAMS 0x000000008bf00000| PB 0x000000008bf00000| Untracked 
| 118|0x000000008c000000, 0x000000008c000000, 0x000000008c100000|  0%| F|  |TAMS 0x000000008c000000| PB 0x000000008c000000| Untracked 
| 119|0x000000008c100000, 0x000000008c100000, 0x000000008c200000|  0%| F|  |TAMS 0x000000008c100000| PB 0x000000008c100000| Untracked 
| 120|0x000000008c200000, 0x000000008c200000, 0x000000008c300000|  0%| F|  |TAMS 0x000000008c200000| PB 0x000000008c200000| Untracked 
| 121|0x000000008c300000, 0x000000008c300000, 0x000000008c400000|  0%| F|  |TAMS 0x000000008c300000| PB 0x000000008c300000| Untracked 
| 122|0x000000008c400000, 0x000000008c400000, 0x000000008c500000|  0%| F|  |TAMS 0x000000008c400000| PB 0x000000008c400000| Untracked 
| 123|0x000000008c500000, 0x000000008c500000, 0x000000008c600000|  0%| F|  |TAMS 0x000000008c500000| PB 0x000000008c500000| Untracked 
| 124|0x000000008c600000, 0x000000008c600000, 0x000000008c700000|  0%| F|  |TAMS 0x000000008c600000| PB 0x000000008c600000| Untracked 
| 125|0x000000008c700000, 0x000000008c700000, 0x000000008c800000|  0%| F|  |TAMS 0x000000008c700000| PB 0x000000008c700000| Untracked 
| 126|0x000000008c800000, 0x000000008c800000, 0x000000008c900000|  0%| F|  |TAMS 0x000000008c800000| PB 0x000000008c800000| Untracked 
| 127|0x000000008c900000, 0x000000008c900000, 0x000000008ca00000|  0%| F|  |TAMS 0x000000008c900000| PB 0x000000008c900000| Untracked 
| 128|0x000000008ca00000, 0x000000008ca00000, 0x000000008cb00000|  0%| F|  |TAMS 0x000000008ca00000| PB 0x000000008ca00000| Untracked 
| 129|0x000000008cb00000, 0x000000008cb00000, 0x000000008cc00000|  0%| F|  |TAMS 0x000000008cb00000| PB 0x000000008cb00000| Untracked 
| 130|0x000000008cc00000, 0x000000008cc00000, 0x000000008cd00000|  0%| F|  |TAMS 0x000000008cc00000| PB 0x000000008cc00000| Untracked 
| 131|0x000000008cd00000, 0x000000008cd00000, 0x000000008ce00000|  0%| F|  |TAMS 0x000000008cd00000| PB 0x000000008cd00000| Untracked 
| 132|0x000000008ce00000, 0x000000008ce00000, 0x000000008cf00000|  0%| F|  |TAMS 0x000000008ce00000| PB 0x000000008ce00000| Untracked 
| 133|0x000000008cf00000, 0x000000008cf00000, 0x000000008d000000|  0%| F|  |TAMS 0x000000008cf00000| PB 0x000000008cf00000| Untracked 
| 134|0x000000008d000000, 0x000000008d000000, 0x000000008d100000|  0%| F|  |TAMS 0x000000008d000000| PB 0x000000008d000000| Untracked 
| 135|0x000000008d100000, 0x000000008d100000, 0x000000008d200000|  0%| F|  |TAMS 0x000000008d100000| PB 0x000000008d100000| Untracked 
| 136|0x000000008d200000, 0x000000008d200000, 0x000000008d300000|  0%| F|  |TAMS 0x000000008d200000| PB 0x000000008d200000| Untracked 
| 137|0x000000008d300000, 0x000000008d300000, 0x000000008d400000|  0%| F|  |TAMS 0x000000008d300000| PB 0x000000008d300000| Untracked 
| 138|0x000000008d400000, 0x000000008d400000, 0x000000008d500000|  0%| F|  |TAMS 0x000000008d400000| PB 0x000000008d400000| Untracked 
| 139|0x000000008d500000, 0x000000008d500000, 0x000000008d600000|  0%| F|  |TAMS 0x000000008d500000| PB 0x000000008d500000| Untracked 
| 140|0x000000008d600000, 0x000000008d600000, 0x000000008d700000|  0%| F|  |TAMS 0x000000008d600000| PB 0x000000008d600000| Untracked 
| 141|0x000000008d700000, 0x000000008d800000, 0x000000008d800000|100%| S|CS|TAMS 0x000000008d700000| PB 0x000000008d700000| Complete 
| 142|0x000000008d800000, 0x000000008d900000, 0x000000008d900000|100%| S|CS|TAMS 0x000000008d800000| PB 0x000000008d800000| Complete 
| 143|0x000000008d900000, 0x000000008da00000, 0x000000008da00000|100%| S|CS|TAMS 0x000000008d900000| PB 0x000000008d900000| Complete 
| 144|0x000000008da00000, 0x000000008db00000, 0x000000008db00000|100%| S|CS|TAMS 0x000000008da00000| PB 0x000000008da00000| Complete 
| 145|0x000000008db00000, 0x000000008db00000, 0x000000008dc00000|  0%| F|  |TAMS 0x000000008db00000| PB 0x000000008db00000| Untracked 
| 146|0x000000008dc00000, 0x000000008dc00000, 0x000000008dd00000|  0%| F|  |TAMS 0x000000008dc00000| PB 0x000000008dc00000| Untracked 
| 147|0x000000008dd00000, 0x000000008dd00000, 0x000000008de00000|  0%| F|  |TAMS 0x000000008dd00000| PB 0x000000008dd00000| Untracked 
| 148|0x000000008de00000, 0x000000008de00000, 0x000000008df00000|  0%| F|  |TAMS 0x000000008de00000| PB 0x000000008de00000| Untracked 
| 149|0x000000008df00000, 0x000000008df00000, 0x000000008e000000|  0%| F|  |TAMS 0x000000008df00000| PB 0x000000008df00000| Untracked 
|1972|0x00000000ffe00000, 0x00000000ffe00000, 0x00000000fff00000|  0%| F|  |TAMS 0x00000000ffe00000| PB 0x00000000ffe00000| Untracked 
|1973|0x00000000fff00000, 0x0000000100000000, 0x0000000100000000|100%| O|  |TAMS 0x0000000100000000| PB 0x00000000fff00000| Untracked 

Card table byte_map: [0x0000023dc6110000,0x0000023dc64f0000] _byte_map_base: 0x0000023dc5ceb000

Marking Bits: (CMBitMap*) 0x0000023db36ce470
 Bits: [0x0000023dc64f0000, 0x0000023dc83c8000)

Polling page: 0x0000023db15b0000

Metaspace:

Usage:
  Non-class:     49.42 MB used.
      Class:      6.28 MB used.
       Both:     55.70 MB used.

Virtual space:
  Non-class space:       64.00 MB reserved,      49.62 MB ( 78%) committed,  1 nodes.
      Class space:        1.00 GB reserved,       6.44 MB ( <1%) committed,  1 nodes.
             Both:        1.06 GB reserved,      56.06 MB (  5%) committed. 

Chunk freelists:
   Non-Class:  13.83 MB
       Class:  9.42 MB
        Both:  23.25 MB

MaxMetaspaceSize: unlimited
CompressedClassSpaceSize: 1.00 GB
Initial GC threshold: 21.00 MB
Current GC threshold: 93.44 MB
CDS: off
 - commit_granule_bytes: 65536.
 - commit_granule_words: 8192.
 - virtual_space_node_default_size: 8388608.
 - enlarge_chunks_in_place: 1.
 - use_allocation_guard: 0.


Internal statistics:

num_allocs_failed_limit: 6.
num_arena_births: 318.
num_arena_deaths: 0.
num_vsnodes_births: 2.
num_vsnodes_deaths: 0.
num_space_committed: 896.
num_space_uncommitted: 0.
num_chunks_returned_to_freelist: 6.
num_chunks_taken_from_freelist: 2035.
num_chunk_merges: 6.
num_chunk_splits: 1656.
num_chunks_enlarged: 1492.
num_inconsistent_stats: 0.

CodeHeap 'non-profiled nmethods': size=120000Kb used=3908Kb max_used=3969Kb free=116091Kb
 bounds [0x0000023dbe2a0000, 0x0000023dbe690000, 0x0000023dc57d0000]
CodeHeap 'profiled nmethods': size=120000Kb used=17963Kb max_used=18699Kb free=102036Kb
 bounds [0x0000023db67d0000, 0x0000023db7a20000, 0x0000023dbdd00000]
CodeHeap 'non-nmethods': size=5760Kb used=1818Kb max_used=1878Kb free=3941Kb
 bounds [0x0000023dbdd00000, 0x0000023dbdf70000, 0x0000023dbe2a0000]
 total_blobs=6973 nmethods=6292 adapters=583
 compilation: enabled
              stopped_count=0, restarted_count=0
 full_count=0

Compilation events (20 events):
Event: 5.198 Thread 0x0000023dcb2372d0 7085       3       org.jetbrains.kotlin.fir.declarations.FirClass::<init> (5 bytes)
Event: 5.198 Thread 0x0000023dcb2372d0 nmethod 7085 0x0000023db7a0b590 code [0x0000023db7a0b780, 0x0000023db7a0bc38]
Event: 5.198 Thread 0x0000023dcb2372d0 7080       3       org.jetbrains.kotlin.fir.declarations.FirConstructor::<init> (6 bytes)
Event: 5.198 Thread 0x0000023dcb2372d0 nmethod 7080 0x0000023db7a0be90 code [0x0000023db7a0c080, 0x0000023db7a0c568]
Event: 5.198 Thread 0x0000023dcb2372d0 7081       3       org.jetbrains.kotlin.fir.declarations.builder.FirRegularClassBuilder::build (86 bytes)
Event: 5.199 Thread 0x0000023dcb4a82a0 nmethod 7104 0x0000023dbe675310 code [0x0000023dbe6754a0, 0x0000023dbe675638]
Event: 5.199 Thread 0x0000023dcb4a82a0 7105       4       org.jetbrains.kotlin.load.kotlin.header.ReadKotlinClassHeaderAnnotationVisitor$CollectStringArrayAnnotationVisitor::visit (22 bytes)
Event: 5.201 Thread 0x0000023dcb2372d0 nmethod 7081 0x0000023db7a0c790 code [0x0000023db7a0cfc0, 0x0000023db7a112b8]
Event: 5.207 Thread 0x0000023dcb4a82a0 nmethod 7105 0x0000023dbe675790 code [0x0000023dbe675980, 0x0000023dbe6762d0]
Event: 5.207 Thread 0x0000023dcb4a82a0 7106       4       org.jetbrains.kotlin.load.kotlin.header.ReadKotlinClassHeaderAnnotationVisitor$KotlinMetadataArgumentVisitor::visitEnd (1 bytes)
Event: 5.208 Thread 0x0000023dcb4a82a0 nmethod 7106 0x0000023dbe676610 code [0x0000023dbe6767a0, 0x0000023dbe676828]
Event: 5.208 Thread 0x0000023dcb4a82a0 7107       4       java.util.regex.Pattern$LastNode::match (45 bytes)
Event: 5.209 Thread 0x0000023dcb4a82a0 nmethod 7107 0x0000023dbe676910 code [0x0000023dbe676aa0, 0x0000023dbe676bb8]
Event: 5.209 Thread 0x0000023dcb4a82a0 7108       4       org.jetbrains.kotlin.cli.jvm.index.JvmDependenciesIndexImpl::search (374 bytes)
Event: 5.220 Thread 0x0000023dcb236710 nmethod 7103 0x0000023dbe676d10 code [0x0000023dbe677020, 0x0000023dbe678470]
Event: 5.220 Thread 0x0000023dcb236710 7111   !   4       org.jetbrains.kotlin.metadata.ProtoBuf$Property::<init> (1283 bytes)
Event: 5.237 Thread 0x0000023dcb2372d0 7113       3       org.jetbrains.kotlin.metadata.jvm.JvmProtoBuf$JvmPropertySignature$Builder::mergeSyntheticMethod (58 bytes)
Event: 5.238 Thread 0x0000023dcb2372d0 nmethod 7113 0x0000023db7a12b90 code [0x0000023db7a12dc0, 0x0000023db7a13538]
Event: 5.311 Thread 0x0000023dcb4a79f0 nmethod 7101 0x0000023dbe679290 code [0x0000023dbe679860, 0x0000023dbe67e118]
Event: 5.311 Thread 0x0000023dcb4a79f0 7114   !   4       org.jetbrains.kotlin.metadata.jvm.JvmProtoBuf$StringTableTypes::<init> (495 bytes)

GC Heap History (20 events):
Event: 2.598 GC heap after
{Heap after GC invocations=14 (full 0):
 garbage-first heap   total 80896K, used 37888K [0x0000000084a00000, 0x0000000100000000)
  region size 1024K, 4 young (4096K), 4 survivors (4096K)
 Metaspace       used 46150K, committed 46464K, reserved 1114112K
  class space    used 5301K, committed 5440K, reserved 1048576K
}
Event: 2.909 GC heap before
{Heap before GC invocations=14 (full 0):
 garbage-first heap   total 80896K, used 64512K [0x0000000084a00000, 0x0000000100000000)
  region size 1024K, 31 young (31744K), 4 survivors (4096K)
 Metaspace       used 49427K, committed 49664K, reserved 1114112K
  class space    used 5709K, committed 5824K, reserved 1048576K
}
Event: 2.920 GC heap after
{Heap after GC invocations=15 (full 0):
 garbage-first heap   total 80896K, used 45568K [0x0000000084a00000, 0x0000000100000000)
  region size 1024K, 4 young (4096K), 4 survivors (4096K)
 Metaspace       used 49427K, committed 49664K, reserved 1114112K
  class space    used 5709K, committed 5824K, reserved 1048576K
}
Event: 3.188 GC heap before
{Heap before GC invocations=15 (full 0):
 garbage-first heap   total 80896K, used 67072K [0x0000000084a00000, 0x0000000100000000)
  region size 1024K, 25 young (25600K), 4 survivors (4096K)
 Metaspace       used 51520K, committed 51840K, reserved 1114112K
  class space    used 5933K, committed 6080K, reserved 1048576K
}
Event: 3.198 GC heap after
{Heap after GC invocations=16 (full 0):
 garbage-first heap   total 80896K, used 50064K [0x0000000084a00000, 0x0000000100000000)
  region size 1024K, 4 young (4096K), 4 survivors (4096K)
 Metaspace       used 51520K, committed 51840K, reserved 1114112K
  class space    used 5933K, committed 6080K, reserved 1048576K
}
Event: 3.452 GC heap before
{Heap before GC invocations=17 (full 0):
 garbage-first heap   total 83968K, used 67472K [0x0000000084a00000, 0x0000000100000000)
  region size 1024K, 22 young (22528K), 4 survivors (4096K)
 Metaspace       used 53303K, committed 53568K, reserved 1114112K
  class space    used 6161K, committed 6272K, reserved 1048576K
}
Event: 3.466 GC heap after
{Heap after GC invocations=18 (full 0):
 garbage-first heap   total 83968K, used 54221K [0x0000000084a00000, 0x0000000100000000)
  region size 1024K, 3 young (3072K), 3 survivors (3072K)
 Metaspace       used 53303K, committed 53568K, reserved 1114112K
  class space    used 6161K, committed 6272K, reserved 1048576K
}
Event: 3.662 GC heap before
{Heap before GC invocations=18 (full 0):
 garbage-first heap   total 83968K, used 72653K [0x0000000084a00000, 0x0000000100000000)
  region size 1024K, 21 young (21504K), 3 survivors (3072K)
 Metaspace       used 53789K, committed 54080K, reserved 1114112K
  class space    used 6209K, committed 6336K, reserved 1048576K
}
Event: 3.670 GC heap after
{Heap after GC invocations=19 (full 0):
 garbage-first heap   total 83968K, used 57278K [0x0000000084a00000, 0x0000000100000000)
  region size 1024K, 3 young (3072K), 3 survivors (3072K)
 Metaspace       used 53789K, committed 54080K, reserved 1114112K
  class space    used 6209K, committed 6336K, reserved 1048576K
}
Event: 4.017 GC heap before
{Heap before GC invocations=19 (full 0):
 garbage-first heap   total 83968K, used 73662K [0x0000000084a00000, 0x0000000100000000)
  region size 1024K, 19 young (19456K), 3 survivors (3072K)
 Metaspace       used 54826K, committed 55168K, reserved 1114112K
  class space    used 6302K, committed 6464K, reserved 1048576K
}
Event: 4.027 GC heap after
{Heap after GC invocations=20 (full 0):
 garbage-first heap   total 133120K, used 60314K [0x0000000084a00000, 0x0000000100000000)
  region size 1024K, 3 young (3072K), 3 survivors (3072K)
 Metaspace       used 54826K, committed 55168K, reserved 1114112K
  class space    used 6302K, committed 6464K, reserved 1048576K
}
Event: 4.779 GC heap before
{Heap before GC invocations=21 (full 0):
 garbage-first heap   total 133120K, used 107418K [0x0000000084a00000, 0x0000000100000000)
  region size 1024K, 50 young (51200K), 3 survivors (3072K)
 Metaspace       used 56656K, committed 56960K, reserved 1114112K
  class space    used 6422K, committed 6592K, reserved 1048576K
}
Event: 4.791 GC heap after
{Heap after GC invocations=22 (full 0):
 garbage-first heap   total 133120K, used 69236K [0x0000000084a00000, 0x0000000100000000)
  region size 1024K, 7 young (7168K), 7 survivors (7168K)
 Metaspace       used 56656K, committed 56960K, reserved 1114112K
  class space    used 6422K, committed 6592K, reserved 1048576K
}
Event: 5.161 GC heap before
{Heap before GC invocations=22 (full 0):
 garbage-first heap   total 133120K, used 108148K [0x0000000084a00000, 0x0000000100000000)
  region size 1024K, 45 young (46080K), 7 survivors (7168K)
 Metaspace       used 57034K, committed 57408K, reserved 1114112K
  class space    used 6431K, committed 6592K, reserved 1048576K
}
Event: 5.178 GC heap after
{Heap after GC invocations=23 (full 0):
 garbage-first heap   total 133120K, used 76800K [0x0000000084a00000, 0x0000000100000000)
  region size 1024K, 6 young (6144K), 6 survivors (6144K)
 Metaspace       used 57034K, committed 57408K, reserved 1114112K
  class space    used 6431K, committed 6592K, reserved 1048576K
}
Event: 5.253 GC heap before
{Heap before GC invocations=23 (full 0):
 garbage-first heap   total 133120K, used 112640K [0x0000000084a00000, 0x0000000100000000)
  region size 1024K, 41 young (41984K), 6 survivors (6144K)
 Metaspace       used 57038K, committed 57408K, reserved 1114112K
  class space    used 6431K, committed 6592K, reserved 1048576K
}
Event: 5.261 GC heap after
{Heap after GC invocations=24 (full 0):
 garbage-first heap   total 133120K, used 86016K [0x0000000084a00000, 0x0000000100000000)
  region size 1024K, 6 young (6144K), 6 survivors (6144K)
 Metaspace       used 57038K, committed 57408K, reserved 1114112K
  class space    used 6431K, committed 6592K, reserved 1048576K
}
Event: 5.314 GC heap before
{Heap before GC invocations=24 (full 0):
 garbage-first heap   total 133120K, used 115712K [0x0000000084a00000, 0x0000000100000000)
  region size 1024K, 35 young (35840K), 6 survivors (6144K)
 Metaspace       used 57038K, committed 57408K, reserved 1114112K
  class space    used 6431K, committed 6592K, reserved 1048576K
}
Event: 5.322 GC heap after
{Heap after GC invocations=25 (full 0):
 garbage-first heap   total 133120K, used 93696K [0x0000000084a00000, 0x0000000100000000)
  region size 1024K, 5 young (5120K), 5 survivors (5120K)
 Metaspace       used 57038K, committed 57408K, reserved 1114112K
  class space    used 6431K, committed 6592K, reserved 1048576K
}
Event: 5.388 GC heap before
{Heap before GC invocations=25 (full 0):
 garbage-first heap   total 155648K, used 117248K [0x0000000084a00000, 0x0000000100000000)
  region size 1024K, 29 young (29696K), 5 survivors (5120K)
 Metaspace       used 57038K, committed 57408K, reserved 1114112K
  class space    used 6431K, committed 6592K, reserved 1048576K
}

Dll operation events (3 events):
Event: 0.007 Loaded shared library C:\Program Files\Android\Android Studio\jbr\bin\java.dll
Event: 0.014 Loaded shared library C:\Program Files\Android\Android Studio\jbr\bin\zip.dll
Event: 0.794 Loaded shared library C:\Program Files\Android\Android Studio\jbr\bin\verify.dll

Deoptimization events (20 events):
Event: 4.621 Thread 0x0000023db12af7d0 Uncommon trap: trap_request=0xffffffde fr.pc=0x0000023dbe35ebf4 relative=0x00000000000008b4
Event: 4.621 Thread 0x0000023db12af7d0 Uncommon trap: reason=class_check action=maybe_recompile pc=0x0000023dbe35ebf4 method=org.jetbrains.kotlin.fir.resolve.LookupTagUtilsKt.toSymbol(Lorg/jetbrains/kotlin/fir/symbols/ConeClassLikeLookupTag;Lorg/jetbrains/kotlin/fir/FirSession;)Lorg/jetbrains/
Event: 4.621 Thread 0x0000023db12af7d0 DEOPT PACKING pc=0x0000023dbe35ebf4 sp=0x0000006c434f7f20
Event: 4.621 Thread 0x0000023db12af7d0 DEOPT UNPACKING pc=0x0000023dbdd57da2 sp=0x0000006c434f7ed0 mode 2
Event: 4.698 Thread 0x0000023db12af7d0 Uncommon trap: trap_request=0xffffff45 fr.pc=0x0000023dbe35eaa0 relative=0x0000000000000760
Event: 4.698 Thread 0x0000023db12af7d0 Uncommon trap: reason=unstable_if action=reinterpret pc=0x0000023dbe35eaa0 method=org.jetbrains.kotlin.fir.resolve.LookupTagUtilsKt.toSymbol(Lorg/jetbrains/kotlin/fir/symbols/ConeClassLikeLookupTag;Lorg/jetbrains/kotlin/fir/FirSession;)Lorg/jetbrains/kotl
Event: 4.698 Thread 0x0000023db12af7d0 DEOPT PACKING pc=0x0000023dbe35eaa0 sp=0x0000006c434f99b0
Event: 4.698 Thread 0x0000023db12af7d0 DEOPT UNPACKING pc=0x0000023dbdd57da2 sp=0x0000006c434f9950 mode 2
Event: 4.808 Thread 0x0000023db12af7d0 Uncommon trap: trap_request=0xffffff45 fr.pc=0x0000023dbe61ab84 relative=0x00000000000001a4
Event: 4.808 Thread 0x0000023db12af7d0 Uncommon trap: reason=unstable_if action=reinterpret pc=0x0000023dbe61ab84 method=org.jetbrains.kotlin.fir.types.ConeTypeContext.typeConstructor(Lorg/jetbrains/kotlin/types/model/SimpleTypeMarker;)Lorg/jetbrains/kotlin/types/model/TypeConstructorMarker; @
Event: 4.808 Thread 0x0000023db12af7d0 DEOPT PACKING pc=0x0000023dbe61ab84 sp=0x0000006c434f80e0
Event: 4.808 Thread 0x0000023db12af7d0 DEOPT UNPACKING pc=0x0000023dbdd57da2 sp=0x0000006c434f7ff0 mode 2
Event: 4.902 Thread 0x0000023db12af7d0 Uncommon trap: trap_request=0xffffffde fr.pc=0x0000023dbe5b5ee0 relative=0x00000000000017a0
Event: 4.902 Thread 0x0000023db12af7d0 Uncommon trap: reason=class_check action=maybe_recompile pc=0x0000023dbe5b5ee0 method=org.jetbrains.org.objectweb.asm.ClassReader.readElementValue(Lorg/jetbrains/org/objectweb/asm/AnnotationVisitor;ILjava/lang/String;[C)I @ 466 c2
Event: 4.902 Thread 0x0000023db12af7d0 DEOPT PACKING pc=0x0000023dbe5b5ee0 sp=0x0000006c434f51e0
Event: 4.902 Thread 0x0000023db12af7d0 DEOPT UNPACKING pc=0x0000023dbdd57da2 sp=0x0000006c434f5150 mode 2
Event: 5.127 Thread 0x0000023db12af7d0 Uncommon trap: trap_request=0xffffff5c fr.pc=0x0000023dbe6647d4 relative=0x00000000000000f4
Event: 5.127 Thread 0x0000023db12af7d0 Uncommon trap: reason=speculate_null_check action=make_not_entrant pc=0x0000023dbe6647d4 method=org.jetbrains.kotlin.com.intellij.openapi.vfs.VfsUtilCore.isAncestor(Lorg/jetbrains/kotlin/com/intellij/openapi/vfs/VirtualFile;Lorg/jetbrains/kotlin/com/intel
Event: 5.127 Thread 0x0000023db12af7d0 DEOPT PACKING pc=0x0000023dbe6647d4 sp=0x0000006c434f3cb0
Event: 5.127 Thread 0x0000023db12af7d0 DEOPT UNPACKING pc=0x0000023dbdd57da2 sp=0x0000006c434f3bd8 mode 2

Classes loaded (20 events):
Event: 2.171 Loading class java/text/CharacterIterator done
Event: 2.171 Loading class java/text/StringCharacterIterator done
Event: 2.236 Loading class java/util/ArrayList$SubList$1
Event: 2.236 Loading class java/util/ArrayList$SubList$1 done
Event: 2.483 Loading class java/util/AbstractList$ListItr
Event: 2.483 Loading class java/util/AbstractList$ListItr done
Event: 2.647 Loading class java/util/function/UnaryOperator
Event: 2.647 Loading class java/util/function/UnaryOperator done
Event: 2.738 Loading class java/util/function/ToIntFunction
Event: 2.738 Loading class java/util/function/ToIntFunction done
Event: 2.752 Loading class java/util/AbstractList$SubList$1
Event: 2.752 Loading class java/util/AbstractList$SubList$1 done
Event: 2.766 Loading class java/util/regex/Pattern$StartS
Event: 2.766 Loading class java/util/regex/Pattern$StartS done
Event: 3.621 Loading class java/util/AbstractMap$SimpleImmutableEntry
Event: 3.621 Loading class java/util/AbstractMap$SimpleImmutableEntry done
Event: 4.344 Loading class java/lang/Byte$ByteCache
Event: 4.344 Loading class java/lang/Byte$ByteCache done
Event: 4.597 Loading class java/util/RegularEnumSet$EnumSetIterator
Event: 4.598 Loading class java/util/RegularEnumSet$EnumSetIterator done

Classes unloaded (0 events):
No events

Classes redefined (0 events):
No events

Internal exceptions (20 events):
Event: 2.767 Thread 0x0000023db12af7d0 Exception <a 'java/lang/NoSuchMethodError'{0x0000000088b8ef08}: 'java.lang.Object java.lang.invoke.DirectMethodHandle$Holder.newInvokeSpecial(java.lang.Object, java.lang.Object, java.lang.Object, java.lang.Object, int)'> (0x0000000088b8ef08) 
thrown [s\src\hotspot\share\interpreter\linkResolver.cpp, line 784]
Event: 2.767 Thread 0x0000023db12af7d0 Exception <a 'java/lang/NoSuchMethodError'{0x0000000088b93600}: 'java.lang.Object java.lang.invoke.DirectMethodHandle$Holder.invokeSpecial(java.lang.Object, java.lang.Object, java.lang.Object, java.lang.Object, java.lang.Object, int)'> (0x0000000088b93600) 
thrown [s\src\hotspot\share\interpreter\linkResolver.cpp, line 784]
Event: 2.768 Thread 0x0000023db12af7d0 Exception <a 'java/lang/NoSuchMethodError'{0x0000000088b975f0}: 'java.lang.Object java.lang.invoke.Invokers$Holder.linkToTargetMethod(java.lang.Object, java.lang.Object, java.lang.Object, int, java.lang.Object)'> (0x0000000088b975f0) 
thrown [s\src\hotspot\share\interpreter\linkResolver.cpp, line 784]
Event: 3.045 Thread 0x0000023db12af7d0 Exception <a 'java/lang/NoSuchMethodError'{0x0000000088866ff8}: 'java.lang.Object java.lang.invoke.DirectMethodHandle$Holder.invokeStaticInit(java.lang.Object, java.lang.Object, java.lang.Object, java.lang.Object)'> (0x0000000088866ff8) 
thrown [s\src\hotspot\share\interpreter\linkResolver.cpp, line 784]
Event: 3.215 Thread 0x0000023db12af7d0 Exception <a 'java/lang/NoSuchMethodError'{0x000000008c5d0810}: 'java.lang.Object java.lang.invoke.DirectMethodHandle$Holder.newInvokeSpecial(java.lang.Object, java.lang.Object, java.lang.Object, java.lang.Object, java.lang.Object, java.lang.Object)'> (0x000000008c5d0810) 
thrown [s\src\hotspot\share\interpreter\linkResolver.cpp, line 784]
Event: 3.375 Thread 0x0000023db12af7d0 Exception <a 'java/lang/NoSuchMethodError'{0x0000000088a3a4b8}: 'java.lang.Object java.lang.invoke.DirectMethodHandle$Holder.newInvokeSpecial(java.lang.Object, int, java.lang.Object)'> (0x0000000088a3a4b8) 
thrown [s\src\hotspot\share\interpreter\linkResolver.cpp, line 784]
Event: 3.377 Thread 0x0000023db12af7d0 Exception <a 'java/lang/NoSuchMethodError'{0x0000000088a4e9d0}: 'java.lang.Object java.lang.invoke.DirectMethodHandle$Holder.newInvokeSpecial(java.lang.Object, java.lang.Object, java.lang.Object, java.lang.Object, int, java.lang.Object, java.lang.Object)'> (0x0000000088a4e9d0) 
thrown [s\src\hotspot\share\interpreter\linkResolver.cpp, line 784]
Event: 3.748 Thread 0x0000023db12af7d0 Exception <a 'java/lang/NoSuchMethodError'{0x00000000897b1778}: 'java.lang.Object java.lang.invoke.DirectMethodHandle$Holder.newInvokeSpecial(java.lang.Object, java.lang.Object, java.lang.Object, java.lang.Object, java.lang.Object, java.lang.Object, java.lang.Object, java.lang.Object, java.lang.Object)'> (0x00000000897b1778) 
thrown [s\src\hotspot\share\interpreter\linkResolver.cpp, line 784]
Event: 3.753 Thread 0x0000023db12af7d0 Exception <a 'java/lang/NoSuchMethodError'{0x00000000897edbd0}: 'java.lang.Object java.lang.invoke.DirectMethodHandle$Holder.newInvokeSpecial(java.lang.Object, java.lang.Object, java.lang.Object, int)'> (0x00000000897edbd0) 
thrown [s\src\hotspot\share\interpreter\linkResolver.cpp, line 784]
Event: 3.754 Thread 0x0000023db12af7d0 Exception <a 'java/lang/NoSuchMethodError'{0x00000000897f19d0}: 'java.lang.Object java.lang.invoke.DirectMethodHandle$Holder.invokeSpecial(java.lang.Object, java.lang.Object, java.lang.Object, java.lang.Object, int)'> (0x00000000897f19d0) 
thrown [s\src\hotspot\share\interpreter\linkResolver.cpp, line 784]
Event: 3.754 Thread 0x0000023db12af7d0 Exception <a 'java/lang/NoSuchMethodError'{0x00000000897f5118}: 'java.lang.Object java.lang.invoke.Invokers$Holder.linkToTargetMethod(java.lang.Object, java.lang.Object, int, java.lang.Object)'> (0x00000000897f5118) 
thrown [s\src\hotspot\share\interpreter\linkResolver.cpp, line 784]
Event: 3.758 Thread 0x0000023db12af7d0 Exception <a 'java/lang/NoSuchMethodError'{0x0000000089622c98}: 'java.lang.Object java.lang.invoke.DirectMethodHandle$Holder.invokeStatic(java.lang.Object, int, java.lang.Object, java.lang.Object)'> (0x0000000089622c98) 
thrown [s\src\hotspot\share\interpreter\linkResolver.cpp, line 784]
Event: 3.780 Thread 0x0000023db12af7d0 Exception <a 'java/lang/NoSuchMethodError'{0x00000000895ecfd0}: 'java.lang.Object java.lang.invoke.DirectMethodHandle$Holder.invokeStatic(java.lang.Object, java.lang.Object, java.lang.Object, int, java.lang.Object, java.lang.Object)'> (0x00000000895ecfd0) 
thrown [s\src\hotspot\share\interpreter\linkResolver.cpp, line 784]
Event: 3.936 Thread 0x0000023db12af7d0 Exception <a 'java/lang/NoSuchMethodError'{0x0000000088c0c3b8}: 'java.lang.Object java.lang.invoke.DirectMethodHandle$Holder.newInvokeSpecial(java.lang.Object, java.lang.Object, java.lang.Object, int, int)'> (0x0000000088c0c3b8) 
thrown [s\src\hotspot\share\interpreter\linkResolver.cpp, line 784]
Event: 4.082 Thread 0x0000023db12af7d0 Exception <a 'java/lang/NoSuchMethodError'{0x000000008c873238}: 'java.lang.Object java.lang.invoke.DirectMethodHandle$Holder.newInvokeSpecial(java.lang.Object, java.lang.Object, java.lang.Object, java.lang.Object, int, int)'> (0x000000008c873238) 
thrown [s\src\hotspot\share\interpreter\linkResolver.cpp, line 784]
Event: 4.083 Thread 0x0000023db12af7d0 Exception <a 'java/lang/NoSuchMethodError'{0x000000008c87ad68}: 'java.lang.Object java.lang.invoke.Invokers$Holder.linkToTargetMethod(java.lang.Object, java.lang.Object, java.lang.Object, int, int, java.lang.Object)'> (0x000000008c87ad68) 
thrown [s\src\hotspot\share\interpreter\linkResolver.cpp, line 784]
Event: 4.204 Thread 0x0000023db12af7d0 Exception <a 'java/lang/NoSuchMethodError'{0x000000008bd84888}: 'java.lang.Object java.lang.invoke.DirectMethodHandle$Holder.newInvokeSpecial(java.lang.Object, java.lang.Object, java.lang.Object, java.lang.Object, java.lang.Object, int)'> (0x000000008bd84888) 
thrown [s\src\hotspot\share\interpreter\linkResolver.cpp, line 784]
Event: 4.204 Thread 0x0000023db12af7d0 Exception <a 'java/lang/NoSuchMethodError'{0x000000008bd89560}: 'java.lang.Object java.lang.invoke.DirectMethodHandle$Holder.invokeSpecial(java.lang.Object, java.lang.Object, java.lang.Object, java.lang.Object, java.lang.Object, java.lang.Object, int)'> (0x000000008bd89560) 
thrown [s\src\hotspot\share\interpreter\linkResolver.cpp, line 784]
Event: 4.529 Thread 0x0000023db12af7d0 Exception <a 'java/lang/NoSuchMethodError'{0x000000008a4b3f10}: 'java.lang.Object java.lang.invoke.DirectMethodHandle$Holder.newInvokeSpecial(java.lang.Object, int, java.lang.Object, java.lang.Object, java.lang.Object)'> (0x000000008a4b3f10) 
thrown [s\src\hotspot\share\interpreter\linkResolver.cpp, line 784]
Event: 4.530 Thread 0x0000023db12af7d0 Exception <a 'java/lang/NoSuchMethodError'{0x000000008a4bbb20}: 'java.lang.Object java.lang.invoke.Invokers$Holder.linkToTargetMethod(int, java.lang.Object, java.lang.Object, java.lang.Object, java.lang.Object)'> (0x000000008a4bbb20) 
thrown [s\src\hotspot\share\interpreter\linkResolver.cpp, line 784]

ZGC Phase Switch (0 events):
No events

VM Operations (20 events):
Event: 4.576 Executing VM operation: HandshakeAllThreads (Deoptimize) done
Event: 4.576 Executing VM operation: HandshakeAllThreads (Deoptimize)
Event: 4.576 Executing VM operation: HandshakeAllThreads (Deoptimize) done
Event: 4.620 Executing VM operation: ICBufferFull
Event: 4.620 Executing VM operation: ICBufferFull done
Event: 4.692 Executing VM operation: HandshakeAllThreads (Deoptimize)
Event: 4.692 Executing VM operation: HandshakeAllThreads (Deoptimize) done
Event: 4.779 Executing VM operation: G1CollectForAllocation (G1 Evacuation Pause)
Event: 4.791 Executing VM operation: G1CollectForAllocation (G1 Evacuation Pause) done
Event: 4.952 Executing VM operation: ICBufferFull
Event: 4.952 Executing VM operation: ICBufferFull done
Event: 5.160 Executing VM operation: G1CollectForAllocation (G1 Evacuation Pause)
Event: 5.178 Executing VM operation: G1CollectForAllocation (G1 Evacuation Pause) done
Event: 5.253 Executing VM operation: G1CollectForAllocation (G1 Evacuation Pause)
Event: 5.261 Executing VM operation: G1CollectForAllocation (G1 Evacuation Pause) done
Event: 5.314 Executing VM operation: G1CollectForAllocation (G1 Evacuation Pause)
Event: 5.322 Executing VM operation: G1CollectForAllocation (G1 Evacuation Pause) done
Event: 5.369 Executing VM operation: G1PauseRemark
Event: 5.375 Executing VM operation: G1PauseRemark done
Event: 5.387 Executing VM operation: G1CollectForAllocation (G1 Evacuation Pause)

Memory protections (0 events):
No events

Nmethod flushes (20 events):
Event: 5.375 Thread 0x0000023dcb1dce00 flushing  nmethod 0x0000023db6c75d10
Event: 5.375 Thread 0x0000023dcb1dce00 flushing  nmethod 0x0000023db6c78690
Event: 5.375 Thread 0x0000023dcb1dce00 flushing  nmethod 0x0000023db6cde110
Event: 5.375 Thread 0x0000023dcb1dce00 flushing  nmethod 0x0000023db6cdf210
Event: 5.375 Thread 0x0000023dcb1dce00 flushing  nmethod 0x0000023db6ce7e90
Event: 5.375 Thread 0x0000023dcb1dce00 flushing  nmethod 0x0000023db6cf7010
Event: 5.375 Thread 0x0000023dcb1dce00 flushing  nmethod 0x0000023db6daef10
Event: 5.375 Thread 0x0000023dcb1dce00 flushing  nmethod 0x0000023db6db0890
Event: 5.375 Thread 0x0000023dcb1dce00 flushing  nmethod 0x0000023db6db2d90
Event: 5.375 Thread 0x0000023dcb1dce00 flushing  nmethod 0x0000023db6dbc090
Event: 5.375 Thread 0x0000023dcb1dce00 flushing  nmethod 0x0000023db6de4690
Event: 5.375 Thread 0x0000023dcb1dce00 flushing  nmethod 0x0000023db6e0b390
Event: 5.375 Thread 0x0000023dcb1dce00 flushing  nmethod 0x0000023db6e9a890
Event: 5.375 Thread 0x0000023dcb1dce00 flushing  nmethod 0x0000023db6f33d90
Event: 5.375 Thread 0x0000023dcb1dce00 flushing  nmethod 0x0000023db6f5a590
Event: 5.375 Thread 0x0000023dcb1dce00 flushing  nmethod 0x0000023db6fd9f90
Event: 5.375 Thread 0x0000023dcb1dce00 flushing  nmethod 0x0000023db6febf10
Event: 5.375 Thread 0x0000023dcb1dce00 flushing  nmethod 0x0000023db703fb10
Event: 5.375 Thread 0x0000023dcb1dce00 flushing  nmethod 0x0000023db719b910
Event: 5.375 Thread 0x0000023dcb1dce00 flushing  nmethod 0x0000023db7219190

Events (17 events):
Event: 0.013 Thread 0x0000023db12af7d0 Thread added: 0x0000023db12af7d0
Event: 0.059 Thread 0x0000023db12af7d0 Thread added: 0x0000023dcb203fb0
Event: 0.059 Thread 0x0000023db12af7d0 Thread added: 0x0000023dcb204cc0
Event: 0.060 Thread 0x0000023db12af7d0 Thread added: 0x0000023dcb2563d0
Event: 0.060 Thread 0x0000023db12af7d0 Thread added: 0x0000023dcb237a10
Event: 0.060 Thread 0x0000023db12af7d0 Thread added: 0x0000023dcb279e20
Event: 0.060 Thread 0x0000023db12af7d0 Thread added: 0x0000023dcb27a870
Event: 0.060 Thread 0x0000023db12af7d0 Thread added: 0x0000023dcb236710
Event: 0.061 Thread 0x0000023db12af7d0 Thread added: 0x0000023dcb2372d0
Event: 0.089 Thread 0x0000023db12af7d0 Thread added: 0x0000023dcb40dff0
Event: 0.094 Thread 0x0000023db12af7d0 Thread added: 0x0000023dcb40cf20
Event: 0.100 Loaded shared library C:\Program Files\Android\Android Studio\jbr\bin\net.dll
Event: 0.103 Loaded shared library C:\Program Files\Android\Android Studio\jbr\bin\nio.dll
Event: 0.117 Thread 0x0000023dcb236710 Thread added: 0x0000023dcb4a79f0
Event: 0.117 Thread 0x0000023dcb236710 Thread added: 0x0000023dcb4a82a0
Event: 0.126 Loaded shared library C:\Program Files\Android\Android Studio\jbr\bin\zip.dll
Event: 0.147 Loaded shared library C:\Program Files\Android\Android Studio\jbr\bin\jimage.dll


Dynamic libraries:
0x00007ff68fbf0000 - 0x00007ff68fbfa000 	C:\Program Files\Android\Android Studio\jbr\bin\java.exe
0x00007ffa38f90000 - 0x00007ffa391a7000 	C:\Windows\SYSTEM32\ntdll.dll
0x00007ffa37d50000 - 0x00007ffa37e14000 	C:\Windows\System32\KERNEL32.DLL
0x00007ffa365b0000 - 0x00007ffa36983000 	C:\Windows\System32\KERNELBASE.dll
0x00007ffa36350000 - 0x00007ffa36461000 	C:\Windows\System32\ucrtbase.dll
0x00007ffa25290000 - 0x00007ffa252a8000 	C:\Program Files\Android\Android Studio\jbr\bin\jli.dll
0x00007ffa214e0000 - 0x00007ffa214fb000 	C:\Program Files\Android\Android Studio\jbr\bin\VCRUNTIME140.dll
0x00007ffa37630000 - 0x00007ffa377e1000 	C:\Windows\System32\USER32.dll
0x00007ffa36b80000 - 0x00007ffa36ba6000 	C:\Windows\System32\win32u.dll
0x00007ffa38ed0000 - 0x00007ffa38ef9000 	C:\Windows\System32\GDI32.dll
0x00007ffa36990000 - 0x00007ffa36aab000 	C:\Windows\System32\gdi32full.dll
0x00007ffa36ab0000 - 0x00007ffa36b4a000 	C:\Windows\System32\msvcp_win.dll
0x00007ffa1e120000 - 0x00007ffa1e3b8000 	C:\Windows\WinSxS\amd64_microsoft.windows.common-controls_6595b64144ccf1df_6.0.22621.5124_none_270e8f4f7386d69d\COMCTL32.dll
0x00007ffa36e00000 - 0x00007ffa36ea7000 	C:\Windows\System32\msvcrt.dll
0x00007ffa38f00000 - 0x00007ffa38f31000 	C:\Windows\System32\IMM32.DLL
0x00007ffa30270000 - 0x00007ffa3027c000 	C:\Program Files\Android\Android Studio\jbr\bin\vcruntime140_1.dll
0x00007ff9fb130000 - 0x00007ff9fb1bd000 	C:\Program Files\Android\Android Studio\jbr\bin\msvcp140.dll
0x00007ff9d0c10000 - 0x00007ff9d189a000 	C:\Program Files\Android\Android Studio\jbr\bin\server\jvm.dll
0x00007ffa38d80000 - 0x00007ffa38e31000 	C:\Windows\System32\ADVAPI32.dll
0x00007ffa37f00000 - 0x00007ffa37fa8000 	C:\Windows\System32\sechost.dll
0x00007ffa36b50000 - 0x00007ffa36b78000 	C:\Windows\System32\bcrypt.dll
0x00007ffa38190000 - 0x00007ffa382a4000 	C:\Windows\System32\RPCRT4.dll
0x00007ffa38460000 - 0x00007ffa384d1000 	C:\Windows\System32\WS2_32.dll
0x00007ffa35280000 - 0x00007ffa352cd000 	C:\Windows\SYSTEM32\POWRPROF.dll
0x00007ffa31b30000 - 0x00007ffa31b3a000 	C:\Windows\SYSTEM32\VERSION.dll
0x00007ffa2d3e0000 - 0x00007ffa2d414000 	C:\Windows\SYSTEM32\WINMM.dll
0x00007ffa35260000 - 0x00007ffa35273000 	C:\Windows\SYSTEM32\UMPDC.dll
0x00007ffa35140000 - 0x00007ffa35158000 	C:\Windows\SYSTEM32\kernel.appcore.dll
0x00007ffa2f820000 - 0x00007ffa2f82a000 	C:\Program Files\Android\Android Studio\jbr\bin\jimage.dll
0x00007ffa33a90000 - 0x00007ffa33cc2000 	C:\Windows\SYSTEM32\DBGHELP.DLL
0x00007ffa379b0000 - 0x00007ffa37d42000 	C:\Windows\System32\combase.dll
0x00007ffa36eb0000 - 0x00007ffa36f87000 	C:\Windows\System32\OLEAUT32.dll
0x00007ffa03320000 - 0x00007ffa03352000 	C:\Windows\SYSTEM32\dbgcore.DLL
0x00007ffa362d0000 - 0x00007ffa3634b000 	C:\Windows\System32\bcryptPrimitives.dll
0x00007ffa20860000 - 0x00007ffa20880000 	C:\Program Files\Android\Android Studio\jbr\bin\java.dll
0x00007ffa1f820000 - 0x00007ffa1f838000 	C:\Program Files\Android\Android Studio\jbr\bin\zip.dll
0x00007ffa384e0000 - 0x00007ffa38d76000 	C:\Windows\System32\SHELL32.dll
0x00007ffa36470000 - 0x00007ffa365af000 	C:\Windows\System32\wintypes.dll
0x00007ffa33f70000 - 0x00007ffa3488a000 	C:\Windows\SYSTEM32\windows.storage.dll
0x00007ffa36f90000 - 0x00007ffa3709a000 	C:\Windows\System32\SHCORE.dll
0x00007ffa37e20000 - 0x00007ffa37e83000 	C:\Windows\System32\shlwapi.dll
0x00007ffa35fd0000 - 0x00007ffa35ffb000 	C:\Windows\SYSTEM32\profapi.dll
0x00007ffa2e340000 - 0x00007ffa2e350000 	C:\Program Files\Android\Android Studio\jbr\bin\net.dll
0x00007ffa304c0000 - 0x00007ffa305ec000 	C:\Windows\SYSTEM32\WINHTTP.dll
0x00007ffa35640000 - 0x00007ffa356aa000 	C:\Windows\system32\mswsock.dll
0x00007ffa1f800000 - 0x00007ffa1f816000 	C:\Program Files\Android\Android Studio\jbr\bin\nio.dll
0x00007ffa22610000 - 0x00007ffa22620000 	C:\Program Files\Android\Android Studio\jbr\bin\verify.dll

dbghelp: loaded successfully - version: 4.0.5 - missing functions: none
symbol engine: initialized successfully - sym options: 0x614 - pdb path: .;C:\Program Files\Android\Android Studio\jbr\bin;C:\Windows\SYSTEM32;C:\Windows\WinSxS\amd64_microsoft.windows.common-controls_6595b64144ccf1df_6.0.22621.5124_none_270e8f4f7386d69d;C:\Program Files\Android\Android Studio\jbr\bin\server

VM Arguments:
java_command: org.jetbrains.kotlin.cli.jvm.K2JVMCompiler @C:\Users\MSI MODERN\AndroidStudioProjects\SetoranHafalanDosen\app\build\20250611_6232495251268158768.compiler.options
java_class_path (initial): C:\Users\MSI MODERN\.gradle\caches\modules-2\files-2.1\org.jetbrains.kotlin\kotlin-compiler-embeddable\2.0.0\1de310de3446414381282ffc46c3ed3919a4d1da\kotlin-compiler-embeddable-2.0.0.jar;C:\Users\MSI MODERN\.gradle\caches\modules-2\files-2.1\org.jetbrains.kotlin\kotlin-stdlib\2.0.0\b48df2c4aede9586cc931ead433bc02d6fd7879e\kotlin-stdlib-2.0.0.jar;C:\Users\MSI MODERN\.gradle\caches\modules-2\files-2.1\org.jetbrains.kotlin\kotlin-script-runtime\2.0.0\fdc27dd047d592fa41d2dfa21e7621287a361612\kotlin-script-runtime-2.0.0.jar;C:\Users\MSI MODERN\.gradle\caches\modules-2\files-2.1\org.jetbrains.kotlin\kotlin-reflect\1.6.10\1cbe9c92c12a94eea200d23c2bbaedaf3daf5132\kotlin-reflect-1.6.10.jar;C:\Users\MSI MODERN\.gradle\caches\modules-2\files-2.1\org.jetbrains.kotlin\kotlin-daemon-embeddable\2.0.0\b39c612768614c4428c96ee9c65477181fffe9d\kotlin-daemon-embeddable-2.0.0.jar;C:\Users\MSI MODERN\.gradle\caches\modules-2\files-2.1\org.jetbrains.intellij.deps\trove4j\1.0.20200330\3afb14d5f9ceb459d724e907a21145e8ff394f02\trove4j-1.0.20200330.jar;C:\Users\MSI MODERN\.gradle\caches\modules-2\files-2.1\org.jetbrains\annotations\13.0\919f0dfe192fb4e063e7dacadee7f8bb9a2672a9\annotations-13.0.jar
Launcher Type: SUN_STANDARD

[Global flags]
     intx CICompilerCount                          = 4                                         {product} {ergonomic}
     uint ConcGCThreads                            = 3                                         {product} {ergonomic}
     uint G1ConcRefinementThreads                  = 10                                        {product} {ergonomic}
   size_t G1HeapRegionSize                         = 1048576                                   {product} {ergonomic}
    uintx GCDrainStackTargetSize                   = 64                                        {product} {ergonomic}
   size_t InitialHeapSize                          = 130023424                                 {product} {ergonomic}
   size_t MarkStackSize                            = 4194304                                   {product} {ergonomic}
   size_t MaxHeapSize                              = 2069889024                                {product} {ergonomic}
   size_t MaxNewSize                               = 1241513984                                {product} {ergonomic}
   size_t MinHeapDeltaBytes                        = 1048576                                   {product} {ergonomic}
   size_t MinHeapSize                              = 8388608                                   {product} {ergonomic}
    uintx NonNMethodCodeHeapSize                   = 5839372                                {pd product} {ergonomic}
    uintx NonProfiledCodeHeapSize                  = 122909434                              {pd product} {ergonomic}
    uintx ProfiledCodeHeapSize                     = 122909434                              {pd product} {ergonomic}
    uintx ReservedCodeCacheSize                    = 251658240                              {pd product} {ergonomic}
     bool SegmentedCodeCache                       = true                                      {product} {ergonomic}
   size_t SoftMaxHeapSize                          = 2069889024                             {manageable} {ergonomic}
     bool UseCompressedOops                        = true                           {product lp64_product} {ergonomic}
     bool UseG1GC                                  = true                                      {product} {ergonomic}
     bool UseLargePagesIndividualAllocation        = false                                  {pd product} {ergonomic}

Logging:
Log output configuration:
 #0: stdout all=warning uptime,level,tags foldmultilines=false
 #1: stderr all=off uptime,level,tags foldmultilines=false

Environment Variables:
JAVA_HOME=C:\Program Files\Java\jdk-23
PATH=C:\Program Files\Common Files\Oracle\Java\javapath;C:\app\MSIMODERN\Oracle\dbhomeXE\bin;D:\App\dbhomeXE\bin;C:\app\MSIMODERN\dbhomeXE\bin;C:\Windows\system32;C:\Windows;C:\Windows\System32\Wbem;C:\Windows\System32\WindowsPowerShell\v1.0\;C:\Windows\System32\OpenSSH\;C:\Program Files (x86)\NVIDIA Corporation\PhysX\Common;C:\Program Files\NVIDIA Corporation\NVIDIA NvDLISR;C:\Program Files\Git\cmd;C:\app\MSIMODERN\dbhomeXE\bin;C:\Program Files\Java\jdk-23\bin;D:\App\dbhomeXE\bin;C:\Windows\system32;C:\Windows;C:\Windows\System32\Wbem;C:\Windows\System32\WindowsPowerShell\v1.0\;C:\Windows\System32\OpenSSH\;C:\Program Files (x86)\NVIDIA Corporation\PhysX\Common;C:\Program Files\NVIDIA Corporation\NVIDIA NvDLISR;C:\Program Files\Git\cmd;C:\Users\MSI MODERN\AppData\Local\Microsoft\WindowsApps;C:\Users\MSI MODERN\AppData\Local\Programs\Microsoft VS Code\bin;C:\Program Files\Java\jdk-23\bin;
USERNAME=MSI MODERN
OS=Windows_NT
PROCESSOR_IDENTIFIER=Intel64 Family 6 Model 141 Stepping 1, GenuineIntel
TMP=C:\Users\MSIMOD~1\AppData\Local\Temp
TEMP=C:\Users\MSIMOD~1\AppData\Local\Temp




Periodic native trim disabled

JNI global refs:
JNI global refs: 13, weak refs: 6

JNI global refs memory usage: 835, weak refs: 833

Process memory usage:
Resident Set Size: 366092K (4% of 8083116K total physical memory with 436892K free physical memory)

OOME stack traces (most recent first):
Classloader memory used:
Loader jdk.internal.loader.ClassLoaders$AppClassLoader                                 : 45859K
Loader bootstrap                                                                       : 10946K
Loader java.net.URLClassLoader                                                         : 232K

---------------  S Y S T E M  ---------------

OS:
 Windows 11 , 64 bit Build 22621 (10.0.22621.5124)
OS uptime: 26 days 6:47 hours
Hyper-V role detected

CPU: total 12 (initial active 12) (6 cores per cpu, 2 threads per core) family 6 model 141 stepping 1 microcode 0x34, cx8, cmov, fxsr, ht, mmx, 3dnowpref, sse, sse2, sse3, ssse3, sse4.1, sse4.2, popcnt, lzcnt, tsc, tscinvbit, avx, avx2, aes, erms, clmul, bmi1, bmi2, adx, avx512f, avx512dq, avx512cd, avx512bw, avx512vl, sha, fma, vzeroupper, avx512_vpopcntdq, avx512_vpclmulqdq, avx512_vaes, avx512_vnni, clflush, clflushopt, clwb, avx512_vbmi2, avx512_vbmi, hv, rdtscp, rdpid, fsrm, gfni, avx512_bitalg, f16c, cet_ibt, cet_ss, avx512_ifma
Processor Information for all 12 processors :
  Max Mhz: 2688, Current Mhz: 2688, Mhz Limit: 2688

Memory: 4k page, system-wide physical 7893M (426M free)
TotalPageFile size 16085M (AvailPageFile size 90M)
current process WorkingSet (physical memory assigned to process): 357M, peak: 361M
current process commit charge ("private bytes"): 386M, peak: 504M

vm_info: OpenJDK 64-Bit Server VM (21.0.5+-13047016-b750.29) for windows-amd64 JRE (21.0.5+-13047016-b750.29), built on 2025-02-11T21:12:39Z by "builder" with MS VC++ 16.10 / 16.11 (VS2019)

END.
